{"/Users/baba/Documents/Work/wd/lib/main.js":{"path":"/Users/baba/Documents/Work/wd/lib/main.js","s":{"1":1,"2":1,"3":1,"4":1,"5":1,"6":1,"7":1,"8":1,"9":1,"10":1,"11":1,"12":80,"13":80,"14":3,"15":3,"16":80,"17":1,"18":1,"19":80,"20":1,"21":1,"22":80,"23":1,"24":1,"25":80,"26":5,"27":5,"28":80,"29":4,"30":4,"31":4,"32":80,"33":80,"34":80,"35":1,"36":80,"37":1,"38":96,"39":96,"40":20,"41":76,"42":16,"43":60,"44":96,"45":16,"46":16,"47":96,"48":1,"49":37,"50":37,"51":37,"52":1,"53":1,"54":1,"55":1,"56":1,"57":28,"58":34,"59":34,"60":34,"61":34,"62":28,"63":1,"64":8,"65":8,"66":8,"67":8,"68":8,"69":1,"70":26,"71":26,"72":26,"73":1,"74":60,"75":60,"76":60,"77":1,"78":8,"79":8,"80":8,"81":1,"82":51,"83":51,"84":51,"85":1,"86":1,"87":0,"88":0,"89":26},"b":{"1":[3,77],"2":[80,8,4],"3":[1,79],"4":[1,79],"5":[1,79],"6":[5,75],"7":[4,76],"8":[80,4],"9":[1,79],"10":[20,76],"11":[16,60],"12":[76,19],"13":[16,80],"14":[16,0],"15":[16,16],"16":[36,1],"17":[26,8],"18":[6,2],"19":[8,0],"20":[51,0]},"f":{"1":80,"2":96,"3":37,"4":1,"5":28,"6":34,"7":8,"8":8,"9":26,"10":60,"11":8,"12":51,"13":0,"14":26},"fnMap":{"1":{"name":"buildConfigUrl","line":15,"loc":{"start":{"line":15,"column":0},"end":{"line":16,"column":0}}},"2":{"name":"(anonymous_2)","line":73,"loc":{"start":{"line":73,"column":26},"end":{"line":73,"column":41}}},"3":{"name":"remote","line":105,"loc":{"start":{"line":105,"column":0},"end":{"line":105,"column":18}}},"4":{"name":"wrap","line":115,"loc":{"start":{"line":115,"column":0},"end":{"line":115,"column":16}}},"5":{"name":"addPromiseChainMethod","line":122,"loc":{"start":{"line":122,"column":0},"end":{"line":122,"column":45}}},"6":{"name":"(anonymous_6)","line":123,"loc":{"start":{"line":123,"column":22},"end":{"line":123,"column":33}}},"7":{"name":"addPromiseMethod","line":132,"loc":{"start":{"line":132,"column":0},"end":{"line":132,"column":40}}},"8":{"name":"(anonymous_8)","line":133,"loc":{"start":{"line":133,"column":22},"end":{"line":133,"column":33}}},"9":{"name":"addAsyncMethod","line":141,"loc":{"start":{"line":141,"column":0},"end":{"line":141,"column":38}}},"10":{"name":"removeMethod","line":147,"loc":{"start":{"line":147,"column":0},"end":{"line":147,"column":28}}},"11":{"name":"promiseRemote","line":154,"loc":{"start":{"line":154,"column":0},"end":{"line":154,"column":25}}},"12":{"name":"promiseChainRemote","line":161,"loc":{"start":{"line":161,"column":0},"end":{"line":161,"column":30}}},"13":{"name":"(anonymous_13)","line":185,"loc":{"start":{"line":185,"column":10},"end":{"line":185,"column":21}}},"14":{"name":"(anonymous_14)","line":202,"loc":{"start":{"line":202,"column":17},"end":{"line":202,"column":28}}}},"statementMap":{"1":{"start":{"line":1,"column":0},"end":{"line":1,"column":36}},"2":{"start":{"line":2,"column":0},"end":{"line":2,"column":25}},"3":{"start":{"line":3,"column":0},"end":{"line":3,"column":45}},"4":{"start":{"line":4,"column":0},"end":{"line":4,"column":39}},"5":{"start":{"line":5,"column":0},"end":{"line":5,"column":31}},"6":{"start":{"line":6,"column":0},"end":{"line":6,"column":34}},"7":{"start":{"line":7,"column":0},"end":{"line":7,"column":33}},"8":{"start":{"line":8,"column":0},"end":{"line":8,"column":26}},"9":{"start":{"line":9,"column":0},"end":{"line":9,"column":21}},"10":{"start":{"line":11,"column":0},"end":{"line":13,"column":2}},"11":{"start":{"line":15,"column":0},"end":{"line":70,"column":1}},"12":{"start":{"line":17,"column":2},"end":{"line":17,"column":44}},"13":{"start":{"line":20,"column":2},"end":{"line":24,"column":3}},"14":{"start":{"line":22,"column":4},"end":{"line":22,"column":40}},"15":{"start":{"line":23,"column":4},"end":{"line":23,"column":26}},"16":{"start":{"line":27,"column":2},"end":{"line":30,"column":3}},"17":{"start":{"line":28,"column":4},"end":{"line":28,"column":40}},"18":{"start":{"line":29,"column":4},"end":{"line":29,"column":30}},"19":{"start":{"line":33,"column":2},"end":{"line":36,"column":3}},"20":{"start":{"line":34,"column":4},"end":{"line":34,"column":40}},"21":{"start":{"line":35,"column":4},"end":{"line":35,"column":31}},"22":{"start":{"line":39,"column":2},"end":{"line":42,"column":3}},"23":{"start":{"line":40,"column":4},"end":{"line":40,"column":34}},"24":{"start":{"line":41,"column":4},"end":{"line":41,"column":27}},"25":{"start":{"line":45,"column":2},"end":{"line":48,"column":3}},"26":{"start":{"line":46,"column":4},"end":{"line":46,"column":40}},"27":{"start":{"line":47,"column":4},"end":{"line":47,"column":26}},"28":{"start":{"line":51,"column":2},"end":{"line":55,"column":3}},"29":{"start":{"line":52,"column":4},"end":{"line":52,"column":58}},"30":{"start":{"line":53,"column":4},"end":{"line":53,"column":26}},"31":{"start":{"line":54,"column":4},"end":{"line":54,"column":25}},"32":{"start":{"line":57,"column":2},"end":{"line":62,"column":5}},"33":{"start":{"line":65,"column":2},"end":{"line":65,"column":54}},"34":{"start":{"line":66,"column":2},"end":{"line":68,"column":3}},"35":{"start":{"line":67,"column":4},"end":{"line":67,"column":75}},"36":{"start":{"line":69,"column":2},"end":{"line":69,"column":16}},"37":{"start":{"line":73,"column":0},"end":{"line":97,"column":2}},"38":{"start":{"line":74,"column":2},"end":{"line":74,"column":13}},"39":{"start":{"line":75,"column":2},"end":{"line":86,"column":3}},"40":{"start":{"line":76,"column":4},"end":{"line":76,"column":39}},"41":{"start":{"line":77,"column":9},"end":{"line":86,"column":3}},"42":{"start":{"line":78,"column":4},"end":{"line":78,"column":32}},"43":{"start":{"line":80,"column":4},"end":{"line":85,"column":8}},"44":{"start":{"line":89,"column":2},"end":{"line":94,"column":3}},"45":{"start":{"line":91,"column":4},"end":{"line":93,"column":5}},"46":{"start":{"line":92,"column":6},"end":{"line":92,"column":84}},"47":{"start":{"line":96,"column":2},"end":{"line":96,"column":16}},"48":{"start":{"line":105,"column":0},"end":{"line":110,"column":1}},"49":{"start":{"line":106,"column":2},"end":{"line":106,"column":69}},"50":{"start":{"line":107,"column":2},"end":{"line":107,"column":38}},"51":{"start":{"line":109,"column":2},"end":{"line":109,"column":36}},"52":{"start":{"line":113,"column":0},"end":{"line":113,"column":44}},"53":{"start":{"line":115,"column":0},"end":{"line":118,"column":1}},"54":{"start":{"line":116,"column":2},"end":{"line":116,"column":78}},"55":{"start":{"line":117,"column":2},"end":{"line":117,"column":82}},"56":{"start":{"line":122,"column":0},"end":{"line":130,"column":1}},"57":{"start":{"line":123,"column":2},"end":{"line":128,"column":4}},"58":{"start":{"line":124,"column":4},"end":{"line":124,"column":71}},"59":{"start":{"line":125,"column":4},"end":{"line":125,"column":50}},"60":{"start":{"line":126,"column":4},"end":{"line":126,"column":26}},"61":{"start":{"line":127,"column":4},"end":{"line":127,"column":19}},"62":{"start":{"line":129,"column":2},"end":{"line":129,"column":56}},"63":{"start":{"line":132,"column":0},"end":{"line":139,"column":1}},"64":{"start":{"line":133,"column":2},"end":{"line":136,"column":4}},"65":{"start":{"line":134,"column":4},"end":{"line":134,"column":71}},"66":{"start":{"line":135,"column":4},"end":{"line":135,"column":43}},"67":{"start":{"line":137,"column":2},"end":{"line":137,"column":51}},"68":{"start":{"line":138,"column":2},"end":{"line":138,"column":38}},"69":{"start":{"line":141,"column":0},"end":{"line":145,"column":1}},"70":{"start":{"line":142,"column":2},"end":{"line":142,"column":37}},"71":{"start":{"line":143,"column":2},"end":{"line":143,"column":73}},"72":{"start":{"line":144,"column":2},"end":{"line":144,"column":83}},"73":{"start":{"line":147,"column":0},"end":{"line":151,"column":1}},"74":{"start":{"line":148,"column":2},"end":{"line":148,"column":35}},"75":{"start":{"line":149,"column":2},"end":{"line":149,"column":42}},"76":{"start":{"line":150,"column":2},"end":{"line":150,"column":47}},"77":{"start":{"line":154,"column":0},"end":{"line":158,"column":1}},"78":{"start":{"line":155,"column":2},"end":{"line":155,"column":69}},"79":{"start":{"line":156,"column":2},"end":{"line":156,"column":38}},"80":{"start":{"line":157,"column":2},"end":{"line":157,"column":35}},"81":{"start":{"line":161,"column":0},"end":{"line":165,"column":1}},"82":{"start":{"line":162,"column":2},"end":{"line":162,"column":69}},"83":{"start":{"line":163,"column":2},"end":{"line":163,"column":38}},"84":{"start":{"line":164,"column":2},"end":{"line":164,"column":40}},"85":{"start":{"line":168,"column":0},"end":{"line":168,"column":7}},"86":{"start":{"line":170,"column":0},"end":{"line":251,"column":2}},"87":{"start":{"line":186,"column":4},"end":{"line":187,"column":63}},"88":{"start":{"line":188,"column":4},"end":{"line":188,"column":11}},"89":{"start":{"line":202,"column":30},"end":{"line":202,"column":66}}},"branchMap":{"1":{"line":20,"type":"if","locations":[{"start":{"line":20,"column":2},"end":{"line":20,"column":2}},{"start":{"line":20,"column":2},"end":{"line":20,"column":2}}]},"2":{"line":20,"type":"binary-expr","locations":[{"start":{"line":20,"column":6},"end":{"line":20,"column":20}},{"start":{"line":20,"column":25},"end":{"line":20,"column":56}},{"start":{"line":20,"column":61},"end":{"line":20,"column":75}}]},"3":{"line":27,"type":"if","locations":[{"start":{"line":27,"column":2},"end":{"line":27,"column":2}},{"start":{"line":27,"column":2},"end":{"line":27,"column":2}}]},"4":{"line":33,"type":"if","locations":[{"start":{"line":33,"column":2},"end":{"line":33,"column":2}},{"start":{"line":33,"column":2},"end":{"line":33,"column":2}}]},"5":{"line":39,"type":"if","locations":[{"start":{"line":39,"column":2},"end":{"line":39,"column":2}},{"start":{"line":39,"column":2},"end":{"line":39,"column":2}}]},"6":{"line":45,"type":"if","locations":[{"start":{"line":45,"column":2},"end":{"line":45,"column":2}},{"start":{"line":45,"column":2},"end":{"line":45,"column":2}}]},"7":{"line":51,"type":"if","locations":[{"start":{"line":51,"column":2},"end":{"line":51,"column":2}},{"start":{"line":51,"column":2},"end":{"line":51,"column":2}}]},"8":{"line":51,"type":"binary-expr","locations":[{"start":{"line":51,"column":5},"end":{"line":51,"column":19}},{"start":{"line":51,"column":23},"end":{"line":51,"column":36}}]},"9":{"line":66,"type":"if","locations":[{"start":{"line":66,"column":2},"end":{"line":66,"column":2}},{"start":{"line":66,"column":2},"end":{"line":66,"column":2}}]},"10":{"line":75,"type":"if","locations":[{"start":{"line":75,"column":2},"end":{"line":75,"column":2}},{"start":{"line":75,"column":2},"end":{"line":75,"column":2}}]},"11":{"line":77,"type":"if","locations":[{"start":{"line":77,"column":9},"end":{"line":77,"column":9}},{"start":{"line":77,"column":9},"end":{"line":77,"column":9}}]},"12":{"line":77,"type":"binary-expr","locations":[{"start":{"line":77,"column":13},"end":{"line":77,"column":42}},{"start":{"line":77,"column":47},"end":{"line":77,"column":76}}]},"13":{"line":89,"type":"if","locations":[{"start":{"line":89,"column":2},"end":{"line":89,"column":2}},{"start":{"line":89,"column":2},"end":{"line":89,"column":2}}]},"14":{"line":91,"type":"if","locations":[{"start":{"line":91,"column":4},"end":{"line":91,"column":4}},{"start":{"line":91,"column":4},"end":{"line":91,"column":4}}]},"15":{"line":91,"type":"binary-expr","locations":[{"start":{"line":91,"column":7},"end":{"line":91,"column":33}},{"start":{"line":91,"column":37},"end":{"line":91,"column":65}}]},"16":{"line":106,"type":"cond-expr","locations":[{"start":{"line":106,"column":37},"end":{"line":106,"column":63}},{"start":{"line":106,"column":66},"end":{"line":106,"column":68}}]},"17":{"line":124,"type":"cond-expr","locations":[{"start":{"line":124,"column":39},"end":{"line":124,"column":65}},{"start":{"line":124,"column":68},"end":{"line":124,"column":70}}]},"18":{"line":134,"type":"cond-expr","locations":[{"start":{"line":134,"column":39},"end":{"line":134,"column":65}},{"start":{"line":134,"column":68},"end":{"line":134,"column":70}}]},"19":{"line":155,"type":"cond-expr","locations":[{"start":{"line":155,"column":37},"end":{"line":155,"column":63}},{"start":{"line":155,"column":66},"end":{"line":155,"column":68}}]},"20":{"line":162,"type":"cond-expr","locations":[{"start":{"line":162,"column":37},"end":{"line":162,"column":63}},{"start":{"line":162,"column":66},"end":{"line":162,"column":68}}]}}},"/Users/baba/Documents/Work/wd/lib/special-keys.js":{"path":"/Users/baba/Documents/Work/wd/lib/special-keys.js","s":{"1":1,"2":1},"b":{},"f":{},"fnMap":{},"statementMap":{"1":{"start":{"line":1,"column":0},"end":{"line":59,"column":2}},"2":{"start":{"line":61,"column":0},"end":{"line":61,"column":30}}},"branchMap":{}},"/Users/baba/Documents/Work/wd/lib/webdriver.js":{"path":"/Users/baba/Documents/Work/wd/lib/webdriver.js","s":{"1":1,"2":1,"3":1,"4":1,"5":1,"6":1,"7":1,"8":1,"9":1,"10":1,"11":1,"12":1,"13":1,"14":1,"15":1,"16":1,"17":1,"18":96,"19":96,"20":96,"21":96,"22":96,"23":23,"24":96,"25":1,"26":1,"27":1,"28":69,"29":69,"30":69,"31":1,"32":1997,"33":1997,"34":1997,"35":1997,"36":1997,"37":1997,"38":1923,"39":1997,"40":3,"41":1997,"42":1997,"43":1,"44":30,"45":660,"46":30,"47":1,"48":31,"49":31,"50":92,"51":31,"52":2,"53":2,"54":31,"55":1,"56":1311,"57":1,"58":1,"59":659,"60":659,"61":659,"62":659,"63":0,"64":659,"65":622,"66":37,"67":37,"68":37,"69":37,"70":37,"71":33,"72":4,"73":4,"74":4,"75":4,"76":4,"77":0,"78":1,"79":1338,"80":1338,"81":1338,"82":1338,"83":0,"84":1338,"85":1338,"86":1338,"87":1,"88":1337,"89":1337,"90":1337,"91":1337,"92":26,"93":26,"94":26,"95":26,"96":26,"97":1311,"98":1,"99":723,"100":723,"101":723,"102":723,"103":4,"104":719,"105":0,"106":719,"107":4,"108":715,"109":54,"110":62,"111":0,"112":719,"113":1,"114":434,"115":434,"116":434,"117":434,"118":22,"119":412,"120":0,"121":412,"122":0,"123":412,"124":412,"125":1,"126":181,"127":181,"128":181,"129":181,"130":1,"131":180,"132":0,"133":180,"134":0,"135":180,"136":180,"137":118,"138":118,"139":180,"140":1,"141":2066,"142":2066,"143":2066,"144":2066,"145":2066,"146":2066,"147":1987,"148":2066,"149":2066,"150":2066,"151":1402,"152":1402,"153":1402,"154":2066,"155":1,"156":1997,"157":0,"158":1997,"159":1997,"160":9121003,"161":9121003,"162":1997,"163":1,"164":2080,"165":2080,"166":2080,"167":2080,"168":2080,"169":0,"170":0,"171":0,"172":2080,"173":1,"174":69,"175":69,"176":69,"177":69,"178":69,"179":69,"180":69,"181":69,"182":69,"183":69,"184":69,"185":69,"186":0,"187":69,"188":69,"189":69,"190":61,"191":61,"192":61,"193":69,"194":8,"195":8,"196":8,"197":69,"198":69,"199":69,"200":69,"201":0,"202":0,"203":0,"204":0,"205":0,"206":0,"207":0,"208":0,"209":0,"210":0,"211":1,"212":1997,"213":1997,"214":1997,"215":1997,"216":1997,"217":67,"218":67,"219":67,"220":67,"221":67,"222":67,"223":1997,"224":1997,"225":1997,"226":1997,"227":1997,"228":1997,"229":1997,"230":0,"231":1997,"232":1997,"233":1,"234":162,"235":0,"236":162,"237":1,"238":1,"239":1,"240":1,"241":1,"242":2,"243":2,"244":1,"245":2,"246":2,"247":2,"248":2,"249":1,"250":1,"251":8,"252":8,"253":8,"254":1,"255":1,"256":1,"257":1,"258":1,"259":0,"260":1,"261":1,"262":1,"263":1,"264":4,"265":4,"266":1,"267":4,"268":4,"269":4,"270":1,"271":4,"272":4,"273":1,"274":26,"275":26,"276":1,"277":10,"278":10,"279":4,"280":10,"281":2,"282":10,"283":1,"284":4,"285":4,"286":1,"287":14,"288":14,"289":1,"290":40,"291":40,"292":1,"293":0,"294":0,"295":1,"296":0,"297":0,"298":1,"299":67,"300":67,"301":1,"302":1,"303":24,"304":24,"305":24,"306":24,"307":24,"308":0,"309":24,"310":1,"311":10,"312":10,"313":10,"314":10,"315":2,"316":8,"317":1,"318":100,"319":100,"320":100,"321":100,"322":1,"323":1,"324":22,"325":22,"326":22,"327":22,"328":1,"329":6,"330":6,"331":6,"332":6,"333":1,"334":1,"335":0,"336":0,"337":0,"338":0,"339":1,"340":312,"341":7,"342":312,"343":312,"344":1,"345":2,"346":2,"347":1,"348":0,"349":0,"350":1,"351":0,"352":0,"353":1,"354":10,"355":10,"356":10,"357":1,"358":4,"359":4,"360":4,"361":1,"362":6,"363":6,"364":6,"365":1,"366":2,"367":2,"368":2,"369":1,"370":2,"371":2,"372":1,"373":2,"374":2,"375":1,"376":6,"377":6,"378":6,"379":6,"380":1,"381":1,"382":12,"383":12,"384":12,"385":12,"386":12,"387":1,"388":18,"389":18,"390":1,"391":1,"392":0,"393":0,"394":1,"395":6,"396":6,"397":1,"398":418,"399":418,"400":1,"401":4,"402":4,"403":4,"404":4,"405":2,"406":2,"407":0,"408":1,"409":8,"410":8,"411":8,"412":8,"413":6,"414":2,"415":0,"416":1,"417":177,"418":177,"419":1,"420":4,"421":4,"422":4,"423":4,"424":0,"425":1,"426":66,"427":66,"428":66,"429":66,"430":50,"431":16,"432":66,"433":66,"434":66,"435":0,"436":66,"437":66,"438":66,"439":180,"440":180,"441":6,"442":2,"443":4,"444":4,"445":0,"446":1,"447":180,"448":180,"449":2,"450":178,"451":52,"452":126,"453":12,"454":114,"455":66,"456":1,"457":1,"458":48,"459":48,"460":48,"461":48,"462":48,"463":8,"464":40,"465":24,"466":16,"467":48,"468":14,"469":48,"470":74,"471":74,"472":2,"473":2,"474":0,"475":0,"476":0,"477":48,"478":146,"479":146,"480":0,"481":146,"482":74,"483":74,"484":0,"485":74,"486":72,"487":48,"488":48,"489":10,"490":38,"491":1,"492":1,"493":4,"494":4,"495":4,"496":4,"497":2,"498":2,"499":1,"500":1,"501":10,"502":10,"503":1,"504":8,"505":8,"506":8,"507":8,"508":1,"509":8,"510":2,"511":8,"512":4,"513":4,"514":0,"515":4,"516":4,"517":2,"518":4,"519":8,"520":8,"521":8,"522":8,"523":0,"524":8,"525":1,"526":9,"527":9,"528":364,"529":364,"530":364,"531":9,"532":0,"533":0,"534":0,"535":0,"536":0,"537":0,"538":0,"539":0,"540":0,"541":0,"542":0,"543":9,"544":0,"545":0,"546":0,"547":0,"548":0,"549":0,"550":0,"551":0,"552":0,"553":0,"554":0,"555":9,"556":0,"557":0,"558":0,"559":9,"560":16,"561":16,"562":16,"563":9,"564":0,"565":0,"566":0,"567":9,"568":9,"569":11,"570":11,"571":11,"572":1,"573":9,"574":1,"575":8,"576":8,"577":1,"578":150,"579":150,"580":1,"581":14,"582":14,"583":1,"584":1,"585":14,"586":14,"587":1,"588":1,"589":0,"590":0,"591":1,"592":128,"593":128,"594":1,"595":36,"596":36,"597":1,"598":60,"599":60,"600":1,"601":1,"602":2,"603":2,"604":1,"605":0,"606":0,"607":0,"608":0,"609":0,"610":0,"611":1,"612":0,"613":0,"614":0,"615":1,"616":0,"617":0,"618":0,"619":0,"620":1,"621":0,"622":1,"623":20,"624":20,"625":20,"626":1,"627":4,"628":4,"629":4,"630":1,"631":4,"632":4,"633":4,"634":1,"635":4,"636":4,"637":4,"638":1,"639":4,"640":4,"641":1,"642":102,"643":102,"644":30,"645":102,"646":168,"647":0,"648":102,"649":1,"650":0,"651":0,"652":1,"653":2,"654":2,"655":2,"656":2,"657":2,"658":0,"659":2,"660":1,"661":6,"662":6,"663":1,"664":34,"665":34,"666":1,"667":0,"668":0,"669":1,"670":174,"671":174,"672":1,"673":174,"674":174,"675":174,"676":174,"677":174,"678":50,"679":50,"680":50,"681":0,"682":124,"683":1,"684":12,"685":12,"686":12,"687":0,"688":12,"689":1,"690":0,"691":0,"692":1,"693":0,"694":0,"695":1,"696":4,"697":4,"698":1,"699":2,"700":2,"701":1,"702":4,"703":4,"704":1,"705":18,"706":18,"707":1,"708":12,"709":12,"710":1,"711":8,"712":8,"713":8,"714":8,"715":1,"716":6,"717":6,"718":1,"719":2,"720":2,"721":1,"722":0,"723":0,"724":1,"725":0,"726":0,"727":1,"728":6,"729":6,"730":6,"731":1,"732":6,"733":6,"734":6,"735":1,"736":2,"737":2,"738":2,"739":1,"740":2,"741":2,"742":2,"743":1,"744":52,"745":52,"746":52,"747":0,"748":52,"749":1,"750":4,"751":4,"752":4,"753":0,"754":4,"755":4,"756":0,"757":1,"758":56,"759":56,"760":52,"761":4,"762":1,"763":0,"764":0,"765":1,"766":4,"767":4,"768":1,"769":4,"770":4,"771":1,"772":4,"773":4,"774":1,"775":6,"776":6,"777":6,"778":6,"779":6,"780":6,"781":0,"782":42,"783":6,"784":6,"785":6,"786":6,"787":0,"788":1,"789":0,"790":0,"791":0,"792":0,"793":0,"794":0,"795":0,"796":0,"797":1,"798":1,"799":1,"800":0,"801":0,"802":0,"803":0,"804":0,"805":0,"806":0,"807":0,"808":0,"809":1,"810":14,"811":14,"812":0,"813":14,"814":0,"815":14,"816":14,"817":14,"818":0,"819":14,"820":14,"821":1,"822":12,"823":1,"824":48,"825":48,"826":1,"827":20,"828":20},"b":{"1":[23,73],"2":[1997,0],"3":[1923,74],"4":[3,1994],"5":[30,0],"6":[2,0],"7":[1311,1163,28],"8":[659,0],"9":[0,659],"10":[622,37],"11":[659,39],"12":[37,0],"13":[37,37,37],"14":[33,4],"15":[4,0],"16":[0,0],"17":[1338,0],"18":[0,1338],"19":[26,1311],"20":[26,0],"21":[723,0],"22":[4,719],"23":[0,719],"24":[4,715],"25":[719,621],"26":[54,661],"27":[0,62],"28":[62,62],"29":[434,0],"30":[22,412],"31":[0,412],"32":[0,412],"33":[181,0],"34":[1,180],"35":[0,180],"36":[0,180],"37":[1987,79],"38":[2066,1481],"39":[1402,664],"40":[0,1997],"41":[9121003,0],"42":[2080,0],"43":[0,2080],"44":[2080,2080,2080,2080,0,0],"45":[69,0],"46":[0,69],"47":[61,0],"48":[8,61],"49":[69,0],"50":[69,0],"51":[0,0],"52":[67,1930],"53":[67,0],"54":[1997,726],"55":[1997,0],"56":[0,1997],"57":[1997,621],"58":[0,162],"59":[2,0],"60":[0,1],"61":[1,0],"62":[4,6],"63":[2,8],"64":[10,6],"65":[0,24],"66":[2,8],"67":[100,64],"68":[22,14],"69":[6,0],"70":[0,0],"71":[7,305],"72":[10,8],"73":[4,4],"74":[6,4],"75":[2,2],"76":[12,0],"77":[4,0],"78":[2,2],"79":[8,0],"80":[6,2],"81":[4,0],"82":[50,16],"83":[66,66],"84":[66,8],"85":[66,32],"86":[0,66],"87":[6,174],"88":[180,6,6],"89":[4,0],"90":[2,178],"91":[52,126],"92":[12,114],"93":[8,40],"94":[48,32],"95":[24,16],"96":[48,18],"97":[2,72],"98":[74,2,2],"99":[0,0],"100":[0,146],"101":[74,72],"102":[0,74],"103":[38,36],"104":[10,38],"105":[48,10,10],"106":[2,2],"107":[4,2,2],"108":[2,6],"109":[4,4],"110":[0,4],"111":[2,2],"112":[0,8],"113":[9,0],"114":[0,0],"115":[0,0],"116":[0,0],"117":[0,0],"118":[9,0],"119":[0,0],"120":[0,0],"121":[20,0],"122":[30,72],"123":[0,168],"124":[2,0],"125":[0,2],"126":[50,124],"127":[174,126],"128":[50,0],"129":[0,12],"130":[8,0],"131":[8,6],"132":[0,52],"133":[0,4],"134":[4,0],"135":[52,4],"136":[0,6],"137":[0,0],"138":[0,0,0],"139":[0,0],"140":[0,0],"141":[0,0],"142":[0,0],"143":[0,14],"144":[14,14],"145":[0,14],"146":[0,14],"147":[48,0],"148":[20,0]},"f":{"1":96,"2":69,"3":1997,"4":30,"5":660,"6":31,"7":92,"8":2,"9":1311,"10":0,"11":659,"12":659,"13":1338,"14":1338,"15":723,"16":723,"17":434,"18":434,"19":181,"20":181,"21":2066,"22":2066,"23":1997,"24":9121003,"25":2080,"26":2080,"27":0,"28":69,"29":69,"30":1997,"31":67,"32":1997,"33":162,"34":1,"35":2,"36":2,"37":8,"38":1,"39":1,"40":1,"41":4,"42":4,"43":4,"44":26,"45":10,"46":4,"47":14,"48":40,"49":0,"50":0,"51":67,"52":1,"53":24,"54":24,"55":10,"56":10,"57":100,"58":22,"59":6,"60":0,"61":312,"62":2,"63":0,"64":0,"65":10,"66":4,"67":6,"68":2,"69":2,"70":2,"71":6,"72":12,"73":18,"74":0,"75":6,"76":418,"77":4,"78":4,"79":8,"80":8,"81":177,"82":4,"83":4,"84":66,"85":180,"86":2,"87":4,"88":180,"89":180,"90":48,"91":14,"92":74,"93":2,"94":0,"95":146,"96":146,"97":74,"98":48,"99":4,"100":4,"101":10,"102":8,"103":8,"104":4,"105":8,"106":8,"107":8,"108":9,"109":364,"110":0,"111":0,"112":0,"113":0,"114":0,"115":16,"116":0,"117":11,"118":9,"119":8,"120":150,"121":14,"122":14,"123":0,"124":128,"125":36,"126":60,"127":2,"128":0,"129":0,"130":0,"131":0,"132":20,"133":4,"134":4,"135":4,"136":4,"137":102,"138":168,"139":0,"140":2,"141":2,"142":6,"143":34,"144":0,"145":174,"146":174,"147":50,"148":12,"149":12,"150":0,"151":0,"152":4,"153":2,"154":4,"155":18,"156":12,"157":8,"158":6,"159":2,"160":0,"161":0,"162":6,"163":6,"164":2,"165":2,"166":52,"167":52,"168":4,"169":4,"170":56,"171":0,"172":4,"173":4,"174":4,"175":6,"176":0,"177":42,"178":6,"179":6,"180":0,"181":0,"182":0,"183":0,"184":14,"185":14,"186":12,"187":48,"188":0,"189":20},"fnMap":{"1":{"name":"(anonymous_1)","line":21,"loc":{"start":{"line":21,"column":33},"end":{"line":21,"column":53}}},"2":{"name":"(anonymous_2)","line":46,"loc":{"start":{"line":46,"column":35},"end":{"line":47,"column":0}}},"3":{"name":"(anonymous_3)","line":54,"loc":{"start":{"line":54,"column":40},"end":{"line":54,"column":77}}},"4":{"name":"(anonymous_4)","line":71,"loc":{"start":{"line":71,"column":40},"end":{"line":71,"column":57}}},"5":{"name":"(anonymous_5)","line":72,"loc":{"start":{"line":72,"column":45},"end":{"line":72,"column":59}}},"6":{"name":"(anonymous_6)","line":78,"loc":{"start":{"line":78,"column":32},"end":{"line":79,"column":0}}},"7":{"name":"(anonymous_7)","line":81,"loc":{"start":{"line":81,"column":15},"end":{"line":81,"column":32}}},"8":{"name":"(anonymous_8)","line":85,"loc":{"start":{"line":85,"column":16},"end":{"line":85,"column":27}}},"9":{"name":"(anonymous_9)","line":93,"loc":{"start":{"line":93,"column":44},"end":{"line":93,"column":58}}},"10":{"name":"(anonymous_10)","line":99,"loc":{"start":{"line":99,"column":13},"end":{"line":99,"column":24}}},"11":{"name":"(anonymous_11)","line":102,"loc":{"start":{"line":102,"column":38},"end":{"line":102,"column":51}}},"12":{"name":"(anonymous_12)","line":105,"loc":{"start":{"line":105,"column":9},"end":{"line":105,"column":29}}},"13":{"name":"(anonymous_13)","line":137,"loc":{"start":{"line":137,"column":44},"end":{"line":137,"column":57}}},"14":{"name":"(anonymous_14)","line":141,"loc":{"start":{"line":141,"column":9},"end":{"line":141,"column":29}}},"15":{"name":"(anonymous_15)","line":170,"loc":{"start":{"line":170,"column":40},"end":{"line":170,"column":53}}},"16":{"name":"(anonymous_16)","line":173,"loc":{"start":{"line":173,"column":37},"end":{"line":173,"column":55}}},"17":{"name":"(anonymous_17)","line":193,"loc":{"start":{"line":193,"column":39},"end":{"line":193,"column":52}}},"18":{"name":"(anonymous_18)","line":196,"loc":{"start":{"line":196,"column":37},"end":{"line":196,"column":56}}},"19":{"name":"(anonymous_19)","line":211,"loc":{"start":{"line":211,"column":40},"end":{"line":211,"column":53}}},"20":{"name":"(anonymous_20)","line":214,"loc":{"start":{"line":214,"column":37},"end":{"line":214,"column":56}}},"21":{"name":"(anonymous_21)","line":230,"loc":{"start":{"line":230,"column":35},"end":{"line":230,"column":52}}},"22":{"name":"(anonymous_22)","line":244,"loc":{"start":{"line":244,"column":23},"end":{"line":244,"column":43}}},"23":{"name":"strip","line":255,"loc":{"start":{"line":255,"column":12},"end":{"line":255,"column":32}}},"24":{"name":"(anonymous_24)","line":258,"loc":{"start":{"line":258,"column":22},"end":{"line":258,"column":34}}},"25":{"name":"(anonymous_25)","line":266,"loc":{"start":{"line":266,"column":31},"end":{"line":266,"column":64}}},"26":{"name":"(anonymous_26)","line":268,"loc":{"start":{"line":268,"column":20},"end":{"line":268,"column":45}}},"27":{"name":"(anonymous_27)","line":274,"loc":{"start":{"line":274,"column":17},"end":{"line":274,"column":28}}},"28":{"name":"(anonymous_28)","line":290,"loc":{"start":{"line":290,"column":27},"end":{"line":290,"column":38}}},"29":{"name":"(anonymous_29)","line":311,"loc":{"start":{"line":311,"column":26},"end":{"line":311,"column":51}}},"30":{"name":"(anonymous_30)","line":352,"loc":{"start":{"line":352,"column":36},"end":{"line":352,"column":51}}},"31":{"name":"(anonymous_31)","line":365,"loc":{"start":{"line":365,"column":9},"end":{"line":365,"column":20}}},"32":{"name":"(anonymous_32)","line":385,"loc":{"start":{"line":385,"column":26},"end":{"line":385,"column":51}}},"33":{"name":"(anonymous_33)","line":393,"loc":{"start":{"line":393,"column":36},"end":{"line":393,"column":51}}},"34":{"name":"(anonymous_34)","line":409,"loc":{"start":{"line":409,"column":29},"end":{"line":409,"column":40}}},"35":{"name":"(anonymous_35)","line":423,"loc":{"start":{"line":423,"column":31},"end":{"line":423,"column":42}}},"36":{"name":"(anonymous_36)","line":437,"loc":{"start":{"line":437,"column":35},"end":{"line":437,"column":46}}},"37":{"name":"(anonymous_37)","line":445,"loc":{"start":{"line":445,"column":28},"end":{"line":445,"column":41}}},"38":{"name":"(anonymous_38)","line":457,"loc":{"start":{"line":457,"column":45},"end":{"line":457,"column":56}}},"39":{"name":"(anonymous_39)","line":461,"loc":{"start":{"line":461,"column":30},"end":{"line":461,"column":54}}},"40":{"name":"(anonymous_40)","line":465,"loc":{"start":{"line":465,"column":33},"end":{"line":465,"column":51}}},"41":{"name":"(anonymous_41)","line":478,"loc":{"start":{"line":478,"column":42},"end":{"line":478,"column":53}}},"42":{"name":"(anonymous_42)","line":495,"loc":{"start":{"line":495,"column":32},"end":{"line":495,"column":43}}},"43":{"name":"(anonymous_43)","line":508,"loc":{"start":{"line":508,"column":28},"end":{"line":508,"column":39}}},"44":{"name":"(anonymous_44)","line":522,"loc":{"start":{"line":522,"column":29},"end":{"line":522,"column":49}}},"45":{"name":"(anonymous_45)","line":537,"loc":{"start":{"line":537,"column":28},"end":{"line":537,"column":47}}},"46":{"name":"(anonymous_46)","line":559,"loc":{"start":{"line":559,"column":33},"end":{"line":559,"column":44}}},"47":{"name":"(anonymous_47)","line":570,"loc":{"start":{"line":570,"column":35},"end":{"line":570,"column":46}}},"48":{"name":"(anonymous_48)","line":584,"loc":{"start":{"line":584,"column":36},"end":{"line":584,"column":47}}},"49":{"name":"(anonymous_49)","line":598,"loc":{"start":{"line":598,"column":31},"end":{"line":598,"column":42}}},"50":{"name":"(anonymous_50)","line":612,"loc":{"start":{"line":612,"column":26},"end":{"line":612,"column":44}}},"51":{"name":"(anonymous_51)","line":628,"loc":{"start":{"line":628,"column":27},"end":{"line":628,"column":38}}},"52":{"name":"(anonymous_52)","line":644,"loc":{"start":{"line":644,"column":1},"end":{"line":644,"column":12}}},"53":{"name":"(anonymous_53)","line":646,"loc":{"start":{"line":646,"column":29},"end":{"line":646,"column":44}}},"54":{"name":"(anonymous_54)","line":650,"loc":{"start":{"line":650,"column":37},"end":{"line":650,"column":56}}},"55":{"name":"(anonymous_55)","line":663,"loc":{"start":{"line":663,"column":31},"end":{"line":663,"column":46}}},"56":{"name":"(anonymous_56)","line":666,"loc":{"start":{"line":666,"column":39},"end":{"line":666,"column":58}}},"57":{"name":"(anonymous_57)","line":680,"loc":{"start":{"line":680,"column":30},"end":{"line":680,"column":41}}},"58":{"name":"(anonymous_58)","line":706,"loc":{"start":{"line":706,"column":34},"end":{"line":706,"column":45}}},"59":{"name":"(anonymous_59)","line":728,"loc":{"start":{"line":728,"column":35},"end":{"line":728,"column":46}}},"60":{"name":"(anonymous_60)","line":754,"loc":{"start":{"line":754,"column":39},"end":{"line":754,"column":50}}},"61":{"name":"(anonymous_61)","line":775,"loc":{"start":{"line":775,"column":26},"end":{"line":775,"column":41}}},"62":{"name":"(anonymous_62)","line":791,"loc":{"start":{"line":791,"column":30},"end":{"line":791,"column":41}}},"63":{"name":"(anonymous_63)","line":805,"loc":{"start":{"line":805,"column":31},"end":{"line":805,"column":45}}},"64":{"name":"(anonymous_64)","line":819,"loc":{"start":{"line":819,"column":33},"end":{"line":819,"column":62}}},"65":{"name":"(anonymous_65)","line":836,"loc":{"start":{"line":836,"column":36},"end":{"line":836,"column":47}}},"66":{"name":"(anonymous_66)","line":855,"loc":{"start":{"line":855,"column":36},"end":{"line":855,"column":47}}},"67":{"name":"(anonymous_67)","line":876,"loc":{"start":{"line":876,"column":40},"end":{"line":876,"column":51}}},"68":{"name":"(anonymous_68)","line":895,"loc":{"start":{"line":895,"column":40},"end":{"line":895,"column":51}}},"69":{"name":"(anonymous_69)","line":914,"loc":{"start":{"line":914,"column":30},"end":{"line":914,"column":41}}},"70":{"name":"(anonymous_70)","line":928,"loc":{"start":{"line":928,"column":27},"end":{"line":928,"column":38}}},"71":{"name":"(anonymous_71)","line":937,"loc":{"start":{"line":937,"column":37},"end":{"line":937,"column":48}}},"72":{"name":"(anonymous_72)","line":956,"loc":{"start":{"line":956,"column":36},"end":{"line":956,"column":47}}},"73":{"name":"(anonymous_73)","line":969,"loc":{"start":{"line":969,"column":45},"end":{"line":969,"column":58}}},"74":{"name":"(anonymous_74)","line":987,"loc":{"start":{"line":987,"column":44},"end":{"line":987,"column":57}}},"75":{"name":"(anonymous_75)","line":1003,"loc":{"start":{"line":1003,"column":41},"end":{"line":1003,"column":54}}},"76":{"name":"(anonymous_76)","line":1018,"loc":{"start":{"line":1018,"column":30},"end":{"line":1018,"column":53}}},"77":{"name":"(anonymous_77)","line":1035,"loc":{"start":{"line":1035,"column":36},"end":{"line":1035,"column":59}}},"78":{"name":"(anonymous_78)","line":1038,"loc":{"start":{"line":1038,"column":4},"end":{"line":1038,"column":28}}},"79":{"name":"(anonymous_79)","line":1054,"loc":{"start":{"line":1054,"column":38},"end":{"line":1054,"column":61}}},"80":{"name":"(anonymous_80)","line":1057,"loc":{"start":{"line":1057,"column":4},"end":{"line":1057,"column":28}}},"81":{"name":"(anonymous_81)","line":1072,"loc":{"start":{"line":1072,"column":31},"end":{"line":1072,"column":54}}},"82":{"name":"(anonymous_82)","line":1089,"loc":{"start":{"line":1089,"column":33},"end":{"line":1089,"column":55}}},"83":{"name":"(anonymous_83)","line":1091,"loc":{"start":{"line":1091,"column":44},"end":{"line":1091,"column":67}}},"84":{"name":"(anonymous_84)","line":1106,"loc":{"start":{"line":1106,"column":31},"end":{"line":1106,"column":41}}},"85":{"name":"(anonymous_85)","line":1132,"loc":{"start":{"line":1132,"column":4},"end":{"line":1132,"column":26}}},"86":{"name":"(anonymous_86)","line":1136,"loc":{"start":{"line":1136,"column":10},"end":{"line":1136,"column":24}}},"87":{"name":"(anonymous_87)","line":1137,"loc":{"start":{"line":1137,"column":10},"end":{"line":1137,"column":24}}},"88":{"name":"poll","line":1146,"loc":{"start":{"line":1146,"column":2},"end":{"line":1146,"column":17}}},"89":{"name":"(anonymous_89)","line":1147,"loc":{"start":{"line":1147,"column":37},"end":{"line":1147,"column":69}}},"90":{"name":"(anonymous_90)","line":1173,"loc":{"start":{"line":1173,"column":38},"end":{"line":1173,"column":48}}},"91":{"name":"(anonymous_91)","line":1198,"loc":{"start":{"line":1198,"column":48},"end":{"line":1198,"column":65}}},"92":{"name":"(anonymous_92)","line":1201,"loc":{"start":{"line":1201,"column":4},"end":{"line":1201,"column":21}}},"93":{"name":"(anonymous_93)","line":1205,"loc":{"start":{"line":1205,"column":10},"end":{"line":1205,"column":21}}},"94":{"name":"(anonymous_94)","line":1206,"loc":{"start":{"line":1206,"column":10},"end":{"line":1206,"column":24}}},"95":{"name":"(anonymous_95)","line":1216,"loc":{"start":{"line":1216,"column":4},"end":{"line":1216,"column":25}}},"96":{"name":"(anonymous_96)","line":1217,"loc":{"start":{"line":1217,"column":37},"end":{"line":1217,"column":55}}},"97":{"name":"(anonymous_97)","line":1220,"loc":{"start":{"line":1220,"column":44},"end":{"line":1220,"column":69}}},"98":{"name":"(anonymous_98)","line":1237,"loc":{"start":{"line":1237,"column":7},"end":{"line":1237,"column":28}}},"99":{"name":"(anonymous_99)","line":1247,"loc":{"start":{"line":1247,"column":38},"end":{"line":1247,"column":80}}},"100":{"name":"(anonymous_100)","line":1253,"loc":{"start":{"line":1253,"column":77},"end":{"line":1253,"column":102}}},"101":{"name":"(anonymous_101)","line":1268,"loc":{"start":{"line":1268,"column":37},"end":{"line":1268,"column":48}}},"102":{"name":"(anonymous_102)","line":1283,"loc":{"start":{"line":1283,"column":37},"end":{"line":1283,"column":48}}},"103":{"name":"buildFilePath","line":1289,"loc":{"start":{"line":1289,"column":4},"end":{"line":1289,"column":38}}},"104":{"name":"(anonymous_104)","line":1292,"loc":{"start":{"line":1292,"column":58},"end":{"line":1292,"column":82}}},"105":{"name":"(anonymous_105)","line":1302,"loc":{"start":{"line":1302,"column":25},"end":{"line":1302,"column":49}}},"106":{"name":"(anonymous_106)","line":1303,"loc":{"start":{"line":1303,"column":34},"end":{"line":1303,"column":55}}},"107":{"name":"(anonymous_107)","line":1304,"loc":{"start":{"line":1304,"column":64},"end":{"line":1304,"column":78}}},"108":{"name":"(anonymous_108)","line":1314,"loc":{"start":{"line":1314,"column":44},"end":{"line":1314,"column":88}}},"109":{"name":"(anonymous_109)","line":1329,"loc":{"start":{"line":1329,"column":54},"end":{"line":1329,"column":65}}},"110":{"name":"(anonymous_110)","line":1349,"loc":{"start":{"line":1349,"column":64},"end":{"line":1349,"column":75}}},"111":{"name":"(anonymous_111)","line":1355,"loc":{"start":{"line":1355,"column":8},"end":{"line":1355,"column":32}}},"112":{"name":"(anonymous_112)","line":1380,"loc":{"start":{"line":1380,"column":66},"end":{"line":1380,"column":77}}},"113":{"name":"(anonymous_113)","line":1386,"loc":{"start":{"line":1386,"column":8},"end":{"line":1386,"column":32}}},"114":{"name":"(anonymous_114)","line":1410,"loc":{"start":{"line":1410,"column":57},"end":{"line":1410,"column":68}}},"115":{"name":"(anonymous_115)","line":1429,"loc":{"start":{"line":1429,"column":61},"end":{"line":1429,"column":72}}},"116":{"name":"(anonymous_116)","line":1435,"loc":{"start":{"line":1435,"column":61},"end":{"line":1435,"column":72}}},"117":{"name":"(anonymous_117)","line":1457,"loc":{"start":{"line":1457,"column":55},"end":{"line":1457,"column":66}}},"118":{"name":"(anonymous_118)","line":1465,"loc":{"start":{"line":1465,"column":31},"end":{"line":1465,"column":48}}},"119":{"name":"(anonymous_119)","line":1474,"loc":{"start":{"line":1474,"column":33},"end":{"line":1474,"column":51}}},"120":{"name":"(anonymous_120)","line":1489,"loc":{"start":{"line":1489,"column":35},"end":{"line":1489,"column":63}}},"121":{"name":"(anonymous_121)","line":1503,"loc":{"start":{"line":1503,"column":34},"end":{"line":1503,"column":52}}},"122":{"name":"(anonymous_122)","line":1519,"loc":{"start":{"line":1519,"column":32},"end":{"line":1519,"column":50}}},"123":{"name":"(anonymous_123)","line":1535,"loc":{"start":{"line":1535,"column":33},"end":{"line":1535,"column":51}}},"124":{"name":"(anonymous_124)","line":1553,"loc":{"start":{"line":1553,"column":31},"end":{"line":1553,"column":49}}},"125":{"name":"(anonymous_125)","line":1563,"loc":{"start":{"line":1563,"column":35},"end":{"line":1563,"column":53}}},"126":{"name":"(anonymous_126)","line":1577,"loc":{"start":{"line":1577,"column":37},"end":{"line":1577,"column":68}}},"127":{"name":"(anonymous_127)","line":1593,"loc":{"start":{"line":1593,"column":36},"end":{"line":1593,"column":61}}},"128":{"name":"(anonymous_128)","line":1602,"loc":{"start":{"line":1602,"column":14},"end":{"line":1602,"column":24}}},"129":{"name":"(anonymous_129)","line":1622,"loc":{"start":{"line":1622,"column":14},"end":{"line":1622,"column":25}}},"130":{"name":"(anonymous_130)","line":1647,"loc":{"start":{"line":1647,"column":28},"end":{"line":1647,"column":39}}},"131":{"name":"(anonymous_131)","line":1662,"loc":{"start":{"line":1662,"column":33},"end":{"line":1662,"column":55}}},"132":{"name":"(anonymous_132)","line":1678,"loc":{"start":{"line":1678,"column":29},"end":{"line":1678,"column":40}}},"133":{"name":"(anonymous_133)","line":1704,"loc":{"start":{"line":1704,"column":33},"end":{"line":1704,"column":44}}},"134":{"name":"(anonymous_134)","line":1724,"loc":{"start":{"line":1724,"column":31},"end":{"line":1724,"column":42}}},"135":{"name":"(anonymous_135)","line":1743,"loc":{"start":{"line":1743,"column":28},"end":{"line":1743,"column":39}}},"136":{"name":"(anonymous_136)","line":1762,"loc":{"start":{"line":1762,"column":34},"end":{"line":1762,"column":45}}},"137":{"name":"(anonymous_137)","line":1778,"loc":{"start":{"line":1778,"column":27},"end":{"line":1778,"column":51}}},"138":{"name":"(anonymous_138)","line":1782,"loc":{"start":{"line":1782,"column":15},"end":{"line":1782,"column":34}}},"139":{"name":"(anonymous_139)","line":1801,"loc":{"start":{"line":1801,"column":29},"end":{"line":1801,"column":47}}},"140":{"name":"(anonymous_140)","line":1817,"loc":{"start":{"line":1817,"column":27},"end":{"line":1817,"column":42}}},"141":{"name":"(anonymous_141)","line":1821,"loc":{"start":{"line":1821,"column":15},"end":{"line":1821,"column":34}}},"142":{"name":"(anonymous_142)","line":1839,"loc":{"start":{"line":1839,"column":28},"end":{"line":1839,"column":46}}},"143":{"name":"(anonymous_143)","line":1853,"loc":{"start":{"line":1853,"column":28},"end":{"line":1853,"column":39}}},"144":{"name":"(anonymous_144)","line":1867,"loc":{"start":{"line":1867,"column":29},"end":{"line":1867,"column":40}}},"145":{"name":"(anonymous_145)","line":1877,"loc":{"start":{"line":1877,"column":31},"end":{"line":1877,"column":49}}},"146":{"name":"(anonymous_146)","line":1893,"loc":{"start":{"line":1893,"column":27},"end":{"line":1893,"column":38}}},"147":{"name":"(anonymous_147)","line":1899,"loc":{"start":{"line":1899,"column":51},"end":{"line":1899,"column":73}}},"148":{"name":"(anonymous_148)","line":1915,"loc":{"start":{"line":1915,"column":34},"end":{"line":1915,"column":64}}},"149":{"name":"(anonymous_149)","line":1917,"loc":{"start":{"line":1917,"column":34},"end":{"line":1917,"column":54}}},"150":{"name":"(anonymous_150)","line":1931,"loc":{"start":{"line":1931,"column":32},"end":{"line":1931,"column":43}}},"151":{"name":"(anonymous_151)","line":1945,"loc":{"start":{"line":1945,"column":32},"end":{"line":1945,"column":47}}},"152":{"name":"(anonymous_152)","line":1960,"loc":{"start":{"line":1960,"column":34},"end":{"line":1960,"column":45}}},"153":{"name":"(anonymous_153)","line":1974,"loc":{"start":{"line":1974,"column":35},"end":{"line":1974,"column":46}}},"154":{"name":"(anonymous_154)","line":1988,"loc":{"start":{"line":1988,"column":29},"end":{"line":1988,"column":40}}},"155":{"name":"(anonymous_155)","line":2002,"loc":{"start":{"line":2002,"column":26},"end":{"line":2002,"column":37}}},"156":{"name":"(anonymous_156)","line":2016,"loc":{"start":{"line":2016,"column":33},"end":{"line":2016,"column":44}}},"157":{"name":"(anonymous_157)","line":2034,"loc":{"start":{"line":2034,"column":32},"end":{"line":2034,"column":49}}},"158":{"name":"(anonymous_158)","line":2052,"loc":{"start":{"line":2052,"column":39},"end":{"line":2052,"column":50}}},"159":{"name":"(anonymous_159)","line":2066,"loc":{"start":{"line":2066,"column":35},"end":{"line":2066,"column":50}}},"160":{"name":"(anonymous_160)","line":2080,"loc":{"start":{"line":2080,"column":37},"end":{"line":2080,"column":48}}},"161":{"name":"(anonymous_161)","line":2094,"loc":{"start":{"line":2094,"column":37},"end":{"line":2094,"column":59}}},"162":{"name":"(anonymous_162)","line":2111,"loc":{"start":{"line":2111,"column":41},"end":{"line":2111,"column":52}}},"163":{"name":"(anonymous_163)","line":2127,"loc":{"start":{"line":2127,"column":41},"end":{"line":2127,"column":52}}},"164":{"name":"(anonymous_164)","line":2142,"loc":{"start":{"line":2142,"column":44},"end":{"line":2142,"column":55}}},"165":{"name":"(anonymous_165)","line":2157,"loc":{"start":{"line":2157,"column":40},"end":{"line":2157,"column":51}}},"166":{"name":"(anonymous_166)","line":2165,"loc":{"start":{"line":2165,"column":18},"end":{"line":2165,"column":35}}},"167":{"name":"(anonymous_167)","line":2167,"loc":{"start":{"line":2167,"column":42},"end":{"line":2167,"column":64}}},"168":{"name":"(anonymous_168)","line":2176,"loc":{"start":{"line":2176,"column":18},"end":{"line":2176,"column":52}}},"169":{"name":"(anonymous_169)","line":2178,"loc":{"start":{"line":2178,"column":49},"end":{"line":2178,"column":71}}},"170":{"name":"(anonymous_170)","line":2194,"loc":{"start":{"line":2194,"column":32},"end":{"line":2194,"column":43}}},"171":{"name":"(anonymous_171)","line":2207,"loc":{"start":{"line":2207,"column":35},"end":{"line":2207,"column":53}}},"172":{"name":"(anonymous_172)","line":2221,"loc":{"start":{"line":2221,"column":34},"end":{"line":2221,"column":52}}},"173":{"name":"(anonymous_173)","line":2235,"loc":{"start":{"line":2235,"column":40},"end":{"line":2235,"column":58}}},"174":{"name":"(anonymous_174)","line":2249,"loc":{"start":{"line":2249,"column":30},"end":{"line":2249,"column":48}}},"175":{"name":"(anonymous_175)","line":2263,"loc":{"start":{"line":2263,"column":33},"end":{"line":2263,"column":52}}},"176":{"name":"(anonymous_176)","line":2272,"loc":{"start":{"line":2272,"column":15},"end":{"line":2272,"column":29}}},"177":{"name":"(anonymous_177)","line":2275,"loc":{"start":{"line":2275,"column":14},"end":{"line":2275,"column":29}}},"178":{"name":"(anonymous_178)","line":2278,"loc":{"start":{"line":2278,"column":13},"end":{"line":2278,"column":24}}},"179":{"name":"(anonymous_179)","line":2293,"loc":{"start":{"line":2293,"column":19},"end":{"line":2293,"column":33}}},"180":{"name":"(anonymous_180)","line":2300,"loc":{"start":{"line":2300,"column":41},"end":{"line":2300,"column":51}}},"181":{"name":"(anonymous_181)","line":2314,"loc":{"start":{"line":2314,"column":7},"end":{"line":2314,"column":28}}},"182":{"name":"(anonymous_182)","line":2334,"loc":{"start":{"line":2334,"column":48},"end":{"line":2334,"column":59}}},"183":{"name":"(anonymous_183)","line":2345,"loc":{"start":{"line":2345,"column":34},"end":{"line":2345,"column":52}}},"184":{"name":"(anonymous_184)","line":2356,"loc":{"start":{"line":2356,"column":37},"end":{"line":2356,"column":62}}},"185":{"name":"(anonymous_185)","line":2373,"loc":{"start":{"line":2373,"column":26},"end":{"line":2373,"column":40}}},"186":{"name":"(anonymous_186)","line":2383,"loc":{"start":{"line":2383,"column":37},"end":{"line":2383,"column":63}}},"187":{"name":"(anonymous_187)","line":2390,"loc":{"start":{"line":2390,"column":28},"end":{"line":2390,"column":45}}},"188":{"name":"(anonymous_188)","line":2391,"loc":{"start":{"line":2391,"column":13},"end":{"line":2391,"column":24}}},"189":{"name":"(anonymous_189)","line":2398,"loc":{"start":{"line":2398,"column":27},"end":{"line":2398,"column":40}}}},"statementMap":{"1":{"start":{"line":1,"column":0},"end":{"line":1,"column":50}},"2":{"start":{"line":2,"column":0},"end":{"line":2,"column":26}},"3":{"start":{"line":3,"column":0},"end":{"line":3,"column":23}},"4":{"start":{"line":4,"column":0},"end":{"line":4,"column":33}},"5":{"start":{"line":5,"column":0},"end":{"line":5,"column":29}},"6":{"start":{"line":6,"column":0},"end":{"line":6,"column":25}},"7":{"start":{"line":7,"column":0},"end":{"line":7,"column":27}},"8":{"start":{"line":8,"column":0},"end":{"line":8,"column":25}},"9":{"start":{"line":10,"column":0},"end":{"line":10,"column":36}},"10":{"start":{"line":11,"column":0},"end":{"line":11,"column":31}},"11":{"start":{"line":12,"column":0},"end":{"line":12,"column":34}},"12":{"start":{"line":13,"column":0},"end":{"line":13,"column":33}},"13":{"start":{"line":14,"column":0},"end":{"line":14,"column":39}},"14":{"start":{"line":15,"column":0},"end":{"line":15,"column":34}},"15":{"start":{"line":16,"column":0},"end":{"line":16,"column":54}},"16":{"start":{"line":17,"column":0},"end":{"line":17,"column":27}},"17":{"start":{"line":21,"column":0},"end":{"line":38,"column":2}},"18":{"start":{"line":22,"column":2},"end":{"line":22,"column":28}},"19":{"start":{"line":23,"column":2},"end":{"line":23,"column":24}},"20":{"start":{"line":24,"column":2},"end":{"line":24,"column":29}},"21":{"start":{"line":26,"column":2},"end":{"line":31,"column":4}},"22":{"start":{"line":33,"column":2},"end":{"line":35,"column":3}},"23":{"start":{"line":34,"column":4},"end":{"line":34,"column":48}},"24":{"start":{"line":37,"column":2},"end":{"line":37,"column":48}},"25":{"start":{"line":41,"column":0},"end":{"line":41,"column":41}},"26":{"start":{"line":44,"column":0},"end":{"line":44,"column":60}},"27":{"start":{"line":46,"column":0},"end":{"line":52,"column":2}},"28":{"start":{"line":48,"column":2},"end":{"line":48,"column":42}},"29":{"start":{"line":49,"column":2},"end":{"line":49,"column":33}},"30":{"start":{"line":51,"column":2},"end":{"line":51,"column":40}},"31":{"start":{"line":54,"column":0},"end":{"line":69,"column":2}},"32":{"start":{"line":55,"column":2},"end":{"line":55,"column":46}},"33":{"start":{"line":57,"column":2},"end":{"line":57,"column":26}},"34":{"start":{"line":59,"column":2},"end":{"line":59,"column":48}},"35":{"start":{"line":60,"column":2},"end":{"line":61,"column":35}},"36":{"start":{"line":61,"column":6},"end":{"line":61,"column":33}},"37":{"start":{"line":62,"column":2},"end":{"line":63,"column":27}},"38":{"start":{"line":63,"column":6},"end":{"line":63,"column":25}},"39":{"start":{"line":64,"column":2},"end":{"line":65,"column":25}},"40":{"start":{"line":65,"column":6},"end":{"line":65,"column":23}},"41":{"start":{"line":66,"column":2},"end":{"line":66,"column":39}},"42":{"start":{"line":68,"column":2},"end":{"line":68,"column":44}},"43":{"start":{"line":71,"column":0},"end":{"line":76,"column":2}},"44":{"start":{"line":72,"column":2},"end":{"line":74,"column":5}},"45":{"start":{"line":73,"column":4},"end":{"line":73,"column":33}},"46":{"start":{"line":75,"column":2},"end":{"line":75,"column":62}},"47":{"start":{"line":78,"column":0},"end":{"line":91,"column":2}},"48":{"start":{"line":80,"column":2},"end":{"line":80,"column":24}},"49":{"start":{"line":81,"column":2},"end":{"line":83,"column":5}},"50":{"start":{"line":82,"column":4},"end":{"line":82,"column":17}},"51":{"start":{"line":85,"column":2},"end":{"line":89,"column":4}},"52":{"start":{"line":86,"column":4},"end":{"line":86,"column":38}},"53":{"start":{"line":87,"column":4},"end":{"line":88,"column":62}},"54":{"start":{"line":90,"column":2},"end":{"line":90,"column":13}},"55":{"start":{"line":93,"column":0},"end":{"line":97,"column":2}},"56":{"start":{"line":94,"column":2},"end":{"line":96,"column":55}},"57":{"start":{"line":99,"column":0},"end":{"line":99,"column":27}},"58":{"start":{"line":102,"column":0},"end":{"line":134,"column":2}},"59":{"start":{"line":103,"column":2},"end":{"line":103,"column":20}},"60":{"start":{"line":104,"column":2},"end":{"line":104,"column":19}},"61":{"start":{"line":105,"column":2},"end":{"line":133,"column":4}},"62":{"start":{"line":106,"column":4},"end":{"line":106,"column":31}},"63":{"start":{"line":106,"column":14},"end":{"line":106,"column":29}},"64":{"start":{"line":107,"column":4},"end":{"line":132,"column":5}},"65":{"start":{"line":109,"column":6},"end":{"line":109,"column":15}},"66":{"start":{"line":112,"column":6},"end":{"line":112,"column":22}},"67":{"start":{"line":113,"column":6},"end":{"line":113,"column":54}},"68":{"start":{"line":113,"column":10},"end":{"line":113,"column":41}},"69":{"start":{"line":114,"column":6},"end":{"line":131,"column":7}},"70":{"start":{"line":116,"column":8},"end":{"line":126,"column":9}},"71":{"start":{"line":117,"column":10},"end":{"line":117,"column":19}},"72":{"start":{"line":119,"column":10},"end":{"line":122,"column":37}},"73":{"start":{"line":123,"column":10},"end":{"line":123,"column":75}},"74":{"start":{"line":124,"column":10},"end":{"line":124,"column":71}},"75":{"start":{"line":124,"column":29},"end":{"line":124,"column":69}},"76":{"start":{"line":125,"column":10},"end":{"line":125,"column":20}},"77":{"start":{"line":129,"column":8},"end":{"line":130,"column":87}},"78":{"start":{"line":137,"column":0},"end":{"line":167,"column":2}},"79":{"start":{"line":138,"column":2},"end":{"line":138,"column":20}},"80":{"start":{"line":140,"column":2},"end":{"line":140,"column":19}},"81":{"start":{"line":141,"column":2},"end":{"line":166,"column":4}},"82":{"start":{"line":142,"column":4},"end":{"line":142,"column":31}},"83":{"start":{"line":142,"column":14},"end":{"line":142,"column":29}},"84":{"start":{"line":143,"column":4},"end":{"line":144,"column":18}},"85":{"start":{"line":145,"column":4},"end":{"line":149,"column":5}},"86":{"start":{"line":146,"column":6},"end":{"line":146,"column":29}},"87":{"start":{"line":148,"column":6},"end":{"line":148,"column":75}},"88":{"start":{"line":150,"column":4},"end":{"line":154,"column":5}},"89":{"start":{"line":151,"column":8},"end":{"line":151,"column":41}},"90":{"start":{"line":153,"column":8},"end":{"line":153,"column":23}},"91":{"start":{"line":155,"column":4},"end":{"line":165,"column":5}},"92":{"start":{"line":156,"column":6},"end":{"line":159,"column":25}},"93":{"start":{"line":160,"column":6},"end":{"line":160,"column":63}},"94":{"start":{"line":161,"column":6},"end":{"line":161,"column":67}},"95":{"start":{"line":161,"column":25},"end":{"line":161,"column":65}},"96":{"start":{"line":162,"column":6},"end":{"line":162,"column":16}},"97":{"start":{"line":164,"column":6},"end":{"line":164,"column":20}},"98":{"start":{"line":170,"column":0},"end":{"line":190,"column":2}},"99":{"start":{"line":171,"column":2},"end":{"line":171,"column":20}},"100":{"start":{"line":172,"column":2},"end":{"line":172,"column":19}},"101":{"start":{"line":173,"column":2},"end":{"line":189,"column":5}},"102":{"start":{"line":174,"column":4},"end":{"line":174,"column":29}},"103":{"start":{"line":174,"column":13},"end":{"line":174,"column":28}},"104":{"start":{"line":175,"column":4},"end":{"line":176,"column":53}},"105":{"start":{"line":175,"column":48},"end":{"line":176,"column":52}},"106":{"start":{"line":179,"column":4},"end":{"line":187,"column":5}},"107":{"start":{"line":180,"column":8},"end":{"line":180,"column":65}},"108":{"start":{"line":181,"column":11},"end":{"line":187,"column":5}},"109":{"start":{"line":182,"column":8},"end":{"line":186,"column":9}},"110":{"start":{"line":183,"column":12},"end":{"line":185,"column":13}},"111":{"start":{"line":184,"column":16},"end":{"line":184,"column":79}},"112":{"start":{"line":188,"column":4},"end":{"line":188,"column":24}},"113":{"start":{"line":193,"column":0},"end":{"line":208,"column":2}},"114":{"start":{"line":194,"column":2},"end":{"line":194,"column":20}},"115":{"start":{"line":195,"column":2},"end":{"line":195,"column":19}},"116":{"start":{"line":196,"column":2},"end":{"line":207,"column":5}},"117":{"start":{"line":197,"column":4},"end":{"line":197,"column":29}},"118":{"start":{"line":197,"column":13},"end":{"line":197,"column":28}},"119":{"start":{"line":198,"column":4},"end":{"line":199,"column":53}},"120":{"start":{"line":198,"column":48},"end":{"line":199,"column":52}},"121":{"start":{"line":200,"column":4},"end":{"line":206,"column":5}},"122":{"start":{"line":201,"column":6},"end":{"line":202,"column":68}},"123":{"start":{"line":204,"column":6},"end":{"line":204,"column":60}},"124":{"start":{"line":205,"column":6},"end":{"line":205,"column":19}},"125":{"start":{"line":211,"column":0},"end":{"line":228,"column":2}},"126":{"start":{"line":212,"column":2},"end":{"line":212,"column":20}},"127":{"start":{"line":213,"column":2},"end":{"line":213,"column":19}},"128":{"start":{"line":214,"column":2},"end":{"line":227,"column":5}},"129":{"start":{"line":216,"column":4},"end":{"line":216,"column":29}},"130":{"start":{"line":216,"column":13},"end":{"line":216,"column":28}},"131":{"start":{"line":217,"column":4},"end":{"line":218,"column":53}},"132":{"start":{"line":217,"column":48},"end":{"line":218,"column":52}},"133":{"start":{"line":219,"column":4},"end":{"line":220,"column":76}},"134":{"start":{"line":219,"column":40},"end":{"line":220,"column":75}},"135":{"start":{"line":221,"column":4},"end":{"line":221,"column":25}},"136":{"start":{"line":222,"column":4},"end":{"line":225,"column":5}},"137":{"start":{"line":223,"column":6},"end":{"line":223,"column":63}},"138":{"start":{"line":224,"column":6},"end":{"line":224,"column":24}},"139":{"start":{"line":226,"column":4},"end":{"line":226,"column":23}},"140":{"start":{"line":230,"column":0},"end":{"line":253,"column":2}},"141":{"start":{"line":231,"column":2},"end":{"line":231,"column":16}},"142":{"start":{"line":233,"column":2},"end":{"line":233,"column":23}},"143":{"start":{"line":234,"column":2},"end":{"line":234,"column":20}},"144":{"start":{"line":236,"column":2},"end":{"line":236,"column":41}},"145":{"start":{"line":237,"column":2},"end":{"line":237,"column":42}},"146":{"start":{"line":240,"column":2},"end":{"line":242,"column":3}},"147":{"start":{"line":241,"column":4},"end":{"line":241,"column":45}},"148":{"start":{"line":244,"column":2},"end":{"line":251,"column":4}},"149":{"start":{"line":245,"column":4},"end":{"line":245,"column":19}},"150":{"start":{"line":246,"column":4},"end":{"line":250,"column":5}},"151":{"start":{"line":247,"column":6},"end":{"line":247,"column":71}},"152":{"start":{"line":248,"column":6},"end":{"line":248,"column":71}},"153":{"start":{"line":249,"column":6},"end":{"line":249,"column":23}},"154":{"start":{"line":252,"column":2},"end":{"line":252,"column":14}},"155":{"start":{"line":255,"column":0},"end":{"line":264,"column":2}},"156":{"start":{"line":256,"column":2},"end":{"line":256,"column":46}},"157":{"start":{"line":256,"column":33},"end":{"line":256,"column":44}},"158":{"start":{"line":257,"column":2},"end":{"line":257,"column":13}},"159":{"start":{"line":258,"column":2},"end":{"line":262,"column":5}},"160":{"start":{"line":259,"column":4},"end":{"line":261,"column":5}},"161":{"start":{"line":260,"column":6},"end":{"line":260,"column":28}},"162":{"start":{"line":263,"column":2},"end":{"line":263,"column":20}},"163":{"start":{"line":266,"column":0},"end":{"line":281,"column":2}},"164":{"start":{"line":267,"column":2},"end":{"line":267,"column":19}},"165":{"start":{"line":268,"column":2},"end":{"line":280,"column":5}},"166":{"start":{"line":269,"column":4},"end":{"line":269,"column":35}},"167":{"start":{"line":269,"column":20},"end":{"line":269,"column":33}},"168":{"start":{"line":270,"column":4},"end":{"line":279,"column":5}},"169":{"start":{"line":273,"column":6},"end":{"line":273,"column":120}},"170":{"start":{"line":274,"column":6},"end":{"line":276,"column":39}},"171":{"start":{"line":275,"column":8},"end":{"line":275,"column":52}},"172":{"start":{"line":278,"column":6},"end":{"line":278,"column":25}},"173":{"start":{"line":290,"column":0},"end":{"line":349,"column":2}},"174":{"start":{"line":291,"column":2},"end":{"line":291,"column":24}},"175":{"start":{"line":292,"column":2},"end":{"line":292,"column":19}},"176":{"start":{"line":293,"column":2},"end":{"line":293,"column":39}},"177":{"start":{"line":294,"column":2},"end":{"line":295,"column":35}},"178":{"start":{"line":298,"column":2},"end":{"line":298,"column":34}},"179":{"start":{"line":299,"column":2},"end":{"line":299,"column":49}},"180":{"start":{"line":302,"column":2},"end":{"line":302,"column":44}},"181":{"start":{"line":304,"column":2},"end":{"line":304,"column":33}},"182":{"start":{"line":307,"column":2},"end":{"line":307,"column":61}},"183":{"start":{"line":309,"column":2},"end":{"line":309,"column":36}},"184":{"start":{"line":311,"column":2},"end":{"line":348,"column":5}},"185":{"start":{"line":312,"column":4},"end":{"line":312,"column":31}},"186":{"start":{"line":312,"column":14},"end":{"line":312,"column":29}},"187":{"start":{"line":314,"column":4},"end":{"line":314,"column":16}},"188":{"start":{"line":316,"column":4},"end":{"line":322,"column":21}},"189":{"start":{"line":317,"column":6},"end":{"line":317,"column":38}},"190":{"start":{"line":318,"column":6},"end":{"line":321,"column":7}},"191":{"start":{"line":319,"column":8},"end":{"line":319,"column":45}},"192":{"start":{"line":320,"column":8},"end":{"line":320,"column":33}},"193":{"start":{"line":323,"column":4},"end":{"line":329,"column":5}},"194":{"start":{"line":325,"column":6},"end":{"line":328,"column":23}},"195":{"start":{"line":326,"column":8},"end":{"line":326,"column":77}},"196":{"start":{"line":327,"column":8},"end":{"line":327,"column":62}},"197":{"start":{"line":331,"column":4},"end":{"line":347,"column":5}},"198":{"start":{"line":332,"column":6},"end":{"line":332,"column":86}},"199":{"start":{"line":333,"column":6},"end":{"line":333,"column":53}},"200":{"start":{"line":333,"column":16},"end":{"line":333,"column":51}},"201":{"start":{"line":335,"column":6},"end":{"line":335,"column":25}},"202":{"start":{"line":336,"column":6},"end":{"line":346,"column":7}},"203":{"start":{"line":337,"column":8},"end":{"line":337,"column":74}},"204":{"start":{"line":338,"column":8},"end":{"line":338,"column":24}},"205":{"start":{"line":339,"column":8},"end":{"line":339,"column":23}},"206":{"start":{"line":341,"column":8},"end":{"line":341,"column":96}},"207":{"start":{"line":342,"column":8},"end":{"line":342,"column":50}},"208":{"start":{"line":343,"column":8},"end":{"line":343,"column":28}},"209":{"start":{"line":344,"column":8},"end":{"line":344,"column":99}},"210":{"start":{"line":345,"column":8},"end":{"line":345,"column":117}},"211":{"start":{"line":352,"column":0},"end":{"line":390,"column":2}},"212":{"start":{"line":353,"column":2},"end":{"line":353,"column":19}},"213":{"start":{"line":356,"column":2},"end":{"line":356,"column":48}},"214":{"start":{"line":358,"column":2},"end":{"line":358,"column":79}},"215":{"start":{"line":361,"column":2},"end":{"line":361,"column":19}},"216":{"start":{"line":362,"column":2},"end":{"line":370,"column":3}},"217":{"start":{"line":364,"column":4},"end":{"line":364,"column":17}},"218":{"start":{"line":365,"column":4},"end":{"line":369,"column":6}},"219":{"start":{"line":366,"column":6},"end":{"line":366,"column":44}},"220":{"start":{"line":367,"column":6},"end":{"line":367,"column":53}},"221":{"start":{"line":368,"column":6},"end":{"line":368,"column":41}},"222":{"start":{"line":368,"column":17},"end":{"line":368,"column":39}},"223":{"start":{"line":373,"column":2},"end":{"line":376,"column":6}},"224":{"start":{"line":379,"column":2},"end":{"line":379,"column":29}},"225":{"start":{"line":380,"column":2},"end":{"line":382,"column":3}},"226":{"start":{"line":381,"column":4},"end":{"line":381,"column":32}},"227":{"start":{"line":383,"column":2},"end":{"line":383,"column":36}},"228":{"start":{"line":385,"column":2},"end":{"line":389,"column":5}},"229":{"start":{"line":386,"column":4},"end":{"line":386,"column":31}},"230":{"start":{"line":386,"column":14},"end":{"line":386,"column":29}},"231":{"start":{"line":387,"column":4},"end":{"line":387,"column":23}},"232":{"start":{"line":388,"column":4},"end":{"line":388,"column":25}},"233":{"start":{"line":393,"column":0},"end":{"line":398,"column":2}},"234":{"start":{"line":394,"column":2},"end":{"line":396,"column":3}},"235":{"start":{"line":395,"column":4},"end":{"line":395,"column":59}},"236":{"start":{"line":397,"column":2},"end":{"line":397,"column":14}},"237":{"start":{"line":402,"column":0},"end":{"line":402,"column":38}},"238":{"start":{"line":409,"column":0},"end":{"line":416,"column":2}},"239":{"start":{"line":410,"column":2},"end":{"line":410,"column":35}},"240":{"start":{"line":411,"column":2},"end":{"line":415,"column":5}},"241":{"start":{"line":423,"column":0},"end":{"line":430,"column":2}},"242":{"start":{"line":424,"column":2},"end":{"line":424,"column":35}},"243":{"start":{"line":425,"column":2},"end":{"line":429,"column":5}},"244":{"start":{"line":437,"column":0},"end":{"line":441,"column":2}},"245":{"start":{"line":438,"column":2},"end":{"line":438,"column":35}},"246":{"start":{"line":439,"column":2},"end":{"line":439,"column":38}},"247":{"start":{"line":439,"column":11},"end":{"line":439,"column":36}},"248":{"start":{"line":440,"column":2},"end":{"line":440,"column":24}},"249":{"start":{"line":443,"column":0},"end":{"line":443,"column":68}},"250":{"start":{"line":445,"column":0},"end":{"line":449,"column":2}},"251":{"start":{"line":446,"column":2},"end":{"line":446,"column":88}},"252":{"start":{"line":447,"column":2},"end":{"line":447,"column":44}},"253":{"start":{"line":448,"column":2},"end":{"line":448,"column":25}},"254":{"start":{"line":457,"column":0},"end":{"line":471,"column":2}},"255":{"start":{"line":458,"column":2},"end":{"line":458,"column":35}},"256":{"start":{"line":459,"column":2},"end":{"line":459,"column":19}},"257":{"start":{"line":461,"column":2},"end":{"line":470,"column":6}},"258":{"start":{"line":462,"column":4},"end":{"line":469,"column":5}},"259":{"start":{"line":463,"column":6},"end":{"line":463,"column":24}},"260":{"start":{"line":465,"column":6},"end":{"line":467,"column":9}},"261":{"start":{"line":466,"column":8},"end":{"line":466,"column":46}},"262":{"start":{"line":468,"column":6},"end":{"line":468,"column":58}},"263":{"start":{"line":478,"column":0},"end":{"line":485,"column":2}},"264":{"start":{"line":479,"column":2},"end":{"line":479,"column":35}},"265":{"start":{"line":480,"column":2},"end":{"line":484,"column":5}},"266":{"start":{"line":495,"column":0},"end":{"line":501,"column":2}},"267":{"start":{"line":496,"column":2},"end":{"line":496,"column":39}},"268":{"start":{"line":497,"column":2},"end":{"line":499,"column":26}},"269":{"start":{"line":500,"column":2},"end":{"line":500,"column":100}},"270":{"start":{"line":508,"column":0},"end":{"line":515,"column":2}},"271":{"start":{"line":509,"column":2},"end":{"line":509,"column":35}},"272":{"start":{"line":510,"column":2},"end":{"line":514,"column":5}},"273":{"start":{"line":522,"column":0},"end":{"line":530,"column":2}},"274":{"start":{"line":523,"column":2},"end":{"line":523,"column":35}},"275":{"start":{"line":524,"column":2},"end":{"line":529,"column":5}},"276":{"start":{"line":537,"column":0},"end":{"line":554,"column":2}},"277":{"start":{"line":538,"column":2},"end":{"line":538,"column":35}},"278":{"start":{"line":541,"column":2},"end":{"line":543,"column":3}},"279":{"start":{"line":542,"column":4},"end":{"line":542,"column":20}},"280":{"start":{"line":544,"column":2},"end":{"line":547,"column":3}},"281":{"start":{"line":546,"column":4},"end":{"line":546,"column":41}},"282":{"start":{"line":548,"column":2},"end":{"line":553,"column":5}},"283":{"start":{"line":559,"column":0},"end":{"line":563,"column":2}},"284":{"start":{"line":560,"column":2},"end":{"line":560,"column":35}},"285":{"start":{"line":562,"column":2},"end":{"line":562,"column":31}},"286":{"start":{"line":570,"column":0},"end":{"line":577,"column":2}},"287":{"start":{"line":571,"column":2},"end":{"line":571,"column":35}},"288":{"start":{"line":572,"column":2},"end":{"line":576,"column":5}},"289":{"start":{"line":584,"column":0},"end":{"line":591,"column":2}},"290":{"start":{"line":585,"column":2},"end":{"line":585,"column":35}},"291":{"start":{"line":586,"column":2},"end":{"line":590,"column":5}},"292":{"start":{"line":598,"column":0},"end":{"line":605,"column":2}},"293":{"start":{"line":599,"column":2},"end":{"line":599,"column":35}},"294":{"start":{"line":600,"column":2},"end":{"line":604,"column":5}},"295":{"start":{"line":612,"column":0},"end":{"line":620,"column":2}},"296":{"start":{"line":613,"column":2},"end":{"line":613,"column":35}},"297":{"start":{"line":614,"column":2},"end":{"line":619,"column":5}},"298":{"start":{"line":628,"column":0},"end":{"line":636,"column":2}},"299":{"start":{"line":629,"column":2},"end":{"line":629,"column":35}},"300":{"start":{"line":630,"column":2},"end":{"line":635,"column":5}},"301":{"start":{"line":644,"column":0},"end":{"line":655,"column":5}},"302":{"start":{"line":646,"column":2},"end":{"line":654,"column":4}},"303":{"start":{"line":647,"column":4},"end":{"line":647,"column":37}},"304":{"start":{"line":648,"column":4},"end":{"line":648,"column":36}},"305":{"start":{"line":649,"column":4},"end":{"line":649,"column":34}},"306":{"start":{"line":650,"column":4},"end":{"line":653,"column":8}},"307":{"start":{"line":651,"column":6},"end":{"line":651,"column":31}},"308":{"start":{"line":651,"column":15},"end":{"line":651,"column":30}},"309":{"start":{"line":652,"column":6},"end":{"line":652,"column":20}},"310":{"start":{"line":663,"column":0},"end":{"line":670,"column":2}},"311":{"start":{"line":664,"column":2},"end":{"line":664,"column":35}},"312":{"start":{"line":665,"column":2},"end":{"line":665,"column":34}},"313":{"start":{"line":666,"column":2},"end":{"line":669,"column":6}},"314":{"start":{"line":667,"column":4},"end":{"line":667,"column":29}},"315":{"start":{"line":667,"column":13},"end":{"line":667,"column":28}},"316":{"start":{"line":668,"column":4},"end":{"line":668,"column":18}},"317":{"start":{"line":680,"column":0},"end":{"line":692,"column":2}},"318":{"start":{"line":681,"column":2},"end":{"line":681,"column":39}},"319":{"start":{"line":682,"column":2},"end":{"line":684,"column":32}},"320":{"start":{"line":685,"column":2},"end":{"line":685,"column":34}},"321":{"start":{"line":686,"column":2},"end":{"line":691,"column":5}},"322":{"start":{"line":695,"column":0},"end":{"line":695,"column":102}},"323":{"start":{"line":706,"column":0},"end":{"line":719,"column":2}},"324":{"start":{"line":707,"column":2},"end":{"line":707,"column":39}},"325":{"start":{"line":708,"column":2},"end":{"line":710,"column":32}},"326":{"start":{"line":712,"column":2},"end":{"line":712,"column":34}},"327":{"start":{"line":713,"column":2},"end":{"line":718,"column":5}},"328":{"start":{"line":728,"column":0},"end":{"line":741,"column":2}},"329":{"start":{"line":729,"column":2},"end":{"line":729,"column":39}},"330":{"start":{"line":730,"column":2},"end":{"line":732,"column":32}},"331":{"start":{"line":734,"column":2},"end":{"line":734,"column":34}},"332":{"start":{"line":735,"column":2},"end":{"line":740,"column":5}},"333":{"start":{"line":744,"column":0},"end":{"line":744,"column":113}},"334":{"start":{"line":754,"column":0},"end":{"line":767,"column":2}},"335":{"start":{"line":755,"column":2},"end":{"line":755,"column":39}},"336":{"start":{"line":756,"column":2},"end":{"line":758,"column":32}},"337":{"start":{"line":760,"column":2},"end":{"line":760,"column":34}},"338":{"start":{"line":761,"column":2},"end":{"line":766,"column":5}},"339":{"start":{"line":775,"column":0},"end":{"line":784,"column":2}},"340":{"start":{"line":776,"column":2},"end":{"line":776,"column":85}},"341":{"start":{"line":776,"column":32},"end":{"line":776,"column":83}},"342":{"start":{"line":777,"column":2},"end":{"line":777,"column":35}},"343":{"start":{"line":778,"column":2},"end":{"line":783,"column":5}},"344":{"start":{"line":791,"column":0},"end":{"line":798,"column":2}},"345":{"start":{"line":792,"column":2},"end":{"line":792,"column":35}},"346":{"start":{"line":793,"column":2},"end":{"line":797,"column":5}},"347":{"start":{"line":805,"column":0},"end":{"line":812,"column":2}},"348":{"start":{"line":806,"column":0},"end":{"line":806,"column":33}},"349":{"start":{"line":807,"column":0},"end":{"line":811,"column":4}},"350":{"start":{"line":819,"column":0},"end":{"line":827,"column":2}},"351":{"start":{"line":820,"column":0},"end":{"line":820,"column":33}},"352":{"start":{"line":821,"column":0},"end":{"line":826,"column":5}},"353":{"start":{"line":836,"column":0},"end":{"line":845,"column":2}},"354":{"start":{"line":837,"column":2},"end":{"line":837,"column":39}},"355":{"start":{"line":838,"column":2},"end":{"line":839,"column":38}},"356":{"start":{"line":840,"column":0},"end":{"line":844,"column":4}},"357":{"start":{"line":855,"column":0},"end":{"line":867,"column":2}},"358":{"start":{"line":856,"column":2},"end":{"line":856,"column":39}},"359":{"start":{"line":857,"column":2},"end":{"line":860,"column":38}},"360":{"start":{"line":861,"column":0},"end":{"line":866,"column":4}},"361":{"start":{"line":876,"column":0},"end":{"line":885,"column":2}},"362":{"start":{"line":877,"column":2},"end":{"line":877,"column":39}},"363":{"start":{"line":878,"column":2},"end":{"line":879,"column":38}},"364":{"start":{"line":880,"column":2},"end":{"line":884,"column":7}},"365":{"start":{"line":895,"column":0},"end":{"line":907,"column":2}},"366":{"start":{"line":896,"column":2},"end":{"line":896,"column":39}},"367":{"start":{"line":897,"column":2},"end":{"line":900,"column":38}},"368":{"start":{"line":901,"column":2},"end":{"line":906,"column":5}},"369":{"start":{"line":914,"column":0},"end":{"line":921,"column":2}},"370":{"start":{"line":915,"column":2},"end":{"line":915,"column":35}},"371":{"start":{"line":916,"column":2},"end":{"line":920,"column":5}},"372":{"start":{"line":928,"column":0},"end":{"line":935,"column":2}},"373":{"start":{"line":929,"column":2},"end":{"line":929,"column":35}},"374":{"start":{"line":930,"column":2},"end":{"line":934,"column":5}},"375":{"start":{"line":937,"column":0},"end":{"line":944,"column":2}},"376":{"start":{"line":938,"column":2},"end":{"line":939,"column":95}},"377":{"start":{"line":940,"column":2},"end":{"line":940,"column":39}},"378":{"start":{"line":941,"column":2},"end":{"line":942,"column":24}},"379":{"start":{"line":943,"column":2},"end":{"line":943,"column":42}},"380":{"start":{"line":946,"column":0},"end":{"line":946,"column":82}},"381":{"start":{"line":956,"column":0},"end":{"line":962,"column":2}},"382":{"start":{"line":957,"column":2},"end":{"line":957,"column":39}},"383":{"start":{"line":958,"column":2},"end":{"line":959,"column":26}},"384":{"start":{"line":960,"column":2},"end":{"line":960,"column":48}},"385":{"start":{"line":961,"column":2},"end":{"line":961,"column":22}},"386":{"start":{"line":961,"column":11},"end":{"line":961,"column":20}},"387":{"start":{"line":969,"column":0},"end":{"line":977,"column":2}},"388":{"start":{"line":970,"column":2},"end":{"line":970,"column":35}},"389":{"start":{"line":971,"column":2},"end":{"line":976,"column":5}},"390":{"start":{"line":980,"column":0},"end":{"line":980,"column":80}},"391":{"start":{"line":987,"column":0},"end":{"line":995,"column":2}},"392":{"start":{"line":988,"column":2},"end":{"line":988,"column":35}},"393":{"start":{"line":989,"column":2},"end":{"line":994,"column":5}},"394":{"start":{"line":1003,"column":0},"end":{"line":1011,"column":2}},"395":{"start":{"line":1004,"column":2},"end":{"line":1004,"column":35}},"396":{"start":{"line":1005,"column":2},"end":{"line":1010,"column":5}},"397":{"start":{"line":1018,"column":0},"end":{"line":1026,"column":2}},"398":{"start":{"line":1019,"column":2},"end":{"line":1019,"column":35}},"399":{"start":{"line":1020,"column":2},"end":{"line":1025,"column":5}},"400":{"start":{"line":1035,"column":0},"end":{"line":1045,"column":2}},"401":{"start":{"line":1036,"column":2},"end":{"line":1036,"column":35}},"402":{"start":{"line":1037,"column":2},"end":{"line":1044,"column":5}},"403":{"start":{"line":1039,"column":6},"end":{"line":1042,"column":18}},"404":{"start":{"line":1040,"column":8},"end":{"line":1040,"column":75}},"405":{"start":{"line":1040,"column":31},"end":{"line":1040,"column":52}},"406":{"start":{"line":1040,"column":60},"end":{"line":1040,"column":74}},"407":{"start":{"line":1042,"column":8},"end":{"line":1042,"column":16}},"408":{"start":{"line":1054,"column":0},"end":{"line":1064,"column":2}},"409":{"start":{"line":1055,"column":2},"end":{"line":1055,"column":35}},"410":{"start":{"line":1056,"column":2},"end":{"line":1063,"column":5}},"411":{"start":{"line":1058,"column":6},"end":{"line":1061,"column":18}},"412":{"start":{"line":1059,"column":8},"end":{"line":1059,"column":70}},"413":{"start":{"line":1059,"column":31},"end":{"line":1059,"column":52}},"414":{"start":{"line":1059,"column":60},"end":{"line":1059,"column":69}},"415":{"start":{"line":1061,"column":8},"end":{"line":1061,"column":16}},"416":{"start":{"line":1072,"column":0},"end":{"line":1080,"column":2}},"417":{"start":{"line":1073,"column":2},"end":{"line":1073,"column":35}},"418":{"start":{"line":1074,"column":2},"end":{"line":1079,"column":5}},"419":{"start":{"line":1089,"column":0},"end":{"line":1097,"column":2}},"420":{"start":{"line":1090,"column":2},"end":{"line":1090,"column":35}},"421":{"start":{"line":1091,"column":2},"end":{"line":1096,"column":6}},"422":{"start":{"line":1092,"column":4},"end":{"line":1095,"column":16}},"423":{"start":{"line":1093,"column":6},"end":{"line":1093,"column":37}},"424":{"start":{"line":1095,"column":6},"end":{"line":1095,"column":14}},"425":{"start":{"line":1106,"column":0},"end":{"line":1162,"column":2}},"426":{"start":{"line":1107,"column":2},"end":{"line":1107,"column":35}},"427":{"start":{"line":1108,"column":2},"end":{"line":1108,"column":39}},"428":{"start":{"line":1109,"column":2},"end":{"line":1109,"column":11}},"429":{"start":{"line":1111,"column":2},"end":{"line":1120,"column":3}},"430":{"start":{"line":1112,"column":4},"end":{"line":1112,"column":24}},"431":{"start":{"line":1115,"column":4},"end":{"line":1119,"column":6}},"432":{"start":{"line":1123,"column":2},"end":{"line":1123,"column":38}},"433":{"start":{"line":1124,"column":2},"end":{"line":1124,"column":39}},"434":{"start":{"line":1126,"column":2},"end":{"line":1126,"column":62}},"435":{"start":{"line":1126,"column":23},"end":{"line":1126,"column":60}},"436":{"start":{"line":1128,"column":2},"end":{"line":1128,"column":19}},"437":{"start":{"line":1129,"column":2},"end":{"line":1129,"column":42}},"438":{"start":{"line":1131,"column":2},"end":{"line":1144,"column":4}},"439":{"start":{"line":1133,"column":6},"end":{"line":1133,"column":54}},"440":{"start":{"line":1134,"column":6},"end":{"line":1142,"column":7}},"441":{"start":{"line":1135,"column":8},"end":{"line":1141,"column":10}},"442":{"start":{"line":1136,"column":26},"end":{"line":1136,"column":46}},"443":{"start":{"line":1138,"column":12},"end":{"line":1139,"column":31}},"444":{"start":{"line":1138,"column":32},"end":{"line":1138,"column":48}},"445":{"start":{"line":1139,"column":19},"end":{"line":1139,"column":29}},"446":{"start":{"line":1146,"column":2},"end":{"line":1159,"column":3}},"447":{"start":{"line":1147,"column":4},"end":{"line":1158,"column":7}},"448":{"start":{"line":1148,"column":6},"end":{"line":1148,"column":33}},"449":{"start":{"line":1148,"column":16},"end":{"line":1148,"column":31}},"450":{"start":{"line":1149,"column":6},"end":{"line":1157,"column":7}},"451":{"start":{"line":1150,"column":8},"end":{"line":1150,"column":24}},"452":{"start":{"line":1152,"column":8},"end":{"line":1156,"column":9}},"453":{"start":{"line":1153,"column":10},"end":{"line":1153,"column":55}},"454":{"start":{"line":1155,"column":10},"end":{"line":1155,"column":42}},"455":{"start":{"line":1161,"column":2},"end":{"line":1161,"column":9}},"456":{"start":{"line":1163,"column":0},"end":{"line":1163,"column":59}},"457":{"start":{"line":1173,"column":0},"end":{"line":1244,"column":2}},"458":{"start":{"line":1175,"column":2},"end":{"line":1175,"column":35}},"459":{"start":{"line":1176,"column":2},"end":{"line":1176,"column":39}},"460":{"start":{"line":1177,"column":2},"end":{"line":1178,"column":27}},"461":{"start":{"line":1179,"column":2},"end":{"line":1179,"column":11}},"462":{"start":{"line":1182,"column":2},"end":{"line":1195,"column":3}},"463":{"start":{"line":1183,"column":4},"end":{"line":1183,"column":24}},"464":{"start":{"line":1184,"column":9},"end":{"line":1195,"column":3}},"465":{"start":{"line":1185,"column":4},"end":{"line":1189,"column":6}},"466":{"start":{"line":1191,"column":4},"end":{"line":1194,"column":6}},"467":{"start":{"line":1198,"column":2},"end":{"line":1198,"column":86}},"468":{"start":{"line":1198,"column":67},"end":{"line":1198,"column":82}},"469":{"start":{"line":1200,"column":2},"end":{"line":1213,"column":4}},"470":{"start":{"line":1202,"column":6},"end":{"line":1202,"column":49}},"471":{"start":{"line":1203,"column":6},"end":{"line":1211,"column":7}},"472":{"start":{"line":1204,"column":8},"end":{"line":1210,"column":10}},"473":{"start":{"line":1205,"column":23},"end":{"line":1205,"column":38}},"474":{"start":{"line":1207,"column":12},"end":{"line":1208,"column":31}},"475":{"start":{"line":1207,"column":32},"end":{"line":1207,"column":48}},"476":{"start":{"line":1208,"column":19},"end":{"line":1208,"column":29}},"477":{"start":{"line":1215,"column":2},"end":{"line":1229,"column":4}},"478":{"start":{"line":1217,"column":6},"end":{"line":1227,"column":9}},"479":{"start":{"line":1218,"column":8},"end":{"line":1218,"column":35}},"480":{"start":{"line":1218,"column":18},"end":{"line":1218,"column":33}},"481":{"start":{"line":1219,"column":8},"end":{"line":1226,"column":30}},"482":{"start":{"line":1220,"column":10},"end":{"line":1223,"column":13}},"483":{"start":{"line":1221,"column":12},"end":{"line":1221,"column":39}},"484":{"start":{"line":1221,"column":22},"end":{"line":1221,"column":37}},"485":{"start":{"line":1222,"column":12},"end":{"line":1222,"column":61}},"486":{"start":{"line":1226,"column":12},"end":{"line":1226,"column":28}},"487":{"start":{"line":1232,"column":2},"end":{"line":1243,"column":7}},"488":{"start":{"line":1238,"column":6},"end":{"line":1242,"column":7}},"489":{"start":{"line":1239,"column":8},"end":{"line":1239,"column":61}},"490":{"start":{"line":1241,"column":8},"end":{"line":1241,"column":23}},"491":{"start":{"line":1245,"column":0},"end":{"line":1245,"column":73}},"
[...]
"56":{"start":{"line":137,"column":2},"end":{"line":178,"column":3}},"57":{"start":{"line":138,"column":4},"end":{"line":177,"column":6}},"58":{"start":{"line":139,"column":6},"end":{"line":139,"column":23}},"59":{"start":{"line":140,"column":6},"end":{"line":140,"column":19}},"60":{"start":{"line":141,"column":6},"end":{"line":141,"column":34}},"61":{"start":{"line":142,"column":6},"end":{"line":142,"column":31}},"62":{"start":{"line":143,"column":6},"end":{"line":145,"column":9}},"63":{"start":{"line":144,"column":8},"end":{"line":144,"column":64}},"64":{"start":{"line":150,"column":6},"end":{"line":152,"column":7}},"65":{"start":{"line":151,"column":8},"end":{"line":151,"column":19}},"66":{"start":{"line":156,"column":6},"end":{"line":166,"column":7}},"67":{"start":{"line":160,"column":8},"end":{"line":160,"column":30}},"68":{"start":{"line":161,"column":8},"end":{"line":165,"column":11}},"69":{"start":{"line":162,"column":10},"end":{"line":162,"column":32}},"70":{"start":{"line":164,"column":10},"end":{"line":164,"column":26}},"71":{"start":{"line":168,"column":6},"end":{"line":168,"column":45}},"72":{"start":{"line":169,"column":6},"end":{"line":169,"column":61}},"73":{"start":{"line":170,"column":6},"end":{"line":170,"column":27}},"74":{"start":{"line":172,"column":6},"end":{"line":176,"column":7}},"75":{"start":{"line":173,"column":8},"end":{"line":173,"column":46}},"76":{"start":{"line":175,"column":8},"end":{"line":175,"column":32}},"77":{"start":{"line":180,"column":2},"end":{"line":180,"column":45}},"78":{"start":{"line":183,"column":2},"end":{"line":185,"column":4}},"79":{"start":{"line":184,"column":4},"end":{"line":184,"column":42}},"80":{"start":{"line":188,"column":2},"end":{"line":188,"column":62}},"81":{"start":{"line":191,"column":2},"end":{"line":194,"column":4}},"82":{"start":{"line":192,"column":4},"end":{"line":192,"column":71}},"83":{"start":{"line":193,"column":4},"end":{"line":193,"column":39}},"84":{"start":{"line":196,"column":2},"end":{"line":196,"column":66}},"85":{"start":{"line":198,"column":2},"end":{"line":198,"column":55}},"86":{"start":{"line":201,"column":2},"end":{"line":203,"column":5}},"87":{"start":{"line":202,"column":4},"end":{"line":202,"column":80}},"88":{"start":{"line":206,"column":2},"end":{"line":208,"column":5}},"89":{"start":{"line":207,"column":4},"end":{"line":207,"column":76}},"90":{"start":{"line":215,"column":2},"end":{"line":215,"column":69}},"91":{"start":{"line":216,"column":2},"end":{"line":216,"column":65}},"92":{"start":{"line":223,"column":2},"end":{"line":227,"column":4}},"93":{"start":{"line":224,"column":4},"end":{"line":224,"column":34}},"94":{"start":{"line":225,"column":4},"end":{"line":225,"column":27}},"95":{"start":{"line":226,"column":4},"end":{"line":226,"column":20}},"96":{"start":{"line":228,"column":2},"end":{"line":232,"column":4}},"97":{"start":{"line":229,"column":4},"end":{"line":229,"column":34}},"98":{"start":{"line":230,"column":4},"end":{"line":230,"column":41}},"99":{"start":{"line":231,"column":4},"end":{"line":231,"column":20}},"100":{"start":{"line":235,"column":2},"end":{"line":237,"column":4}},"101":{"start":{"line":236,"column":4},"end":{"line":236,"column":43}},"102":{"start":{"line":236,"column":20},"end":{"line":236,"column":41}},"103":{"start":{"line":238,"column":2},"end":{"line":240,"column":4}},"104":{"start":{"line":239,"column":4},"end":{"line":239,"column":51}},"105":{"start":{"line":239,"column":20},"end":{"line":239,"column":49}},"106":{"start":{"line":243,"column":2},"end":{"line":243,"column":37}},"107":{"start":{"line":246,"column":2},"end":{"line":268,"column":4}},"108":{"start":{"line":247,"column":4},"end":{"line":267,"column":7}},"109":{"start":{"line":248,"column":6},"end":{"line":248,"column":27}},"110":{"start":{"line":249,"column":6},"end":{"line":253,"column":7}},"111":{"start":{"line":250,"column":8},"end":{"line":250,"column":21}},"112":{"start":{"line":252,"column":8},"end":{"line":252,"column":53}},"113":{"start":{"line":254,"column":6},"end":{"line":256,"column":7}},"114":{"start":{"line":255,"column":8},"end":{"line":255,"column":19}},"115":{"start":{"line":257,"column":6},"end":{"line":265,"column":27}},"116":{"start":{"line":258,"column":8},"end":{"line":264,"column":9}},"117":{"start":{"line":259,"column":10},"end":{"line":259,"column":32}},"118":{"start":{"line":260,"column":15},"end":{"line":264,"column":9}},"119":{"start":{"line":261,"column":10},"end":{"line":261,"column":37}},"120":{"start":{"line":263,"column":10},"end":{"line":263,"column":21}},"121":{"start":{"line":266,"column":6},"end":{"line":266,"column":68}},"122":{"start":{"line":270,"column":2},"end":{"line":270,"column":26}}},"branchMap":{"1":{"line":17,"type":"binary-expr","locations":[{"start":{"line":17,"column":12},"end":{"line":17,"column":41}},{"start":{"line":18,"column":12},"end":{"line":18,"column":42}}]},"2":{"line":26,"type":"if","locations":[{"start":{"line":26,"column":2},"end":{"line":26,"column":2}},{"start":{"line":26,"column":2},"end":{"line":26,"column":2}}]},"3":{"line":26,"type":"binary-expr","locations":[{"start":{"line":26,"column":5},"end":{"line":26,"column":25}},{"start":{"line":26,"column":29},"end":{"line":26,"column":55}}]},"4":{"line":49,"type":"cond-expr","locations":[{"start":{"line":49,"column":16},"end":{"line":49,"column":56}},{"start":{"line":49,"column":59},"end":{"line":49,"column":61}}]},"5":{"line":61,"type":"if","locations":[{"start":{"line":61,"column":8},"end":{"line":61,"column":8}},{"start":{"line":61,"column":8},"end":{"line":61,"column":8}}]},"6":{"line":61,"type":"binary-expr","locations":[{"start":{"line":61,"column":11},"end":{"line":61,"column":15}},{"start":{"line":61,"column":19},"end":{"line":61,"column":26}},{"start":{"line":61,"column":30},"end":{"line":61,"column":57}},{"start":{"line":61,"column":61},"end":{"line":61,"column":84}}]},"7":{"line":69,"type":"if","locations":[{"start":{"line":69,"column":10},"end":{"line":69,"column":10}},{"start":{"line":69,"column":10},"end":{"line":69,"column":10}}]},"8":{"line":69,"type":"binary-expr","locations":[{"start":{"line":69,"column":13},"end":{"line":69,"column":20}},{"start":{"line":69,"column":24},"end":{"line":69,"column":46}}]},"9":{"line":75,"type":"binary-expr","locations":[{"start":{"line":75,"column":12},"end":{"line":75,"column":14}},{"start":{"line":75,"column":18},"end":{"line":75,"column":63}}]},"10":{"line":77,"type":"if","locations":[{"start":{"line":77,"column":10},"end":{"line":77,"column":10}},{"start":{"line":77,"column":10},"end":{"line":77,"column":10}}]},"11":{"line":77,"type":"binary-expr","locations":[{"start":{"line":77,"column":13},"end":{"line":77,"column":29}},{"start":{"line":77,"column":33},"end":{"line":77,"column":49}}]},"12":{"line":82,"type":"if","locations":[{"start":{"line":82,"column":10},"end":{"line":82,"column":10}},{"start":{"line":82,"column":10},"end":{"line":82,"column":10}}]},"13":{"line":82,"type":"binary-expr","locations":[{"start":{"line":82,"column":13},"end":{"line":82,"column":28}},{"start":{"line":82,"column":32},"end":{"line":82,"column":47}}]},"14":{"line":84,"type":"if","locations":[{"start":{"line":84,"column":12},"end":{"line":84,"column":12}},{"start":{"line":84,"column":12},"end":{"line":84,"column":12}}]},"15":{"line":86,"type":"if","locations":[{"start":{"line":86,"column":19},"end":{"line":86,"column":19}},{"start":{"line":86,"column":19},"end":{"line":86,"column":19}}]},"16":{"line":88,"type":"if","locations":[{"start":{"line":88,"column":19},"end":{"line":88,"column":19}},{"start":{"line":88,"column":19},"end":{"line":88,"column":19}}]},"17":{"line":88,"type":"binary-expr","locations":[{"start":{"line":88,"column":22},"end":{"line":88,"column":44}},{"start":{"line":88,"column":49},"end":{"line":88,"column":56}},{"start":{"line":88,"column":60},"end":{"line":88,"column":86}}]},"18":{"line":98,"type":"if","locations":[{"start":{"line":98,"column":10},"end":{"line":98,"column":10}},{"start":{"line":98,"column":10},"end":{"line":98,"column":10}}]},"19":{"line":101,"type":"if","locations":[{"start":{"line":101,"column":14},"end":{"line":101,"column":14}},{"start":{"line":101,"column":14},"end":{"line":101,"column":14}}]},"20":{"line":150,"type":"binary-expr","locations":[{"start":{"line":150,"column":36},"end":{"line":150,"column":42}},{"start":{"line":150,"column":46},"end":{"line":150,"column":67}}]},"21":{"line":156,"type":"if","locations":[{"start":{"line":156,"column":6},"end":{"line":156,"column":6}},{"start":{"line":156,"column":6},"end":{"line":156,"column":6}}]},"22":{"line":172,"type":"if","locations":[{"start":{"line":172,"column":6},"end":{"line":172,"column":6}},{"start":{"line":172,"column":6},"end":{"line":172,"column":6}}]},"23":{"line":192,"type":"cond-expr","locations":[{"start":{"line":192,"column":39},"end":{"line":192,"column":65}},{"start":{"line":192,"column":68},"end":{"line":192,"column":70}}]},"24":{"line":236,"type":"if","locations":[{"start":{"line":236,"column":4},"end":{"line":236,"column":4}},{"start":{"line":236,"column":4},"end":{"line":236,"column":4}}]},"25":{"line":239,"type":"if","locations":[{"start":{"line":239,"column":4},"end":{"line":239,"column":4}},{"start":{"line":239,"column":4},"end":{"line":239,"column":4}}]},"26":{"line":249,"type":"if","locations":[{"start":{"line":249,"column":6},"end":{"line":249,"column":6}},{"start":{"line":249,"column":6},"end":{"line":249,"column":6}}]},"27":{"line":254,"type":"if","locations":[{"start":{"line":254,"column":6},"end":{"line":254,"column":6}},{"start":{"line":254,"column":6},"end":{"line":254,"column":6}}]},"28":{"line":258,"type":"if","locations":[{"start":{"line":258,"column":8},"end":{"line":258,"column":8}},{"start":{"line":258,"column":8},"end":{"line":258,"column":8}}]},"29":{"line":260,"type":"if","locations":[{"start":{"line":260,"column":15},"end":{"line":260,"column":15}},{"start":{"line":260,"column":15},"end":{"line":260,"column":15}}]}}},"/Users/baba/Documents/Work/wd/lib/deprecated-chain.js":{"path":"/Users/baba/Documents/Work/wd/lib/deprecated-chain.js","s":{"1":1,"2":1,"3":1,"4":1,"5":12,"6":12,"7":12,"8":12,"9":0,"10":12,"11":8,"12":0,"13":0,"14":12,"15":8,"16":40,"17":32,"18":32,"19":32,"20":32,"21":28,"22":32,"23":32,"24":8,"25":8,"26":0,"27":8,"28":40,"29":8,"30":0,"31":0,"32":0,"33":0,"34":0,"35":0,"36":0,"37":0,"38":12,"39":12,"40":2448,"41":40,"42":40,"43":12,"44":2460,"45":2448,"46":12,"47":1,"48":0,"49":0,"50":1,"51":0,"52":0,"53":0,"54":1,"55":0,"56":1,"57":0,"58":0,"59":1,"60":4,"61":4,"62":1,"63":8,"64":48},"b":{"1":[12,0],"2":[0,12],"3":[8,4],"4":[0,0],"5":[8,4],"6":[32,8],"7":[40,40],"8":[4,28],"9":[28,4],"10":[32,0],"11":[0,8],"12":[0,0],"13":[0,0],"14":[0,0],"15":[0,0],"16":[2448,12]},"f":{"1":12,"2":0,"3":40,"4":32,"5":8,"6":0,"7":0,"8":2448,"9":40,"10":2460,"11":0,"12":0,"13":0,"14":0,"15":0,"16":4,"17":8,"18":48},"fnMap":{"1":{"name":"(anonymous_1)","line":6,"loc":{"start":{"line":6,"column":24},"end":{"line":6,"column":37}}},"2":{"name":"(anonymous_2)","line":15,"loc":{"start":{"line":15,"column":33},"end":{"line":15,"column":47}}},"3":{"name":"(anonymous_3)","line":22,"loc":{"start":{"line":22,"column":31},"end":{"line":22,"column":57}}},"4":{"name":"(anonymous_4)","line":29,"loc":{"start":{"line":29,"column":28},"end":{"line":29,"column":42}}},"5":{"name":"(anonymous_5)","line":40,"loc":{"start":{"line":40,"column":23},"end":{"line":40,"column":37}}},"6":{"name":"(anonymous_6)","line":55,"loc":{"start":{"line":55,"column":15},"end":{"line":55,"column":41}}},"7":{"name":"(anonymous_7)","line":60,"loc":{"start":{"line":60,"column":21},"end":{"line":60,"column":36}}},"8":{"name":"(anonymous_8)","line":77,"loc":{"start":{"line":77,"column":25},"end":{"line":77,"column":39}}},"9":{"name":"(anonymous_9)","line":78,"loc":{"start":{"line":78,"column":11},"end":{"line":78,"column":21}}},"10":{"name":"(anonymous_10)","line":85,"loc":{"start":{"line":85,"column":29},"end":{"line":85,"column":41}}},"11":{"name":"(anonymous_11)","line":95,"loc":{"start":{"line":95,"column":28},"end":{"line":95,"column":38}}},"12":{"name":"(anonymous_12)","line":100,"loc":{"start":{"line":100,"column":29},"end":{"line":100,"column":52}}},"13":{"name":"(anonymous_13)","line":101,"loc":{"start":{"line":101,"column":13},"end":{"line":101,"column":24}}},"14":{"name":"(anonymous_14)","line":107,"loc":{"start":{"line":107,"column":23},"end":{"line":107,"column":33}}},"15":{"name":"(anonymous_15)","line":111,"loc":{"start":{"line":111,"column":27},"end":{"line":111,"column":41}}},"16":{"name":"(anonymous_16)","line":116,"loc":{"start":{"line":116,"column":32},"end":{"line":116,"column":51}}},"17":{"name":"(anonymous_17)","line":122,"loc":{"start":{"line":122,"column":9},"end":{"line":122,"column":27}}},"18":{"name":"(anonymous_18)","line":123,"loc":{"start":{"line":123,"column":38},"end":{"line":123,"column":59}}}},"statementMap":{"1":{"start":{"line":1,"column":0},"end":{"line":1,"column":29}},"2":{"start":{"line":2,"column":0},"end":{"line":2,"column":26}},"3":{"start":{"line":4,"column":0},"end":{"line":4,"column":24}},"4":{"start":{"line":6,"column":0},"end":{"line":92,"column":2}},"5":{"start":{"line":7,"column":2},"end":{"line":7,"column":19}},"6":{"start":{"line":8,"column":2},"end":{"line":8,"column":25}},"7":{"start":{"line":8,"column":14},"end":{"line":8,"column":23}},"8":{"start":{"line":12,"column":2},"end":{"line":18,"column":3}},"9":{"start":{"line":13,"column":4},"end":{"line":13,"column":45}},"10":{"start":{"line":14,"column":9},"end":{"line":18,"column":3}},"11":{"start":{"line":15,"column":4},"end":{"line":17,"column":6}},"12":{"start":{"line":16,"column":6},"end":{"line":16,"column":77}},"13":{"start":{"line":16,"column":17},"end":{"line":16,"column":75}},"14":{"start":{"line":21,"column":2},"end":{"line":72,"column":3}},"15":{"start":{"line":22,"column":4},"end":{"line":51,"column":10}},"16":{"start":{"line":23,"column":6},"end":{"line":47,"column":7}},"17":{"start":{"line":27,"column":8},"end":{"line":27,"column":80}},"18":{"start":{"line":28,"column":8},"end":{"line":28,"column":37}},"19":{"start":{"line":29,"column":8},"end":{"line":36,"column":10}},"20":{"start":{"line":33,"column":10},"end":{"line":34,"column":44}},"21":{"start":{"line":34,"column":14},"end":{"line":34,"column":42}},"22":{"start":{"line":35,"column":10},"end":{"line":35,"column":53}},"23":{"start":{"line":35,"column":37},"end":{"line":35,"column":51}},"24":{"start":{"line":40,"column":8},"end":{"line":46,"column":11}},"25":{"start":{"line":44,"column":10},"end":{"line":45,"column":30}},"26":{"start":{"line":44,"column":21},"end":{"line":44,"column":54}},"27":{"start":{"line":45,"column":17},"end":{"line":45,"column":28}},"28":{"start":{"line":50,"column":6},"end":{"line":50,"column":47}},"29":{"start":{"line":54,"column":4},"end":{"line":71,"column":7}},"30":{"start":{"line":56,"column":8},"end":{"line":56,"column":25}},"31":{"start":{"line":57,"column":8},"end":{"line":59,"column":9}},"32":{"start":{"line":58,"column":12},"end":{"line":58,"column":26}},"33":{"start":{"line":60,"column":8},"end":{"line":69,"column":11}},"34":{"start":{"line":61,"column":12},"end":{"line":64,"column":15}},"35":{"start":{"line":65,"column":12},"end":{"line":67,"column":13}},"36":{"start":{"line":66,"column":16},"end":{"line":66,"column":34}},"37":{"start":{"line":68,"column":12},"end":{"line":68,"column":42}},"38":{"start":{"line":74,"column":2},"end":{"line":74,"column":17}},"39":{"start":{"line":77,"column":2},"end":{"line":82,"column":4}},"40":{"start":{"line":78,"column":4},"end":{"line":81,"column":6}},"41":{"start":{"line":79,"column":6},"end":{"line":79,"column":86}},"42":{"start":{"line":80,"column":6},"end":{"line":80,"column":19}},"43":{"start":{"line":85,"column":2},"end":{"line":89,"column":5}},"44":{"start":{"line":86,"column":4},"end":{"line":88,"column":5}},"45":{"start":{"line":87,"column":6},"end":{"line":87,"column":37}},"46":{"start":{"line":91,"column":2},"end":{"line":91,"column":15}},"47":{"start":{"line":95,"column":0},"end":{"line":98,"column":2}},"48":{"start":{"line":96,"column":2},"end":{"line":96,"column":27}},"49":{"start":{"line":97,"column":2},"end":{"line":97,"column":21}},"50":{"start":{"line":100,"column":0},"end":{"line":105,"column":2}},"51":{"start":{"line":101,"column":2},"end":{"line":103,"column":16}},"52":{"start":{"line":102,"column":4},"end":{"line":102,"column":9}},"53":{"start":{"line":104,"column":2},"end":{"line":104,"column":20}},"54":{"start":{"line":107,"column":0},"end":{"line":109,"column":2}},"55":{"start":{"line":108,"column":2},"end":{"line":108,"column":69}},"56":{"start":{"line":111,"column":0},"end":{"line":114,"column":2}},"57":{"start":{"line":112,"column":2},"end":{"line":112,"column":9}},"58":{"start":{"line":113,"column":2},"end":{"line":113,"column":20}},"59":{"start":{"line":116,"column":0},"end":{"line":119,"column":2}},"60":{"start":{"line":117,"column":2},"end":{"line":117,"column":11}},"61":{"start":{"line":118,"column":2},"end":{"line":118,"column":20}},"62":{"start":{"line":121,"column":0},"end":{"line":127,"column":2}},"63":{"start":{"line":123,"column":4},"end":{"line":125,"column":7}},"64":{"start":{"line":124,"column":6},"end":{"line":124,"column":70}}},"branchMap":{"1":{"line":8,"type":"if","locations":[{"start":{"line":8,"column":2},"end":{"line":8,"column":2}},{"start":{"line":8,"column":2},"end":{"line":8,"column":2}}]},"2":{"line":12,"type":"if","locations":[{"start":{"line":12,"column":2},"end":{"line":12,"column":2}},{"start":{"line":12,"column":2},"end":{"line":12,"column":2}}]},"3":{"line":14,"type":"if","locations":[{"start":{"line":14,"column":9},"end":{"line":14,"column":9}},{"start":{"line":14,"column":9},"end":{"line":14,"column":9}}]},"4":{"line":16,"type":"if","locations":[{"start":{"line":16,"column":6},"end":{"line":16,"column":6}},{"start":{"line":16,"column":6},"end":{"line":16,"column":6}}]},"5":{"line":21,"type":"if","locations":[{"start":{"line":21,"column":2},"end":{"line":21,"column":2}},{"start":{"line":21,"column":2},"end":{"line":21,"column":2}}]},"6":{"line":23,"type":"if","locations":[{"start":{"line":23,"column":6},"end":{"line":23,"column":6}},{"start":{"line":23,"column":6},"end":{"line":23,"column":6}}]},"7":{"line":23,"type":"binary-expr","locations":[{"start":{"line":23,"column":9},"end":{"line":23,"column":29}},{"start":{"line":23,"column":33},"end":{"line":23,"column":84}}]},"8":{"line":27,"type":"cond-expr","locations":[{"start":{"line":27,"column":54},"end":{"line":27,"column":55}},{"start":{"line":27,"column":58},"end":{"line":27,"column":78}}]},"9":{"line":33,"type":"if","locations":[{"start":{"line":33,"column":10},"end":{"line":33,"column":10}},{"start":{"line":33,"column":10},"end":{"line":33,"column":10}}]},"10":{"line":35,"type":"if","locations":[{"start":{"line":35,"column":10},"end":{"line":35,"column":10}},{"start":{"line":35,"column":10},"end":{"line":35,"column":10}}]},"11":{"line":44,"type":"if","locations":[{"start":{"line":44,"column":10},"end":{"line":44,"column":10}},{"start":{"line":44,"column":10},"end":{"line":44,"column":10}}]},"12":{"line":57,"type":"if","locations":[{"start":{"line":57,"column":8},"end":{"line":57,"column":8}},{"start":{"line":57,"column":8},"end":{"line":57,"column":8}}]},"13":{"line":63,"type":"cond-expr","locations":[{"start":{"line":63,"column":59},"end":{"line":63,"column":67}},{"start":{"line":63,"column":70},"end":{"line":63,"column":74}}]},"14":{"line":65,"type":"if","locations":[{"start":{"line":65,"column":12},"end":{"line":65,"column":12}},{"start":{"line":65,"column":12},"end":{"line":65,"column":12}}]},"15":{"line":65,"type":"binary-expr","locations":[{"start":{"line":65,"column":16},"end":{"line":65,"column":31}},{"start":{"line":65,"column":35},"end":{"line":65,"column":75}}]},"16":{"line":86,"type":"if","locations":[{"start":{"line":86,"column":4},"end":{"line":86,"column":4}},{"start":{"line":86,"column":4},"end":{"line":86,"column":4}}]}}}}