{"/Users/seb/Documents/Work/wd/lib/main.js":{"path":"/Users/seb/Documents/Work/wd/lib/main.js","s":{"1":1,"2":1,"3":1,"4":1,"5":1,"6":1,"7":1,"8":1,"9":1,"10":1,"11":44,"12":44,"13":3,"14":3,"15":44,"16":1,"17":1,"18":44,"19":1,"20":1,"21":44,"22":1,"23":1,"24":44,"25":5,"26":5,"27":44,"28":4,"29":4,"30":4,"31":44,"32":44,"33":44,"34":1,"35":44,"36":1,"37":58,"38":58,"39":20,"40":38,"41":14,"42":24,"43":58,"44":14,"45":14,"46":58,"47":1,"48":35,"49":35,"50":35,"51":1,"52":4,"53":4,"54":4,"55":1,"56":19,"57":19,"58":19,"59":1,"60":1,"61":1,"62":1,"63":1,"64":1},"b":{"1":[3,41],"2":[44,8,4],"3":[1,43],"4":[1,43],"5":[1,43],"6":[5,39],"7":[4,40],"8":[44,4],"9":[1,43],"10":[20,38],"11":[14,24],"12":[38,17],"13":[14,44],"14":[14,0],"15":[14,14],"16":[34,1],"17":[4,0],"18":[19,0]},"f":{"1":44,"2":58,"3":35,"4":4,"5":19},"fnMap":{"1":{"name":"buildConfigUrl","line":15,"loc":{"start":{"line":15,"column":0},"end":{"line":16,"column":0}}},"2":{"name":"(anonymous_2)","line":73,"loc":{"start":{"line":73,"column":26},"end":{"line":73,"column":41}}},"3":{"name":"(anonymous_3)","line":105,"loc":{"start":{"line":105,"column":17},"end":{"line":105,"column":28}}},"4":{"name":"(anonymous_4)","line":113,"loc":{"start":{"line":113,"column":24},"end":{"line":113,"column":35}}},"5":{"name":"(anonymous_5)","line":120,"loc":{"start":{"line":120,"column":29},"end":{"line":120,"column":40}}}},"statementMap":{"1":{"start":{"line":1,"column":0},"end":{"line":1,"column":36}},"2":{"start":{"line":2,"column":0},"end":{"line":2,"column":25}},"3":{"start":{"line":3,"column":0},"end":{"line":3,"column":45}},"4":{"start":{"line":4,"column":0},"end":{"line":4,"column":39}},"5":{"start":{"line":5,"column":0},"end":{"line":5,"column":54}},"6":{"start":{"line":6,"column":0},"end":{"line":6,"column":31}},"7":{"start":{"line":7,"column":0},"end":{"line":7,"column":26}},"8":{"start":{"line":8,"column":0},"end":{"line":8,"column":21}},"9":{"start":{"line":11,"column":0},"end":{"line":13,"column":2}},"10":{"start":{"line":15,"column":0},"end":{"line":70,"column":1}},"11":{"start":{"line":17,"column":2},"end":{"line":17,"column":44}},"12":{"start":{"line":20,"column":2},"end":{"line":24,"column":3}},"13":{"start":{"line":22,"column":4},"end":{"line":22,"column":40}},"14":{"start":{"line":23,"column":4},"end":{"line":23,"column":26}},"15":{"start":{"line":27,"column":2},"end":{"line":30,"column":3}},"16":{"start":{"line":28,"column":4},"end":{"line":28,"column":40}},"17":{"start":{"line":29,"column":4},"end":{"line":29,"column":30}},"18":{"start":{"line":33,"column":2},"end":{"line":36,"column":3}},"19":{"start":{"line":34,"column":4},"end":{"line":34,"column":40}},"20":{"start":{"line":35,"column":4},"end":{"line":35,"column":31}},"21":{"start":{"line":39,"column":2},"end":{"line":42,"column":3}},"22":{"start":{"line":40,"column":4},"end":{"line":40,"column":34}},"23":{"start":{"line":41,"column":4},"end":{"line":41,"column":27}},"24":{"start":{"line":45,"column":2},"end":{"line":48,"column":3}},"25":{"start":{"line":46,"column":4},"end":{"line":46,"column":40}},"26":{"start":{"line":47,"column":4},"end":{"line":47,"column":26}},"27":{"start":{"line":51,"column":2},"end":{"line":55,"column":3}},"28":{"start":{"line":52,"column":4},"end":{"line":52,"column":58}},"29":{"start":{"line":53,"column":4},"end":{"line":53,"column":26}},"30":{"start":{"line":54,"column":4},"end":{"line":54,"column":25}},"31":{"start":{"line":57,"column":2},"end":{"line":62,"column":5}},"32":{"start":{"line":65,"column":2},"end":{"line":65,"column":54}},"33":{"start":{"line":66,"column":2},"end":{"line":68,"column":3}},"34":{"start":{"line":67,"column":4},"end":{"line":67,"column":75}},"35":{"start":{"line":69,"column":2},"end":{"line":69,"column":16}},"36":{"start":{"line":73,"column":0},"end":{"line":97,"column":2}},"37":{"start":{"line":74,"column":2},"end":{"line":74,"column":13}},"38":{"start":{"line":75,"column":2},"end":{"line":86,"column":3}},"39":{"start":{"line":76,"column":4},"end":{"line":76,"column":39}},"40":{"start":{"line":77,"column":9},"end":{"line":86,"column":3}},"41":{"start":{"line":78,"column":4},"end":{"line":78,"column":32}},"42":{"start":{"line":80,"column":4},"end":{"line":85,"column":8}},"43":{"start":{"line":89,"column":2},"end":{"line":94,"column":3}},"44":{"start":{"line":91,"column":4},"end":{"line":93,"column":5}},"45":{"start":{"line":92,"column":6},"end":{"line":92,"column":84}},"46":{"start":{"line":96,"column":2},"end":{"line":96,"column":16}},"47":{"start":{"line":105,"column":0},"end":{"line":110,"column":2}},"48":{"start":{"line":106,"column":2},"end":{"line":106,"column":69}},"49":{"start":{"line":107,"column":2},"end":{"line":107,"column":38}},"50":{"start":{"line":109,"column":2},"end":{"line":109,"column":36}},"51":{"start":{"line":113,"column":0},"end":{"line":117,"column":2}},"52":{"start":{"line":114,"column":2},"end":{"line":114,"column":69}},"53":{"start":{"line":115,"column":2},"end":{"line":115,"column":38}},"54":{"start":{"line":116,"column":2},"end":{"line":116,"column":63}},"55":{"start":{"line":120,"column":0},"end":{"line":124,"column":2}},"56":{"start":{"line":121,"column":2},"end":{"line":121,"column":69}},"57":{"start":{"line":122,"column":2},"end":{"line":122,"column":38}},"58":{"start":{"line":123,"column":2},"end":{"line":123,"column":62}},"59":{"start":{"line":126,"column":0},"end":{"line":126,"column":36}},"60":{"start":{"line":129,"column":0},"end":{"line":129,"column":14}},"61":{"start":{"line":130,"column":0},"end":{"line":130,"column":42}},"62":{"start":{"line":131,"column":0},"end":{"line":131,"column":32}},"63":{"start":{"line":135,"column":0},"end":{"line":135,"column":38}},"64":{"start":{"line":138,"column":0},"end":{"line":138,"column":22}}},"branchMap":{"1":{"line":20,"type":"if","locations":[{"start":{"line":20,"column":2},"end":{"line":20,"column":2}},{"start":{"line":20,"column":2},"end":{"line":20,"column":2}}]},"2":{"line":20,"type":"binary-expr","locations":[{"start":{"line":20,"column":6},"end":{"line":20,"column":20}},{"start":{"line":20,"column":25},"end":{"line":20,"column":56}},{"start":{"line":20,"column":61},"end":{"line":20,"column":75}}]},"3":{"line":27,"type":"if","locations":[{"start":{"line":27,"column":2},"end":{"line":27,"column":2}},{"start":{"line":27,"column":2},"end":{"line":27,"column":2}}]},"4":{"line":33,"type":"if","locations":[{"start":{"line":33,"column":2},"end":{"line":33,"column":2}},{"start":{"line":33,"column":2},"end":{"line":33,"column":2}}]},"5":{"line":39,"type":"if","locations":[{"start":{"line":39,"column":2},"end":{"line":39,"column":2}},{"start":{"line":39,"column":2},"end":{"line":39,"column":2}}]},"6":{"line":45,"type":"if","locations":[{"start":{"line":45,"column":2},"end":{"line":45,"column":2}},{"start":{"line":45,"column":2},"end":{"line":45,"column":2}}]},"7":{"line":51,"type":"if","locations":[{"start":{"line":51,"column":2},"end":{"line":51,"column":2}},{"start":{"line":51,"column":2},"end":{"line":51,"column":2}}]},"8":{"line":51,"type":"binary-expr","locations":[{"start":{"line":51,"column":5},"end":{"line":51,"column":19}},{"start":{"line":51,"column":23},"end":{"line":51,"column":36}}]},"9":{"line":66,"type":"if","locations":[{"start":{"line":66,"column":2},"end":{"line":66,"column":2}},{"start":{"line":66,"column":2},"end":{"line":66,"column":2}}]},"10":{"line":75,"type":"if","locations":[{"start":{"line":75,"column":2},"end":{"line":75,"column":2}},{"start":{"line":75,"column":2},"end":{"line":75,"column":2}}]},"11":{"line":77,"type":"if","locations":[{"start":{"line":77,"column":9},"end":{"line":77,"column":9}},{"start":{"line":77,"column":9},"end":{"line":77,"column":9}}]},"12":{"line":77,"type":"binary-expr","locations":[{"start":{"line":77,"column":13},"end":{"line":77,"column":42}},{"start":{"line":77,"column":47},"end":{"line":77,"column":76}}]},"13":{"line":89,"type":"if","locations":[{"start":{"line":89,"column":2},"end":{"line":89,"column":2}},{"start":{"line":89,"column":2},"end":{"line":89,"column":2}}]},"14":{"line":91,"type":"if","locations":[{"start":{"line":91,"column":4},"end":{"line":91,"column":4}},{"start":{"line":91,"column":4},"end":{"line":91,"column":4}}]},"15":{"line":91,"type":"binary-expr","locations":[{"start":{"line":91,"column":7},"end":{"line":91,"column":33}},{"start":{"line":91,"column":37},"end":{"line":91,"column":65}}]},"16":{"line":106,"type":"cond-expr","locations":[{"start":{"line":106,"column":37},"end":{"line":106,"column":63}},{"start":{"line":106,"column":66},"end":{"line":106,"column":68}}]},"17":{"line":114,"type":"cond-expr","locations":[{"start":{"line":114,"column":37},"end":{"line":114,"column":63}},{"start":{"line":114,"column":66},"end":{"line":114,"column":68}}]},"18":{"line":121,"type":"cond-expr","locations":[{"start":{"line":121,"column":37},"end":{"line":121,"column":63}},{"start":{"line":121,"column":66},"end":{"line":121,"column":68}}]}}},"/Users/seb/Documents/Work/wd/lib/special-keys.js":{"path":"/Users/seb/Documents/Work/wd/lib/special-keys.js","s":{"1":1,"2":1},"b":{},"f":{},"fnMap":{},"statementMap":{"1":{"start":{"line":1,"column":0},"end":{"line":59,"column":2}},"2":{"start":{"line":61,"column":0},"end":{"line":61,"column":30}}},"branchMap":{}},"/Users/seb/Documents/Work/wd/lib/webdriver.js":{"path":"/Users/seb/Documents/Work/wd/lib/webdriver.js","s":{"1":1,"2":1,"3":1,"4":1,"5":1,"6":1,"7":1,"8":1,"9":1,"10":1,"11":1,"12":1,"13":1,"14":58,"15":58,"16":58,"17":58,"18":58,"19":21,"20":1,"21":1,"22":1,"23":34,"24":34,"25":34,"26":1,"27":2240,"28":2240,"29":2240,"30":2240,"31":2240,"32":2240,"33":2201,"34":2240,"35":3,"36":2240,"37":2240,"38":1,"39":69,"40":1518,"41":69,"42":1,"43":70,"44":70,"45":209,"46":70,"47":24,"48":24,"49":70,"50":1,"51":1450,"52":1,"53":1,"54":721,"55":721,"56":721,"57":721,"58":0,"59":721,"60":690,"61":31,"62":31,"63":31,"64":31,"65":31,"66":30,"67":1,"68":1,"69":1,"70":1,"71":1,"72":0,"73":1,"74":1519,"75":1519,"76":1519,"77":1519,"78":0,"79":1519,"80":1519,"81":1519,"82":1,"83":1518,"84":1518,"85":1518,"86":1518,"87":68,"88":68,"89":68,"90":68,"91":68,"92":1450,"93":1,"94":641,"95":641,"96":641,"97":641,"98":18,"99":623,"100":0,"101":623,"102":4,"103":619,"104":24,"105":38,"106":0,"107":623,"108":1,"109":425,"110":425,"111":425,"112":425,"113":50,"114":375,"115":0,"116":375,"117":0,"118":375,"119":375,"120":1,"121":453,"122":453,"123":453,"124":453,"125":1,"126":452,"127":0,"128":452,"129":0,"130":452,"131":452,"132":212,"133":212,"134":452,"135":1,"136":2274,"137":2274,"138":2274,"139":2274,"140":2274,"141":2274,"142":2228,"143":2274,"144":2274,"145":2274,"146":1787,"147":1787,"148":1787,"149":2274,"150":1,"151":2240,"152":0,"153":2240,"154":2240,"155":14591633,"156":14591633,"157":2240,"158":1,"159":34,"160":34,"161":34,"162":34,"163":34,"164":34,"165":34,"166":34,"167":34,"168":34,"169":34,"170":34,"171":0,"172":34,"173":34,"174":34,"175":27,"176":27,"177":27,"178":34,"179":7,"180":7,"181":7,"182":34,"183":34,"184":34,"185":34,"186":0,"187":0,"188":0,"189":0,"190":0,"191":0,"192":0,"193":0,"194":0,"195":0,"196":1,"197":2240,"198":2240,"199":2240,"200":2240,"201":2240,"202":32,"203":32,"204":32,"205":32,"206":32,"207":32,"208":2240,"209":2240,"210":2240,"211":2240,"212":2240,"213":2240,"214":2240,"215":0,"216":2240,"217":2240,"218":1,"219":259,"220":0,"221":259,"222":1,"223":1,"224":1,"225":2,"226":1,"227":20,"228":12,"229":20,"230":1,"231":1,"232":8,"233":8,"234":8,"235":8,"236":1,"237":1,"238":1,"239":1,"240":1,"241":1,"242":0,"243":1,"244":2,"245":1,"246":1,"247":4,"248":4,"249":1,"250":6,"251":6,"252":6,"253":1,"254":6,"255":6,"256":1,"257":14,"258":14,"259":1,"260":10,"261":10,"262":4,"263":10,"264":2,"265":10,"266":1,"267":8,"268":8,"269":1,"270":6,"271":6,"272":1,"273":10,"274":10,"275":1,"276":0,"277":0,"278":1,"279":0,"280":0,"281":1,"282":32,"283":32,"284":1,"285":1,"286":40,"287":40,"288":40,"289":40,"290":40,"291":0,"292":40,"293":1,"294":29,"295":29,"296":29,"297":29,"298":4,"299":25,"300":1,"301":117,"302":117,"303":117,"304":117,"305":1,"306":1,"307":49,"308":49,"309":49,"310":49,"311":1,"312":8,"313":8,"314":8,"315":8,"316":1,"317":1,"318":16,"319":16,"320":16,"321":16,"322":1,"323":365,"324":365,"325":1,"326":2,"327":2,"328":1,"329":0,"330":0,"331":1,"332":0,"333":0,"334":1,"335":6,"336":6,"337":6,"338":1,"339":4,"340":4,"341":4,"342":1,"343":6,"344":6,"345":6,"346":1,"347":4,"348":4,"349":4,"350":1,"351":2,"352":2,"353":1,"354":2,"355":2,"356":1,"357":0,"358":1,"359":10,"360":10,"361":1,"362":1,"363":10,"364":10,"365":1,"366":6,"367":6,"368":1,"369":409,"370":409,"371":1,"372":4,"373":4,"374":4,"375":4,"376":2,"377":2,"378":0,"379":1,"380":148,"381":148,"382":148,"383":148,"384":50,"385":98,"386":0,"387":1,"388":449,"389":449,"390":1,"391":174,"392":174,"393":174,"394":174,"395":0,"396":1,"397":36,"398":36,"399":36,"400":36,"401":134,"402":134,"403":0,"404":134,"405":18,"406":116,"407":18,"408":98,"409":36,"410":1,"411":32,"412":32,"413":32,"414":32,"415":140,"416":140,"417":0,"418":140,"419":16,"420":124,"421":16,"422":108,"423":32,"424":1,"425":2,"426":2,"427":1,"428":9,"429":9,"430":395,"431":395,"432":395,"433":9,"434":36,"435":36,"436":36,"437":36,"438":36,"439":36,"440":36,"441":18,"442":18,"443":0,"444":36,"445":9,"446":36,"447":36,"448":36,"449":36,"450":36,"451":36,"452":36,"453":18,"454":18,"455":0,"456":36,"457":9,"458":36,"459":36,"460":36,"461":9,"462":32,"463":32,"464":32,"465":9,"466":28,"467":28,"468":28,"469":9,"470":9,"471":47,"472":47,"473":47,"474":1,"475":9,"476":1,"477":8,"478":8,"479":1,"480":164,"481":164,"482":1,"483":14,"484":14,"485":1,"486":1,"487":14,"488":14,"489":1,"490":1,"491":0,"492":0,"493":1,"494":142,"495":142,"496":1,"497":79,"498":79,"499":1,"500":62,"501":62,"502":1,"503":1,"504":2,"505":2,"506":1,"507":0,"508":0,"509":0,"510":0,"511":0,"512":0,"513":1,"514":0,"515":0,"516":0,"517":1,"518":0,"519":0,"520":0,"521":0,"522":1,"523":0,"524":1,"525":20,"526":20,"527":20,"528":1,"529":4,"530":4,"531":4,"532":1,"533":4,"534":4,"535":4,"536":1,"537":4,"538":4,"539":4,"540":1,"541":4,"542":4,"543":1,"544":66,"545":66,"546":24,"547":66,"548":104,"549":0,"550":66,"551":1,"552":0,"553":0,"554":1,"555":48,"556":48,"557":18,"558":48,"559":88,"560":0,"561":48,"562":1,"563":6,"564":6,"565":1,"566":26,"567":26,"568":1,"569":0,"570":0,"571":1,"572":78,"573":78,"574":1,"575":78,"576":78,"577":78,"578":78,"579":78,"580":10,"581":10,"582":10,"583":0,"584":68,"585":1,"586":12,"587":12,"588":12,"589":0,"590":12,"591":1,"592":0,"593":0,"594":1,"595":0,"596":0,"597":1,"598":2,"599":2,"600":1,"601":1,"602":1,"603":1,"604":4,"605":4,"606":1,"607":12,"608":12,"609":1,"610":12,"611":12,"612":1,"613":8,"614":8,"615":8,"616":8,"617":1,"618":6,"619":6,"620":1,"621":2,"622":2,"623":1,"624":0,"625":0,"626":1,"627":0,"628":0,"629":1,"630":6,"631":6,"632":6,"633":1,"634":6,"635":6,"636":6,"637":1,"638":2,"639":2,"640":2,"641":1,"642":2,"643":2,"644":2,"645":1,"646":54,"647":54,"648":54,"649":0,"650":54,"651":1,"652":144,"653":144,"654":144,"655":0,"656":144,"657":48,"658":96,"659":1,"660":198,"661":198,"662":54,"663":144,"664":1,"665":0,"666":0,"667":1,"668":4,"669":4,"670":1,"671":4,"672":4,"673":1,"674":4,"675":4,"676":1,"677":6,"678":6,"679":6,"680":6,"681":6,"682":6,"683":0,"684":42,"685":6,"686":6,"687":6,"688":6,"689":0,"690":1,"691":13,"692":13,"693":13,"694":13,"695":13,"696":2,"697":11,"698":6,"699":5,"700":5,"701":0,"702":0,"703":0,"704":0,"705":0,"706":0,"707":1,"708":8,"709":8,"710":8,"711":8,"712":8,"713":1,"714":1,"715":8,"716":8,"717":8,"718":8,"719":8,"720":2,"721":6,"722":0,"723":6},"b":{"1":[21,37],"2":[2240,0],"3":[2201,39],"4":[3,2237],"5":[69,0],"6":[24,0],"7":[1450,1306,24],"8":[721,0],"9":[0,721],"10":[690,31],"11":[721,33],"12":[31,0],"13":[31,31,31],"14":[30,1],"15":[1,0],"16":[0,0],"17":[1519,0],"18":[0,1519],"19":[68,1450],"20":[68,0],"21":[641,0],"22":[18,623],"23":[0,623],"24":[4,619],"25":[623,530],"26":[24,595],"27":[0,38],"28":[38,38],"29":[425,0],"30":[50,375],"31":[0,375],"32":[0,375],"33":[453,0],"34":[1,452],"35":[0,452],"36":[0,452],"37":[2228,46],"38":[2274,1833],"39":[1787,487],"40":[0,2240],"41":[14591633,0],"42":[34,2],"43":[0,34],"44":[27,0],"45":[7,27],"46":[34,0],"47":[34,0],"48":[0,0],"49":[32,2208],"50":[32,0],"51":[2240,589],"52":[2240,0],"53":[0,2240],"54":[2240,689],"55":[0,259],"56":[12,8],"57":[8,0],"58":[0,1],"59":[1,0],"60":[4,6],"61":[2,8],"62":[10,6],"63":[0,40],"64":[4,25],"65":[117,63],"66":[49,37],"67":[8,2],"68":[16,4],"69":[6,2],"70":[4,2],"71":[6,2],"72":[4,2],"73":[4,0],"74":[2,2],"75":[148,0],"76":[50,98],"77":[174,0],"78":[0,134],"79":[18,116],"80":[18,98],"81":[0,140],"82":[16,124],"83":[16,108],"84":[9,0],"85":[36,0],"86":[18,18],"87":[36,0],"88":[18,18],"89":[9,0],"90":[0,0],"91":[0,0],"92":[20,0],"93":[24,42],"94":[0,104],"95":[18,30],"96":[0,88],"97":[10,68],"98":[78,70],"99":[10,0],"100":[0,12],"101":[8,0],"102":[8,6],"103":[0,54],"104":[0,144],"105":[48,96],"106":[54,144],"107":[0,6],"108":[13,0],"109":[2,11],"110":[6,5],"111":[0,0],"112":[0,0],"113":[8,4],"114":[8,6],"115":[8,4],"116":[8,6],"117":[2,6],"118":[0,6]},"f":{"1":58,"2":34,"3":2240,"4":69,"5":1518,"6":70,"7":209,"8":24,"9":1450,"10":0,"11":721,"12":721,"13":1519,"14":1519,"15":641,"16":641,"17":425,"18":425,"19":453,"20":453,"21":2274,"22":2274,"23":2240,"24":14591633,"25":34,"26":34,"27":2240,"28":32,"29":2240,"30":259,"31":1,"32":2,"33":20,"34":8,"35":1,"36":1,"37":2,"38":4,"39":6,"40":6,"41":14,"42":10,"43":8,"44":6,"45":10,"46":0,"47":0,"48":32,"49":1,"50":40,"51":40,"52":29,"53":29,"54":117,"55":49,"56":8,"57":16,"58":365,"59":2,"60":0,"61":0,"62":6,"63":4,"64":6,"65":4,"66":2,"67":2,"68":0,"69":10,"70":10,"71":6,"72":409,"73":4,"74":4,"75":148,"76":148,"77":449,"78":174,"79":174,"80":36,"81":134,"82":134,"83":32,"84":140,"85":140,"86":2,"87":9,"88":395,"89":36,"90":36,"91":36,"92":36,"93":36,"94":32,"95":28,"96":47,"97":9,"98":8,"99":164,"100":14,"101":14,"102":0,"103":142,"104":79,"105":62,"106":2,"107":0,"108":0,"109":0,"110":0,"111":20,"112":4,"113":4,"114":4,"115":4,"116":66,"117":104,"118":0,"119":48,"120":88,"121":6,"122":26,"123":0,"124":78,"125":78,"126":10,"127":12,"128":12,"129":0,"130":0,"131":2,"132":1,"133":4,"134":12,"135":12,"136":8,"137":6,"138":2,"139":0,"140":0,"141":6,"142":6,"143":2,"144":2,"145":54,"146":54,"147":144,"148":144,"149":198,"150":0,"151":4,"152":4,"153":4,"154":6,"155":0,"156":42,"157":6,"158":6,"159":13,"160":13,"161":5,"162":0,"163":8,"164":8,"165":8},"fnMap":{"1":{"name":"(anonymous_1)","line":18,"loc":{"start":{"line":18,"column":33},"end":{"line":18,"column":53}}},"2":{"name":"(anonymous_2)","line":42,"loc":{"start":{"line":42,"column":35},"end":{"line":43,"column":0}}},"3":{"name":"(anonymous_3)","line":50,"loc":{"start":{"line":50,"column":40},"end":{"line":50,"column":77}}},"4":{"name":"(anonymous_4)","line":67,"loc":{"start":{"line":67,"column":40},"end":{"line":67,"column":57}}},"5":{"name":"(anonymous_5)","line":68,"loc":{"start":{"line":68,"column":45},"end":{"line":68,"column":59}}},"6":{"name":"(anonymous_6)","line":74,"loc":{"start":{"line":74,"column":32},"end":{"line":75,"column":0}}},"7":{"name":"(anonymous_7)","line":77,"loc":{"start":{"line":77,"column":15},"end":{"line":77,"column":32}}},"8":{"name":"(anonymous_8)","line":81,"loc":{"start":{"line":81,"column":16},"end":{"line":81,"column":27}}},"9":{"name":"(anonymous_9)","line":89,"loc":{"start":{"line":89,"column":44},"end":{"line":89,"column":58}}},"10":{"name":"(anonymous_10)","line":95,"loc":{"start":{"line":95,"column":13},"end":{"line":95,"column":24}}},"11":{"name":"(anonymous_11)","line":98,"loc":{"start":{"line":98,"column":38},"end":{"line":98,"column":51}}},"12":{"name":"(anonymous_12)","line":101,"loc":{"start":{"line":101,"column":9},"end":{"line":101,"column":29}}},"13":{"name":"(anonymous_13)","line":133,"loc":{"start":{"line":133,"column":44},"end":{"line":133,"column":57}}},"14":{"name":"(anonymous_14)","line":137,"loc":{"start":{"line":137,"column":9},"end":{"line":137,"column":29}}},"15":{"name":"(anonymous_15)","line":166,"loc":{"start":{"line":166,"column":40},"end":{"line":166,"column":53}}},"16":{"name":"(anonymous_16)","line":169,"loc":{"start":{"line":169,"column":37},"end":{"line":169,"column":55}}},"17":{"name":"(anonymous_17)","line":189,"loc":{"start":{"line":189,"column":39},"end":{"line":189,"column":52}}},"18":{"name":"(anonymous_18)","line":192,"loc":{"start":{"line":192,"column":37},"end":{"line":192,"column":56}}},"19":{"name":"(anonymous_19)","line":207,"loc":{"start":{"line":207,"column":40},"end":{"line":207,"column":53}}},"20":{"name":"(anonymous_20)","line":210,"loc":{"start":{"line":210,"column":37},"end":{"line":210,"column":56}}},"21":{"name":"(anonymous_21)","line":226,"loc":{"start":{"line":226,"column":35},"end":{"line":226,"column":52}}},"22":{"name":"(anonymous_22)","line":240,"loc":{"start":{"line":240,"column":23},"end":{"line":240,"column":43}}},"23":{"name":"strip","line":251,"loc":{"start":{"line":251,"column":12},"end":{"line":251,"column":32}}},"24":{"name":"(anonymous_24)","line":254,"loc":{"start":{"line":254,"column":22},"end":{"line":254,"column":34}}},"25":{"name":"(anonymous_25)","line":269,"loc":{"start":{"line":269,"column":27},"end":{"line":269,"column":38}}},"26":{"name":"(anonymous_26)","line":290,"loc":{"start":{"line":290,"column":20},"end":{"line":290,"column":45}}},"27":{"name":"(anonymous_27)","line":331,"loc":{"start":{"line":331,"column":36},"end":{"line":331,"column":51}}},"28":{"name":"(anonymous_28)","line":344,"loc":{"start":{"line":344,"column":9},"end":{"line":344,"column":20}}},"29":{"name":"(anonymous_29)","line":364,"loc":{"start":{"line":364,"column":20},"end":{"line":364,"column":45}}},"30":{"name":"(anonymous_30)","line":373,"loc":{"start":{"line":373,"column":36},"end":{"line":373,"column":51}}},"31":{"name":"(anonymous_31)","line":385,"loc":{"start":{"line":385,"column":29},"end":{"line":385,"column":42}}},"32":{"name":"(anonymous_32)","line":398,"loc":{"start":{"line":398,"column":31},"end":{"line":398,"column":44}}},"33":{"name":"(anonymous_33)","line":406,"loc":{"start":{"line":406,"column":35},"end":{"line":406,"column":48}}},"34":{"name":"(anonymous_34)","line":413,"loc":{"start":{"line":413,"column":28},"end":{"line":413,"column":41}}},"35":{"name":"(anonymous_35)","line":431,"loc":{"start":{"line":431,"column":45},"end":{"line":431,"column":56}}},"36":{"name":"(anonymous_36)","line":435,"loc":{"start":{"line":435,"column":30},"end":{"line":435,"column":54}}},"37":{"name":"(anonymous_37)","line":439,"loc":{"start":{"line":439,"column":33},"end":{"line":439,"column":51}}},"38":{"name":"(anonymous_38)","line":452,"loc":{"start":{"line":452,"column":42},"end":{"line":452,"column":53}}},"39":{"name":"(anonymous_39)","line":469,"loc":{"start":{"line":469,"column":32},"end":{"line":469,"column":43}}},"40":{"name":"(anonymous_40)","line":482,"loc":{"start":{"line":482,"column":28},"end":{"line":482,"column":39}}},"41":{"name":"(anonymous_41)","line":496,"loc":{"start":{"line":496,"column":29},"end":{"line":496,"column":49}}},"42":{"name":"(anonymous_42)","line":511,"loc":{"start":{"line":511,"column":28},"end":{"line":511,"column":47}}},"43":{"name":"(anonymous_43)","line":533,"loc":{"start":{"line":533,"column":33},"end":{"line":533,"column":44}}},"44":{"name":"(anonymous_44)","line":544,"loc":{"start":{"line":544,"column":35},"end":{"line":544,"column":46}}},"45":{"name":"(anonymous_45)","line":558,"loc":{"start":{"line":558,"column":36},"end":{"line":558,"column":47}}},"46":{"name":"(anonymous_46)","line":572,"loc":{"start":{"line":572,"column":31},"end":{"line":572,"column":42}}},"47":{"name":"(anonymous_47)","line":586,"loc":{"start":{"line":586,"column":26},"end":{"line":586,"column":44}}},"48":{"name":"(anonymous_48)","line":602,"loc":{"start":{"line":602,"column":27},"end":{"line":602,"column":38}}},"49":{"name":"(anonymous_49)","line":618,"loc":{"start":{"line":618,"column":1},"end":{"line":618,"column":12}}},"50":{"name":"(anonymous_50)","line":620,"loc":{"start":{"line":620,"column":29},"end":{"line":620,"column":44}}},"51":{"name":"(anonymous_51)","line":624,"loc":{"start":{"line":624,"column":37},"end":{"line":624,"column":56}}},"52":{"name":"(anonymous_52)","line":637,"loc":{"start":{"line":637,"column":31},"end":{"line":637,"column":46}}},"53":{"name":"(anonymous_53)","line":640,"loc":{"start":{"line":640,"column":39},"end":{"line":640,"column":58}}},"54":{"name":"(anonymous_54)","line":654,"loc":{"start":{"line":654,"column":30},"end":{"line":654,"column":41}}},"55":{"name":"(anonymous_55)","line":680,"loc":{"start":{"line":680,"column":34},"end":{"line":680,"column":45}}},"56":{"name":"(anonymous_56)","line":702,"loc":{"start":{"line":702,"column":35},"end":{"line":702,"column":46}}},"57":{"name":"(anonymous_57)","line":728,"loc":{"start":{"line":728,"column":39},"end":{"line":728,"column":50}}},"58":{"name":"(anonymous_58)","line":749,"loc":{"start":{"line":749,"column":26},"end":{"line":749,"column":40}}},"59":{"name":"(anonymous_59)","line":764,"loc":{"start":{"line":764,"column":30},"end":{"line":764,"column":41}}},"60":{"name":"(anonymous_60)","line":778,"loc":{"start":{"line":778,"column":31},"end":{"line":778,"column":45}}},"61":{"name":"(anonymous_61)","line":792,"loc":{"start":{"line":792,"column":33},"end":{"line":792,"column":62}}},"62":{"name":"(anonymous_62)","line":809,"loc":{"start":{"line":809,"column":36},"end":{"line":809,"column":47}}},"63":{"name":"(anonymous_63)","line":828,"loc":{"start":{"line":828,"column":36},"end":{"line":828,"column":47}}},"64":{"name":"(anonymous_64)","line":849,"loc":{"start":{"line":849,"column":40},"end":{"line":849,"column":51}}},"65":{"name":"(anonymous_65)","line":868,"loc":{"start":{"line":868,"column":40},"end":{"line":868,"column":51}}},"66":{"name":"(anonymous_66)","line":887,"loc":{"start":{"line":887,"column":30},"end":{"line":887,"column":41}}},"67":{"name":"(anonymous_67)","line":901,"loc":{"start":{"line":901,"column":27},"end":{"line":901,"column":38}}},"68":{"name":"(anonymous_68)","line":914,"loc":{"start":{"line":914,"column":47},"end":{"line":914,"column":60}}},"69":{"name":"(anonymous_69)","line":923,"loc":{"start":{"line":923,"column":45},"end":{"line":923,"column":58}}},"70":{"name":"(anonymous_70)","line":941,"loc":{"start":{"line":941,"column":44},"end":{"line":941,"column":57}}},"71":{"name":"(anonymous_71)","line":957,"loc":{"start":{"line":957,"column":41},"end":{"line":957,"column":54}}},"72":{"name":"(anonymous_72)","line":972,"loc":{"start":{"line":972,"column":30},"end":{"line":972,"column":53}}},"73":{"name":"(anonymous_73)","line":989,"loc":{"start":{"line":989,"column":36},"end":{"line":989,"column":59}}},"74":{"name":"(anonymous_74)","line":992,"loc":{"start":{"line":992,"column":4},"end":{"line":992,"column":28}}},"75":{"name":"(anonymous_75)","line":1008,"loc":{"start":{"line":1008,"column":38},"end":{"line":1008,"column":61}}},"76":{"name":"(anonymous_76)","line":1011,"loc":{"start":{"line":1011,"column":4},"end":{"line":1011,"column":28}}},"77":{"name":"(anonymous_77)","line":1026,"loc":{"start":{"line":1026,"column":31},"end":{"line":1026,"column":54}}},"78":{"name":"(anonymous_78)","line":1043,"loc":{"start":{"line":1043,"column":33},"end":{"line":1043,"column":55}}},"79":{"name":"(anonymous_79)","line":1045,"loc":{"start":{"line":1045,"column":44},"end":{"line":1045,"column":67}}},"80":{"name":"(anonymous_80)","line":1056,"loc":{"start":{"line":1056,"column":37},"end":{"line":1056,"column":68}}},"81":{"name":"(anonymous_81)","line":1061,"loc":{"start":{"line":1061,"column":13},"end":{"line":1061,"column":23}}},"82":{"name":"(anonymous_82)","line":1062,"loc":{"start":{"line":1062,"column":35},"end":{"line":1062,"column":56}}},"83":{"name":"(anonymous_83)","line":1085,"loc":{"start":{"line":1085,"column":37},"end":{"line":1085,"column":69}}},"84":{"name":"(anonymous_84)","line":1090,"loc":{"start":{"line":1090,"column":13},"end":{"line":1090,"column":23}}},"85":{"name":"(anonymous_85)","line":1091,"loc":{"start":{"line":1091,"column":34},"end":{"line":1091,"column":57}}},"86":{"name":"(anonymous_86)","line":1115,"loc":{"start":{"line":1115,"column":37},"end":{"line":1115,"column":48}}},"87":{"name":"(anonymous_87)","line":1126,"loc":{"start":{"line":1126,"column":44},"end":{"line":1126,"column":88}}},"88":{"name":"(anonymous_88)","line":1141,"loc":{"start":{"line":1141,"column":54},"end":{"line":1141,"column":65}}},"89":{"name":"(anonymous_89)","line":1161,"loc":{"start":{"line":1161,"column":64},"end":{"line":1161,"column":75}}},"90":{"name":"(anonymous_90)","line":1167,"loc":{"start":{"line":1167,"column":8},"end":{"line":1167,"column":32}}},"91":{"name":"(anonymous_91)","line":1192,"loc":{"start":{"line":1192,"column":66},"end":{"line":1192,"column":77}}},"92":{"name":"(anonymous_92)","line":1198,"loc":{"start":{"line":1198,"column":8},"end":{"line":1198,"column":32}}},"93":{"name":"(anonymous_93)","line":1222,"loc":{"start":{"line":1222,"column":57},"end":{"line":1222,"column":68}}},"94":{"name":"(anonymous_94)","line":1239,"loc":{"start":{"line":1239,"column":61},"end":{"line":1239,"column":72}}},"95":{"name":"(anonymous_95)","line":1256,"loc":{"start":{"line":1256,"column":61},"end":{"line":1256,"column":72}}},"96":{"name":"(anonymous_96)","line":1278,"loc":{"start":{"line":1278,"column":55},"end":{"line":1278,"column":66}}},"97":{"name":"(anonymous_97)","line":1286,"loc":{"start":{"line":1286,"column":31},"end":{"line":1286,"column":48}}},"98":{"name":"(anonymous_98)","line":1295,"loc":{"start":{"line":1295,"column":33},"end":{"line":1295,"column":51}}},"99":{"name":"(anonymous_99)","line":1310,"loc":{"start":{"line":1310,"column":35},"end":{"line":1310,"column":63}}},"100":{"name":"(anonymous_100)","line":1324,"loc":{"start":{"line":1324,"column":34},"end":{"line":1324,"column":52}}},"101":{"name":"(anonymous_101)","line":1340,"loc":{"start":{"line":1340,"column":32},"end":{"line":1340,"column":50}}},"102":{"name":"(anonymous_102)","line":1356,"loc":{"start":{"line":1356,"column":33},"end":{"line":1356,"column":51}}},"103":{"name":"(anonymous_103)","line":1374,"loc":{"start":{"line":1374,"column":31},"end":{"line":1374,"column":49}}},"104":{"name":"(anonymous_104)","line":1384,"loc":{"start":{"line":1384,"column":35},"end":{"line":1384,"column":53}}},"105":{"name":"(anonymous_105)","line":1398,"loc":{"start":{"line":1398,"column":37},"end":{"line":1398,"column":68}}},"106":{"name":"(anonymous_106)","line":1414,"loc":{"start":{"line":1414,"column":36},"end":{"line":1414,"column":61}}},"107":{"name":"(anonymous_107)","line":1423,"loc":{"start":{"line":1423,"column":14},"end":{"line":1423,"column":24}}},"108":{"name":"(anonymous_108)","line":1443,"loc":{"start":{"line":1443,"column":14},"end":{"line":1443,"column":25}}},"109":{"name":"(anonymous_109)","line":1468,"loc":{"start":{"line":1468,"column":28},"end":{"line":1468,"column":39}}},"110":{"name":"(anonymous_110)","line":1483,"loc":{"start":{"line":1483,"column":33},"end":{"line":1483,"column":55}}},"111":{"name":"(anonymous_111)","line":1499,"loc":{"start":{"line":1499,"column":29},"end":{"line":1499,"column":40}}},"112":{"name":"(anonymous_112)","line":1525,"loc":{"start":{"line":1525,"column":33},"end":{"line":1525,"column":44}}},"113":{"name":"(anonymous_113)","line":1545,"loc":{"start":{"line":1545,"column":31},"end":{"line":1545,"column":42}}},"114":{"name":"(anonymous_114)","line":1564,"loc":{"start":{"line":1564,"column":28},"end":{"line":1564,"column":39}}},"115":{"name":"(anonymous_115)","line":1583,"loc":{"start":{"line":1583,"column":34},"end":{"line":1583,"column":45}}},"116":{"name":"(anonymous_116)","line":1599,"loc":{"start":{"line":1599,"column":27},"end":{"line":1599,"column":51}}},"117":{"name":"(anonymous_117)","line":1603,"loc":{"start":{"line":1603,"column":15},"end":{"line":1603,"column":34}}},"118":{"name":"(anonymous_118)","line":1622,"loc":{"start":{"line":1622,"column":29},"end":{"line":1622,"column":47}}},"119":{"name":"(anonymous_119)","line":1638,"loc":{"start":{"line":1638,"column":27},"end":{"line":1638,"column":42}}},"120":{"name":"(anonymous_120)","line":1642,"loc":{"start":{"line":1642,"column":15},"end":{"line":1642,"column":34}}},"121":{"name":"(anonymous_121)","line":1660,"loc":{"start":{"line":1660,"column":28},"end":{"line":1660,"column":46}}},"122":{"name":"(anonymous_122)","line":1674,"loc":{"start":{"line":1674,"column":28},"end":{"line":1674,"column":39}}},"123":{"name":"(anonymous_123)","line":1688,"loc":{"start":{"line":1688,"column":29},"end":{"line":1688,"column":40}}},"124":{"name":"(anonymous_124)","line":1698,"loc":{"start":{"line":1698,"column":31},"end":{"line":1698,"column":49}}},"125":{"name":"(anonymous_125)","line":1714,"loc":{"start":{"line":1714,"column":27},"end":{"line":1714,"column":38}}},"126":{"name":"(anonymous_126)","line":1720,"loc":{"start":{"line":1720,"column":51},"end":{"line":1720,"column":73}}},"127":{"name":"(anonymous_127)","line":1736,"loc":{"start":{"line":1736,"column":34},"end":{"line":1736,"column":64}}},"128":{"name":"(anonymous_128)","line":1738,"loc":{"start":{"line":1738,"column":34},"end":{"line":1738,"column":54}}},"129":{"name":"(anonymous_129)","line":1752,"loc":{"start":{"line":1752,"column":32},"end":{"line":1752,"column":43}}},"130":{"name":"(anonymous_130)","line":1766,"loc":{"start":{"line":1766,"column":32},"end":{"line":1766,"column":47}}},"131":{"name":"(anonymous_131)","line":1781,"loc":{"start":{"line":1781,"column":34},"end":{"line":1781,"column":45}}},"132":{"name":"(anonymous_132)","line":1795,"loc":{"start":{"line":1795,"column":35},"end":{"line":1795,"column":46}}},"133":{"name":"(anonymous_133)","line":1809,"loc":{"start":{"line":1809,"column":29},"end":{"line":1809,"column":40}}},"134":{"name":"(anonymous_134)","line":1823,"loc":{"start":{"line":1823,"column":26},"end":{"line":1823,"column":37}}},"135":{"name":"(anonymous_135)","line":1837,"loc":{"start":{"line":1837,"column":33},"end":{"line":1837,"column":44}}},"136":{"name":"(anonymous_136)","line":1855,"loc":{"start":{"line":1855,"column":32},"end":{"line":1855,"column":49}}},"137":{"name":"(anonymous_137)","line":1873,"loc":{"start":{"line":1873,"column":39},"end":{"line":1873,"column":50}}},"138":{"name":"(anonymous_138)","line":1887,"loc":{"start":{"line":1887,"column":35},"end":{"line":1887,"column":50}}},"139":{"name":"(anonymous_139)","line":1901,"loc":{"start":{"line":1901,"column":37},"end":{"line":1901,"column":48}}},"140":{"name":"(anonymous_140)","line":1915,"loc":{"start":{"line":1915,"column":37},"end":{"line":1915,"column":59}}},"141":{"name":"(anonymous_141)","line":1932,"loc":{"start":{"line":1932,"column":41},"end":{"line":1932,"column":52}}},"142":{"name":"(anonymous_142)","line":1948,"loc":{"start":{"line":1948,"column":41},"end":{"line":1948,"column":52}}},"143":{"name":"(anonymous_143)","line":1963,"loc":{"start":{"line":1963,"column":44},"end":{"line":1963,"column":55}}},"144":{"name":"(anonymous_144)","line":1978,"loc":{"start":{"line":1978,"column":40},"end":{"line":1978,"column":51}}},"145":{"name":"(anonymous_145)","line":1986,"loc":{"start":{"line":1986,"column":18},"end":{"line":1986,"column":35}}},"146":{"name":"(anonymous_146)","line":1988,"loc":{"start":{"line":1988,"column":42},"end":{"line":1988,"column":64}}},"147":{"name":"(anonymous_147)","line":1997,"loc":{"start":{"line":1997,"column":18},"end":{"line":1997,"column":52}}},"148":{"name":"(anonymous_148)","line":1999,"loc":{"start":{"line":1999,"column":49},"end":{"line":1999,"column":71}}},"149":{"name":"(anonymous_149)","line":2015,"loc":{"start":{"line":2015,"column":32},"end":{"line":2015,"column":43}}},"150":{"name":"(anonymous_150)","line":2028,"loc":{"start":{"line":2028,"column":35},"end":{"line":2028,"column":53}}},"151":{"name":"(anonymous_151)","line":2042,"loc":{"start":{"line":2042,"column":34},"end":{"line":2042,"column":52}}},"152":{"name":"(anonymous_152)","line":2056,"loc":{"start":{"line":2056,"column":40},"end":{"line":2056,"column":58}}},"153":{"name":"(anonymous_153)","line":2070,"loc":{"start":{"line":2070,"column":30},"end":{"line":2070,"column":48}}},"154":{"name":"(anonymous_154)","line":2084,"loc":{"start":{"line":2084,"column":33},"end":{"line":2084,"column":52}}},"155":{"name":"(anonymous_155)","line":2093,"loc":{"start":{"line":2093,"column":15},"end":{"line":2093,"column":29}}},"156":{"name":"(anonymous_156)","line":2096,"loc":{"start":{"line":2096,"column":14},"end":{"line":2096,"column":29}}},"157":{"name":"(anonymous_157)","line":2099,"loc":{"start":{"line":2099,"column":13},"end":{"line":2099,"column":24}}},"158":{"name":"(anonymous_158)","line":2114,"loc":{"start":{"line":2114,"column":19},"end":{"line":2114,"column":33}}},"159":{"name":"(anonymous_159)","line":2122,"loc":{"start":{"line":2122,"column":44},"end":{"line":2122,"column":81}}},"160":{"name":"(anonymous_160)","line":2129,"loc":{"start":{"line":2129,"column":50},"end":{"line":2129,"column":69}}},"161":{"name":"(anonymous_161)","line":2136,"loc":{"start":{"line":2136,"column":19},"end":{"line":2136,"column":30}}},"162":{"name":"(anonymous_162)","line":2143,"loc":{"start":{"line":2143,"column":49},"end":{"line":2143,"column":68}}},"163":{"name":"(anonymous_163)","line":2165,"loc":{"start":{"line":2165,"column":39},"end":{"line":2165,"column":50}}},"164":{"name":"(anonymous_164)","line":2193,"loc":{"start":{"line":2193,"column":48},"end":{"line":2193,"column":59}}},"165":{"name":"(anonymous_165)","line":2204,"loc":{"start":{"line":2204,"column":34},"end":{"line":2204,"column":52}}}},"statementMap":{"1":{"start":{"line":1,"column":0},"end":{"line":1,"column":50}},"2":{"start":{"line":2,"column":0},"end":{"line":2,"column":29}},"3":{"start":{"line":3,"column":0},"end":{"line":3,"column":26}},"4":{"start":{"line":4,"column":0},"end":{"line":4,"column":23}},"5":{"start":{"line":5,"column":0},"end":{"line":5,"column":33}},"6":{"start":{"line":6,"column":0},"end":{"line":6,"column":29}},"7":{"start":{"line":7,"column":0},"end":{"line":7,"column":25}},"8":{"start":{"line":8,"column":0},"end":{"line":8,"column":27}},"9":{"start":{"line":10,"column":0},"end":{"line":10,"column":36}},"10":{"start":{"line":11,"column":0},"end":{"line":11,"column":31}},"11":{"start":{"line":12,"column":0},"end":{"line":12,"column":54}},"12":{"start":{"line":13,"column":0},"end":{"line":13,"column":27}},"13":{"start":{"line":18,"column":0},"end":{"line":34,"column":2}},"14":{"start":{"line":19,"column":2},"end":{"line":19,"column":28}},"15":{"start":{"line":20,"column":2},"end":{"line":20,"column":24}},"16":{"start":{"line":21,"column":2},"end":{"line":21,"column":29}},"17":{"start":{"line":24,"column":2},"end":{"line":29,"column":4}},"18":{"start":{"line":31,"column":2},"end":{"line":33,"column":3}},"19":{"start":{"line":32,"column":4},"end":{"line":32,"column":48}},"20":{"start":{"line":37,"column":0},"end":{"line":37,"column":41}},"21":{"start":{"line":40,"column":0},"end":{"line":40,"column":60}},"22":{"start":{"line":42,"column":0},"end":{"line":48,"column":2}},"23":{"start":{"line":44,"column":2},"end":{"line":44,"column":42}},"24":{"start":{"line":45,"column":2},"end":{"line":45,"column":33}},"25":{"start":{"line":47,"column":2},"end":{"line":47,"column":40}},"26":{"start":{"line":50,"column":0},"end":{"line":65,"column":2}},"27":{"start":{"line":51,"column":2},"end":{"line":51,"column":46}},"28":{"start":{"line":53,"column":2},"end":{"line":53,"column":26}},"29":{"start":{"line":55,"column":2},"end":{"line":55,"column":48}},"30":{"start":{"line":56,"column":2},"end":{"line":57,"column":35}},"31":{"start":{"line":57,"column":6},"end":{"line":57,"column":33}},"32":{"start":{"line":58,"column":2},"end":{"line":59,"column":27}},"33":{"start":{"line":59,"column":6},"end":{"line":59,"column":25}},"34":{"start":{"line":60,"column":2},"end":{"line":61,"column":25}},"35":{"start":{"line":61,"column":6},"end":{"line":61,"column":23}},"36":{"start":{"line":62,"column":2},"end":{"line":62,"column":39}},"37":{"start":{"line":64,"column":2},"end":{"line":64,"column":44}},"38":{"start":{"line":67,"column":0},"end":{"line":72,"column":2}},"39":{"start":{"line":68,"column":2},"end":{"line":70,"column":5}},"40":{"start":{"line":69,"column":4},"end":{"line":69,"column":33}},"41":{"start":{"line":71,"column":2},"end":{"line":71,"column":62}},"42":{"start":{"line":74,"column":0},"end":{"line":87,"column":2}},"43":{"start":{"line":76,"column":2},"end":{"line":76,"column":24}},"44":{"start":{"line":77,"column":2},"end":{"line":79,"column":5}},"45":{"start":{"line":78,"column":4},"end":{"line":78,"column":17}},"46":{"start":{"line":81,"column":2},"end":{"line":85,"column":4}},"47":{"start":{"line":82,"column":4},"end":{"line":82,"column":38}},"48":{"start":{"line":83,"column":4},"end":{"line":84,"column":62}},"49":{"start":{"line":86,"column":2},"end":{"line":86,"column":13}},"50":{"start":{"line":89,"column":0},"end":{"line":93,"column":2}},"51":{"start":{"line":90,"column":2},"end":{"line":92,"column":55}},"52":{"start":{"line":95,"column":0},"end":{"line":95,"column":27}},"53":{"start":{"line":98,"column":0},"end":{"line":130,"column":2}},"54":{"start":{"line":99,"column":2},"end":{"line":99,"column":20}},"55":{"start":{"line":100,"column":2},"end":{"line":100,"column":19}},"56":{"start":{"line":101,"column":2},"end":{"line":129,"column":4}},"57":{"start":{"line":102,"column":4},"end":{"line":102,"column":31}},"58":{"start":{"line":102,"column":14},"end":{"line":102,"column":29}},"59":{"start":{"line":103,"column":4},"end":{"line":128,"column":5}},"60":{"start":{"line":105,"column":6},"end":{"line":105,"column":15}},"61":{"start":{"line":108,"column":6},"end":{"line":108,"column":22}},"62":{"start":{"line":109,"column":6},"end":{"line":109,"column":54}},"63":{"start":{"line":109,"column":10},"end":{"line":109,"column":41}},"64":{"start":{"line":110,"column":6},"end":{"line":127,"column":7}},"65":{"start":{"line":112,"column":8},"end":{"line":122,"column":9}},"66":{"start":{"line":113,"column":10},"end":{"line":113,"column":19}},"67":{"start":{"line":115,"column":10},"end":{"line":118,"column":37}},"68":{"start":{"line":119,"column":10},"end":{"line":119,"column":75}},"69":{"start":{"line":120,"column":10},"end":{"line":120,"column":71}},"70":{"start":{"line":120,"column":29},"end":{"line":120,"column":69}},"71":{"start":{"line":121,"column":10},"end":{"line":121,"column":20}},"72":{"start":{"line":125,"column":8},"end":{"line":126,"column":87}},"73":{"start":{"line":133,"column":0},"end":{"line":163,"column":2}},"74":{"start":{"line":134,"column":2},"end":{"line":134,"column":20}},"75":{"start":{"line":136,"column":2},"end":{"line":136,"column":19}},"76":{"start":{"line":137,"column":2},"end":{"line":162,"column":4}},"77":{"start":{"line":138,"column":4},"end":{"line":138,"column":31}},"78":{"start":{"line":138,"column":14},"end":{"line":138,"column":29}},"79":{"start":{"line":139,"column":4},"end":{"line":140,"column":18}},"80":{"start":{"line":141,"column":4},"end":{"line":145,"column":5}},"81":{"start":{"line":142,"column":6},"end":{"line":142,"column":29}},"82":{"start":{"line":144,"column":6},"end":{"line":144,"column":75}},"83":{"start":{"line":146,"column":4},"end":{"line":150,"column":5}},"84":{"start":{"line":147,"column":8},"end":{"line":147,"column":41}},"85":{"start":{"line":149,"column":8},"end":{"line":149,"column":23}},"86":{"start":{"line":151,"column":4},"end":{"line":161,"column":5}},"87":{"start":{"line":152,"column":6},"end":{"line":155,"column":25}},"88":{"start":{"line":156,"column":6},"end":{"line":156,"column":63}},"89":{"start":{"line":157,"column":6},"end":{"line":157,"column":67}},"90":{"start":{"line":157,"column":25},"end":{"line":157,"column":65}},"91":{"start":{"line":158,"column":6},"end":{"line":158,"column":16}},"92":{"start":{"line":160,"column":6},"end":{"line":160,"column":20}},"93":{"start":{"line":166,"column":0},"end":{"line":186,"column":2}},"94":{"start":{"line":167,"column":2},"end":{"line":167,"column":20}},"95":{"start":{"line":168,"column":2},"end":{"line":168,"column":19}},"96":{"start":{"line":169,"column":2},"end":{"line":185,"column":5}},"97":{"start":{"line":170,"column":4},"end":{"line":170,"column":29}},"98":{"start":{"line":170,"column":13},"end":{"line":170,"column":28}},"99":{"start":{"line":171,"column":4},"end":{"line":172,"column":53}},"100":{"start":{"line":171,"column":48},"end":{"line":172,"column":52}},"101":{"start":{"line":175,"column":4},"end":{"line":183,"column":5}},"102":{"start":{"line":176,"column":8},"end":{"line":176,"column":65}},"103":{"start":{"line":177,"column":11},"end":{"line":183,"column":5}},"104":{"start":{"line":178,"column":8},"end":{"line":182,"column":9}},"105":{"start":{"line":179,"column":12},"end":{"line":181,"column":13}},"106":{"start":{"line":180,"column":16},"end":{"line":180,"column":79}},"107":{"start":{"line":184,"column":4},"end":{"line":184,"column":24}},"108":{"start":{"line":189,"column":0},"end":{"line":204,"column":2}},"109":{"start":{"line":190,"column":2},"end":{"line":190,"column":20}},"110":{"start":{"line":191,"column":2},"end":{"line":191,"column":19}},"111":{"start":{"line":192,"column":2},"end":{"line":203,"column":5}},"112":{"start":{"line":193,"column":4},"end":{"line":193,"column":29}},"113":{"start":{"line":193,"column":13},"end":{"line":193,"column":28}},"114":{"start":{"line":194,"column":4},"end":{"line":195,"column":53}},"115":{"start":{"line":194,"column":48},"end":{"line":195,"column":52}},"116":{"start":{"line":196,"column":4},"end":{"line":202,"column":5}},"117":{"start":{"line":197,"column":6},"end":{"line":198,"column":68}},"118":{"start":{"line":200,"column":6},"end":{"line":200,"column":60}},"119":{"start":{"line":201,"column":6},"end":{"line":201,"column":19}},"120":{"start":{"line":207,"column":0},"end":{"line":224,"column":2}},"121":{"start":{"line":208,"column":2},"end":{"line":208,"column":20}},"122":{"start":{"line":209,"column":2},"end":{"line":209,"column":19}},"123":{"start":{"line":210,"column":2},"end":{"line":223,"column":5}},"124":{"start":{"line":212,"column":4},"end":{"line":212,"column":29}},"125":{"start":{"line":212,"column":13},"end":{"line":212,"column":28}},"126":{"start":{"line":213,"column":4},"end":{"line":214,"column":53}},"127":{"start":{"line":213,"column":48},"end":{"line":214,"column":52}},"128":{"start":{"line":215,"column":4},"end":{"line":216,"column":76}},"129":{"start":{"line":215,"column":40},"end":{"line":216,"column":75}},"130":{"start":{"line":217,"column":4},"end":{"line":217,"column":25}},"131":{"start":{"line":218,"column":4},"end":{"line":221,"column":5}},"132":{"start":{"line":219,"column":6},"end":{"line":219,"column":63}},"133":{"start":{"line":220,"column":6},"end":{"line":220,"column":24}},"134":{"start":{"line":222,"column":4},"end":{"line":222,"column":23}},"135":{"start":{"line":226,"column":0},"end":{"line":249,"column":2}},"136":{"start":{"line":227,"column":2},"end":{"line":227,"column":16}},"137":{"start":{"line":229,"column":2},"end":{"line":229,"column":23}},"138":{"start":{"line":230,"column":2},"end":{"line":230,"column":20}},"139":{"start":{"line":232,"column":2},"end":{"line":232,"column":41}},"140":{"start":{"line":233,"column":2},"end":{"line":233,"column":45}},"141":{"start":{"line":236,"column":2},"end":{"line":238,"column":3}},"142":{"start":{"line":237,"column":4},"end":{"line":237,"column":45}},"143":{"start":{"line":240,"column":2},"end":{"line":247,"column":4}},"144":{"start":{"line":241,"column":4},"end":{"line":241,"column":19}},"145":{"start":{"line":242,"column":4},"end":{"line":246,"column":5}},"146":{"start":{"line":243,"column":6},"end":{"line":243,"column":71}},"147":{"start":{"line":244,"column":6},"end":{"line":244,"column":71}},"148":{"start":{"line":245,"column":6},"end":{"line":245,"column":23}},"149":{"start":{"line":248,"column":2},"end":{"line":248,"column":14}},"150":{"start":{"line":251,"column":0},"end":{"line":260,"column":2}},"151":{"start":{"line":252,"column":2},"end":{"line":252,"column":46}},"152":{"start":{"line":252,"column":33},"end":{"line":252,"column":44}},"153":{"start":{"line":253,"column":2},"end":{"line":253,"column":13}},"154":{"start":{"line":254,"column":2},"end":{"line":258,"column":5}},"155":{"start":{"line":255,"column":4},"end":{"line":257,"column":5}},"156":{"start":{"line":256,"column":6},"end":{"line":256,"column":28}},"157":{"start":{"line":259,"column":2},"end":{"line":259,"column":20}},"158":{"start":{"line":269,"column":0},"end":{"line":328,"column":2}},"159":{"start":{"line":270,"column":2},"end":{"line":270,"column":24}},"160":{"start":{"line":271,"column":2},"end":{"line":271,"column":19}},"161":{"start":{"line":272,"column":2},"end":{"line":272,"column":39}},"162":{"start":{"line":273,"column":2},"end":{"line":274,"column":35}},"163":{"start":{"line":277,"column":2},"end":{"line":277,"column":34}},"164":{"start":{"line":278,"column":2},"end":{"line":278,"column":49}},"165":{"start":{"line":281,"column":2},"end":{"line":281,"column":44}},"166":{"start":{"line":283,"column":2},"end":{"line":283,"column":33}},"167":{"start":{"line":286,"column":2},"end":{"line":286,"column":61}},"168":{"start":{"line":288,"column":2},"end":{"line":288,"column":36}},"169":{"start":{"line":290,"column":2},"end":{"line":327,"column":5}},"170":{"start":{"line":291,"column":4},"end":{"line":291,"column":31}},"171":{"start":{"line":291,"column":14},"end":{"line":291,"column":29}},"172":{"start":{"line":293,"column":4},"end":{"line":293,"column":16}},"173":{"start":{"line":295,"column":4},"end":{"line":301,"column":21}},"174":{"start":{"line":296,"column":6},"end":{"line":296,"column":38}},"175":{"start":{"line":297,"column":6},"end":{"line":300,"column":7}},"176":{"start":{"line":298,"column":8},"end":{"line":298,"column":45}},"177":{"start":{"line":299,"column":8},"end":{"line":299,"column":33}},"178":{"start":{"line":302,"column":4},"end":{"line":308,"column":5}},"179":{"start":{"line":304,"column":6},"end":{"line":307,"column":23}},"180":{"start":{"line":305,"column":8},"end":{"line":305,"column":77}},"181":{"start":{"line":306,"column":8},"end":{"line":306,"column":62}},"182":{"start":{"line":310,"column":4},"end":{"line":326,"column":5}},"183":{"start":{"line":311,"column":6},"end":{"line":311,"column":86}},"184":{"start":{"line":312,"column":6},"end":{"line":312,"column":53}},"185":{"start":{"line":312,"column":16},"end":{"line":312,"column":51}},"186":{"start":{"line":314,"column":6},"end":{"line":314,"column":25}},"187":{"start":{"line":315,"column":6},"end":{"line":325,"column":7}},"188":{"start":{"line":316,"column":8},"end":{"line":316,"column":74}},"189":{"start":{"line":317,"column":8},"end":{"line":317,"column":24}},"190":{"start":{"line":318,"column":8},"end":{"line":318,"column":23}},"191":{"start":{"line":320,"column":8},"end":{"line":320,"column":96}},"192":{"start":{"line":321,"column":8},"end":{"line":321,"column":50}},"193":{"start":{"line":322,"column":8},"end":{"line":322,"column":28}},"194":{"start":{"line":323,"column":8},"end":{"line":323,"column":99}},"195":{"start":{"line":324,"column":8},"end":{"line":324,"column":117}},"196":{"start":{"line":331,"column":0},"end":{"line":369,"column":2}},"197":{"start":{"line":332,"column":2},"end":{"line":332,"column":19}},"198":{"start":{"line":335,"column":2},"end":{"line":335,"column":48}},"199":{"start":{"line":337,"column":2},"end":{"line":337,"column":79}},"200":{"start":{"line":340,"column":2},"end":{"line":340,"column":19}},"201":{"start":{"line":341,"column":2},"end":{"line":349,"column":3}},"202":{"start":{"line":343,"column":4},"end":{"line":343,"column":17}},"203":{"start":{"line":344,"column":4},"end":{"line":348,"column":6}},"204":{"start":{"line":345,"column":6},"end":{"line":345,"column":44}},"205":{"start":{"line":346,"column":6},"end":{"line":346,"column":53}},"206":{"start":{"line":347,"column":6},"end":{"line":347,"column":41}},"207":{"start":{"line":347,"column":17},"end":{"line":347,"column":39}},"208":{"start":{"line":352,"column":2},"end":{"line":355,"column":6}},"209":{"start":{"line":358,"column":2},"end":{"line":358,"column":29}},"210":{"start":{"line":359,"column":2},"end":{"line":361,"column":3}},"211":{"start":{"line":360,"column":4},"end":{"line":360,"column":32}},"212":{"start":{"line":362,"column":2},"end":{"line":362,"column":36}},"213":{"start":{"line":364,"column":2},"end":{"line":368,"column":5}},"214":{"start":{"line":365,"column":4},"end":{"line":365,"column":31}},"215":{"start":{"line":365,"column":14},"end":{"line":365,"column":29}},"216":{"start":{"line":366,"column":4},"end":{"line":366,"column":23}},"217":{"start":{"line":367,"column":4},"end":{"line":367,"column":25}},"218":{"start":{"line":373,"column":0},"end":{"line":378,"column":2}},"219":{"start":{"line":374,"column":2},"end":{"line":376,"column":3}},"220":{"start":{"line":375,"column":4},"end":{"line":375,"column":59}},"221":{"start":{"line":377,"column":2},"end":{"line":377,"column":14}},"222":{"start":{"line":385,"column":0},"end":{"line":391,"column":2}},"223":{"start":{"line":386,"column":2},"end":{"line":390,"column":5}},"224":{"start":{"line":398,"column":0},"end":{"line":404,"column":2}},"225":{"start":{"line":399,"column":2},"end":{"line":403,"column":5}},"226":{"start":{"line":406,"column":0},"end":{"line":409,"column":2}},"227":{"start":{"line":407,"column":2},"end":{"line":407,"column":38}},"228":{"start":{"line":407,"column":11},"end":{"line":407,"column":36}},"229":{"start":{"line":408,"column":2},"end":{"line":408,"column":24}},"230":{"start":{"line":411,"column":0},"end":{"line":411,"column":68}},"231":{"start":{"line":413,"column":0},"end":{"line":419,"column":2}},"232":{"start":{"line":414,"column":2},"end":{"line":416,"column":3}},"233":{"start":{"line":415,"column":4},"end":{"line":415,"column":78}},"234":{"start":{"line":417,"column":2},"end":{"line":417,"column":44}},"235":{"start":{"line":418,"column":2},"end":{"line":418,"column":25}},"236":{"start":{"line":423,"column":0},"end":{"line":423,"column":38}},"237":{"start":{"line":431,"column":0},"end":{"line":445,"column":2}},"238":{"start":{"line":432,"column":2},"end":{"line":432,"column":35}},"239":{"start":{"line":433,"column":2},"end":{"line":433,"column":19}},"240":{"start":{"line":435,"column":2},"end":{"line":444,"column":6}},"241":{"start":{"line":436,"column":4},"end":{"line":443,"column":5}},"242":{"start":{"line":437,"column":6},"end":{"line":437,"column":24}},"243":{"start":{"line":439,"column":6},"end":{"line":441,"column":9}},"244":{"start":{"line":440,"column":8},"end":{"line":440,"column":46}},"245":{"start":{"line":442,"column":6},"end":{"line":442,"column":58}},"246":{"start":{"line":452,"column":0},"end":{"line":459,"column":2}},"247":{"start":{"line":453,"column":2},"end":{"line":453,"column":35}},"248":{"start":{"line":454,"column":2},"end":{"line":458,"column":5}},"249":{"start":{"line":469,"column":0},"end":{"line":475,"column":2}},"250":{"start":{"line":470,"column":2},"end":{"line":470,"column":39}},"251":{"start":{"line":471,"column":2},"end":{"line":473,"column":26}},"252":{"start":{"line":474,"column":2},"end":{"line":474,"column":100}},"253":{"start":{"line":482,"column":0},"end":{"line":489,"column":2}},"254":{"start":{"line":483,"column":2},"end":{"line":483,"column":35}},"255":{"start":{"line":484,"column":2},"end":{"line":488,"column":5}},"256":{"start":{"line":496,"column":0},"end":{"line":504,"column":2}},"257":{"start":{"line":497,"column":2},"end":{"line":497,"column":35}},"258":{"start":{"line":498,"column":2},"end":{"line":503,"column":5}},"259":{"start":{"line":511,"column":0},"end":{"line":528,"column":2}},"260":{"start":{"line":512,"column":2},"end":{"line":512,"column":35}},"261":{"start":{"line":515,"column":2},"end":{"line":517,"column":3}},"262":{"start":{"line":516,"column":4},"end":{"line":516,"column":20}},"263":{"start":{"line":518,"column":2},"end":{"line":521,"column":3}},"264":{"start":{"line":520,"column":4},"end":{"line":520,"column":41}},"265":{"start":{"line":522,"column":2},"end":{"line":527,"column":5}},"266":{"start":{"line":533,"column":0},"end":{"line":537,"column":2}},"267":{"start":{"line":534,"column":2},"end":{"line":534,"column":35}},"268":{"start":{"line":536,"column":2},"end":{"line":536,"column":31}},"269":{"start":{"line":544,"column":0},"end":{"line":551,"column":2}},"270":{"start":{"line":545,"column":2},"end":{"line":545,"column":35}},"271":{"start":{"line":546,"column":2},"end":{"line":550,"column":5}},"272":{"start":{"line":558,"column":0},"end":{"line":565,"column":2}},"273":{"start":{"line":559,"column":2},"end":{"line":559,"column":35}},"274":{"start":{"line":560,"column":2},"end":{"line":564,"column":5}},"275":{"start":{"line":572,"column":0},"end":{"line":579,"column":2}},"276":{"start":{"line":573,"column":2},"end":{"line":573,"column":35}},"277":{"start":{"line":574,"column":2},"end":{"line":578,"column":5}},"278":{"start":{"line":586,"column":0},"end":{"line":594,"column":2}},"279":{"start":{"line":587,"column":2},"end":{"line":587,"column":35}},"280":{"start":{"line":588,"column":2},"end":{"line":593,"column":5}},"281":{"start":{"line":602,"column":0},"end":{"line":610,"column":2}},"282":{"start":{"line":603,"column":2},"end":{"line":603,"column":35}},"283":{"start":{"line":604,"column":2},"end":{"line":609,"column":5}},"284":{"start":{"line":618,"column":0},"end":{"line":629,"column":5}},"285":{"start":{"line":620,"column":2},"end":{"line":628,"column":4}},"286":{"start":{"line":621,"column":4},"end":{"line":621,"column":37}},"287":{"start":{"line":622,"column":4},"end":{"line":622,"column":36}},"288":{"start":{"line":623,"column":4},"end":{"line":623,"column":34}},"289":{"start":{"line":624,"column":4},"end":{"line":627,"column":8}},"290":{"start":{"line":625,"column":6},"end":{"line":625,"column":31}},"291":{"start":{"line":625,"column":15},"end":{"line":625,"column":30}},"292":{"start":{"line":626,"column":6},"end":{"line":626,"column":20}},"293":{"start":{"line":637,"column":0},"end":{"line":644,"column":2}},"294":{"start":{"line":638,"column":2},"end":{"line":638,"column":35}},"295":{"start":{"line":639,"column":2},"end":{"line":639,"column":34}},"296":{"start":{"line":640,"column":2},"end":{"line":643,"column":6}},"297":{"start":{"line":641,"column":4},"end":{"line":641,"column":29}},"298":{"start":{"line":641,"column":13},"end":{"line":641,"column":28}},"299":{"start":{"line":642,"column":4},"end":{"line":642,"column":18}},"300":{"start":{"line":654,"column":0},"end":{"line":666,"column":2}},"301":{"start":{"line":655,"column":2},"end":{"line":655,"column":39}},"302":{"start":{"line":656,"column":2},"end":{"line":658,"column":32}},"303":{"start":{"line":659,"column":2},"end":{"line":659,"column":34}},"304":{"start":{"line":660,"column":2},"end":{"line":665,"column":5}},"305":{"start":{"line":669,"column":0},"end":{"line":669,"column":102}},"306":{"start":{"line":680,"column":0},"end":{"line":693,"column":2}},"307":{"start":{"line":681,"column":2},"end":{"line":681,"column":39}},"308":{"start":{"line":682,"column":2},"end":{"line":684,"column":32}},"309":{"start":{"line":686,"column":2},"end":{"line":686,"column":34}},"310":{"start":{"line":687,"column":2},"end":{"line":692,"column":5}},"311":{"start":{"line":702,"column":0},"end":{"line":715,"column":2}},"312":{"start":{"line":703,"column":2},"end":{"line":703,"column":39}},"313":{"start":{"line":704,"column":2},"end":{"line":706,"column":32}},"314":{"start":{"line":708,"column":2},"end":{"line":708,"column":34}},"315":{"start":{"line":709,"column":2},"end":{"line":714,"column":5}},"316":{"start":{"line":718,"column":0},"end":{"line":718,"column":113}},"317":{"start":{"line":728,"column":0},"end":{"line":741,"column":2}},"318":{"start":{"line":729,"column":2},"end":{"line":729,"column":39}},"319":{"start":{"line":730,"column":2},"end":{"line":732,"column":32}},"320":{"start":{"line":734,"column":2},"end":{"line":734,"column":34}},"321":{"start":{"line":735,"column":2},"end":{"line":740,"column":5}},"322":{"start":{"line":749,"column":0},"end":{"line":757,"column":2}},"323":{"start":{"line":750,"column":2},"end":{"line":750,"column":35}},"324":{"start":{"line":751,"column":2},"end":{"line":756,"column":5}},"325":{"start":{"line":764,"column":0},"end":{"line":771,"column":2}},"326":{"start":{"line":765,"column":2},"end":{"line":765,"column":35}},"327":{"start":{"line":766,"column":2},"end":{"line":770,"column":5}},"328":{"start":{"line":778,"column":0},"end":{"line":785,"column":2}},"329":{"start":{"line":779,"column":0},"end":{"line":779,"column":33}},"330":{"start":{"line":780,"column":0},"end":{"line":784,"column":4}},"331":{"start":{"line":792,"column":0},"end":{"line":800,"column":2}},"332":{"start":{"line":793,"column":0},"end":{"line":793,"column":33}},"333":{"start":{"line":794,"column":0},"end":{"line":799,"column":5}},"334":{"start":{"line":809,"column":0},"end":{"line":818,"column":2}},"335":{"start":{"line":810,"column":2},"end":{"line":810,"column":39}},"336":{"start":{"line":811,"column":2},"end":{"line":812,"column":38}},"337":{"start":{"line":813,"column":0},"end":{"line":817,"column":4}},"338":{"start":{"line":828,"column":0},"end":{"line":840,"column":2}},"339":{"start":{"line":829,"column":2},"end":{"line":829,"column":39}},"340":{"start":{"line":830,"column":2},"end":{"line":833,"column":38}},"341":{"start":{"line":834,"column":0},"end":{"line":839,"column":4}},"342":{"start":{"line":849,"column":0},"end":{"line":858,"column":2}},"343":{"start":{"line":850,"column":2},"end":{"line":850,"column":39}},"344":{"start":{"line":851,"column":2},"end":{"line":852,"column":38}},"345":{"start":{"line":853,"column":2},"end":{"line":857,"column":7}},"346":{"start":{"line":868,"column":0},"end":{"line":880,"column":2}},"347":{"start":{"line":869,"column":2},"end":{"line":869,"column":39}},"348":{"start":{"line":870,"column":2},"end":{"line":873,"column":38}},"349":{"start":{"line":874,"column":2},"end":{"line":879,"column":5}},"350":{"start":{"line":887,"column":0},"end":{"line":894,"column":2}},"351":{"start":{"line":888,"column":2},"end":{"line":888,"column":35}},"352":{"start":{"line":889,"column":2},"end":{"line":893,"column":5}},"353":{"start":{"line":901,"column":0},"end":{"line":908,"column":2}},"354":{"start":{"line":902,"column":2},"end":{"line":902,"column":35}},"355":{"start":{"line":903,"column":2},"end":{"line":907,"column":5}},"356":{"start":{"line":914,"column":0},"end":{"line":916,"column":2}},"357":{"start":{"line":915,"column":2},"end":{"line":915,"column":35}},"358":{"start":{"line":923,"column":0},"end":{"line":931,"column":2}},"359":{"start":{"line":924,"column":2},"end":{"line":924,"column":35}},"360":{"start":{"line":925,"column":2},"end":{"line":930,"column":5}},"361":{"start":{"line":934,"column":0},"end":{"line":934,"column":80}},"362":{"start":{"line":941,"column":0},"end":{"line":949,"column":2}},"363":{"start":{"line":942,"column":2},"end":{"line":942,"column":35}},"364":{"start":{"line":943,"column":2},"end":{"line":948,"column":5}},"365":{"start":{"line":957,"column":0},"end":{"line":965,"column":2}},"366":{"start":{"line":958,"column":2},"end":{"line":958,"column":35}},"367":{"start":{"line":959,"column":2},"end":{"line":964,"column":5}},"368":{"start":{"line":972,"column":0},"end":{"line":980,"column":2}},"369":{"start":{"line":973,"column":2},"end":{"line":973,"column":35}},"370":{"start":{"line":974,"column":2},"end":{"line":979,"column":5}},"371":{"start":{"line":989,"column":0},"end":{"line":999,"column":2}},"372":{"start":{"line":990,"column":2},"end":{"line":990,"column":35}},"373":{"start":{"line":991,"column":2},"end":{"line":998,"column":5}},"374":{"start":{"line":993,"column":6},"end":{"line":996,"column":18}},"375":{"start":{"line":994,"column":8},"end":{"line":994,"column":75}},"376":{"start":{"line":994,"column":31},"end":{"line":994,"column":52}},"377":{"start":{"line":994,"column":60},"end":{"line":994,"column":74}},"378":{"start":{"line":996,"column":8},"end":{"line":996,"column":16}},"379":{"start":{"line":1008,"column":0},"end":{"line":1018,"column":2}},"380":{"start":{"line":1009,"column":2},"end":{"line":1009,"column":35}},"381":{"start":{"line":1010,"column":2},"end":{"line":1017,"column":5}},"382":{"start":{"line":1012,"column":6},"end":{"line":1015,"column":18}},"383":{"start":{"line":1013,"column":8},"end":{"line":1013,"column":70}},"384":{"start":{"line":1013,"column":31},"end":{"line":1013,"column":52}},"385":{"start":{"line":1013,"column":60},"end":{"line":1013,"column":69}},"386":{"start":{"line":1015,"column":8},"end":{"line":1015,"column":16}},"387":{"start":{"line":1026,"column":0},"end":{"line":1034,"column":2}},"388":{"start":{"line":1027,"column":2},"end":{"line":1027,"column":35}},"389":{"start":{"line":1028,"column":2},"end":{"line":1033,"column":5}},"390":{"start":{"line":1043,"column":0},"end":{"line":1051,"column":2}},"391":{"start":{"line":1044,"column":2},"end":{"line":1044,"column":35}},"392":{"start":{"line":1045,"column":2},"end":{"line":1050,"column":6}},"393":{"start":{"line":1046,"column":4},"end":{"line":1049,"column":16}},"394":{"start":{"line":1047,"column":6},"end":{"line":1047,"column":37}},"395":{"start":{"line":1049,"column":6},"end":{"line":1049,"column":14}},"396":{"start":{"line":1056,"column":0},"end":{"line":1080,"column":2}},"397":{"start":{"line":1057,"column":2},"end":{"line":1057,"column":35}},"398":{"start":{"line":1058,"column":2},"end":{"line":1058,"column":19}},"399":{"start":{"line":1059,"column":2},"end":{"line":1059,"column":37}},"400":{"start":{"line":1061,"column":2},"end":{"line":1077,"column":4}},"401":{"start":{"line":1062,"column":4},"end":{"line":1076,"column":7}},"402":{"start":{"line":1063,"column":6},"end":{"line":1065,"column":7}},"403":{"start":{"line":1064,"column":8},"end":{"line":1064,"column":23}},"404":{"start":{"line":1067,"column":6},"end":{"line":1075,"column":7}},"405":{"start":{"line":1068,"column":8},"end":{"line":1068,"column":17}},"406":{"start":{"line":1070,"column":8},"end":{"line":1074,"column":9}},"407":{"start":{"line":1071,"column":10},"end":{"line":1071,"column":49}},"408":{"start":{"line":1073,"column":10},"end":{"line":1073,"column":32}},"409":{"start":{"line":1079,"column":2},"end":{"line":1079,"column":9}},"410":{"start":{"line":1085,"column":0},"end":{"line":1108,"column":2}},"411":{"start":{"line":1086,"column":2},"end":{"line":1086,"column":35}},"412":{"start":{"line":1087,"column":2},"end":{"line":1087,"column":19}},"413":{"start":{"line":1088,"column":2},"end":{"line":1088,"column":37}},"414":{"start":{"line":1090,"column":2},"end":{"line":1106,"column":4}},"415":{"start":{"line":1091,"column":4},"end":{"line":1105,"column":7}},"416":{"start":{"line":1092,"column":6},"end":{"line":1094,"column":7}},"417":{"start":{"line":1093,"column":8},"end":{"line":1093,"column":23}},"418":{"start":{"line":1096,"column":6},"end":{"line":1104,"column":7}},"419":{"start":{"line":1097,"column":8},"end":{"line":1097,"column":17}},"420":{"start":{"line":1099,"column":8},"end":{"line":1103,"column":9}},"421":{"start":{"line":1100,"column":10},"end":{"line":1100,"column":57}},"422":{"start":{"line":1102,"column":10},"end":{"line":1102,"column":32}},"423":{"start":{"line":1107,"column":2},"end":{"line":1107,"column":9}},"424":{"start":{"line":1115,"column":0},"end":{"line":1122,"column":2}},"425":{"start":{"line":1116,"column":2},"end":{"line":1116,"column":35}},"426":{"start":{"line":1117,"column":2},"end":{"line":1121,"column":5}},"427":{"start":{"line":1126,"column":0},"end":{"line":1284,"column":2}},"428":{"start":{"line":1127,"column":2},"end":{"line":1276,"column":3}},"429":{"start":{"line":1141,"column":4},"end":{"line":1145,"column":6}},"430":{"start":{"line":1142,"column":6},"end":{"line":1142,"column":44}},"431":{"start":{"line":1143,"column":6},"end":{"line":1143,"column":47}},"432":{"start":{"line":1144,"column":6},"end":{"line":1144,"column":37}},"433":{"start":{"line":1161,"column":4},"end":{"line":1176,"column":6}},"434":{"start":{"line":1162,"column":6},"end":{"line":1162,"column":43}},"435":{"start":{"line":1163,"column":6},"end":{"line":1163,"column":30}},"436":{"start":{"line":1164,"column":6},"end":{"line":1164,"column":27}},"437":{"start":{"line":1165,"column":6},"end":{"line":1165,"column":47}},"438":{"start":{"line":1166,"column":6},"end":{"line":1174,"column":8}},"439":{"start":{"line":1168,"column":10},"end":{"line":1172,"column":11}},"440":{"start":{"line":1169,"column":12},"end":{"line":1169,"column":79}},"441":{"start":{"line":1169,"column":35},"end":{"line":1169,"column":56}},"442":{"start":{"line":1169,"column":64},"end":{"line":1169,"column":78}},"443":{"start":{"line":1171,"column":12},"end":{"line":1171,"column":20}},"444":{"start":{"line":1175,"column":6},"end":{"line":1175,"column":39}},"445":{"start":{"line":1192,"column":4},"end":{"line":1206,"column":6}},"446":{"start":{"line":1193,"column":6},"end":{"line":1193,"column":43}},"447":{"start":{"line":1194,"column":6},"end":{"line":1194,"column":30}},"448":{"start":{"line":1195,"column":6},"end":{"line":1195,"column":27}},"449":{"start":{"line":1196,"column":6},"end":{"line":1196,"column":47}},"450":{"start":{"line":1197,"column":6},"end":{"line":1204,"column":8}},"451":{"start":{"line":1199,"column":10},"end":{"line":1202,"column":22}},"452":{"start":{"line":1200,"column":12},"end":{"line":1200,"column":74}},"453":{"start":{"line":1200,"column":35},"end":{"line":1200,"column":56}},"454":{"start":{"line":1200,"column":64},"end":{"line":1200,"column":73}},"455":{"start":{"line":1202,"column":12},"end":{"line":1202,"column":20}},"456":{"start":{"line":1205,"column":6},"end":{"line":1205,"column":38}},"457":{"start":{"line":1222,"column":4},"end":{"line":1226,"column":6}},"458":{"start":{"line":1223,"column":6},"end":{"line":1223,"column":44}},"459":{"start":{"line":1224,"column":6},"end":{"line":1224,"column":47}},"460":{"start":{"line":1225,"column":6},"end":{"line":1225,"column":40}},"461":{"start":{"line":1239,"column":4},"end":{"line":1243,"column":6}},"462":{"start":{"line":1240,"column":6},"end":{"line":1240,"column":44}},"463":{"start":{"line":1241,"column":6},"end":{"line":1241,"column":47}},"464":{"start":{"line":1242,"column":6},"end":{"line":1242,"column":44}},"465":{"start":{"line":1256,"column":4},"end":{"line":1260,"column":6}},"466":{"start":{"line":1257,"column":6},"end":{"line":1257,"column":44}},"467":{"start":{"line":1258,"column":6},"end":{"line":1258,"column":47}},"468":{"start":{"line":1259,"column":6},"end":{"line":1259,"column":44}},"469":{"start":{"line":1277,"column":2},"end":{"line":1283,"column":3}},"470":{"start":{"line":1278,"column":4},"end":{"line":1282,"column":6}},"471":{"start":{"line":1279,"column":6},"end":{"line":1279,"column":44}},"472":{"start":{"line":1280,"column":6},"end":{"line":1280,"column":47}},"473":{"start":{"line":1281,"column":6},"end":{"line":1281,"column":38}},"474":{"start":{"line":1286,"column":0},"end":{"line":1288,"column":3}},"475":{"start":{"line":1287,"column":2},"end":{"line":1287,"column":85}},"476":{"start":{"line":1295,"column":0},"end":{"line":1302,"column":2}},"477":{"start":{"line":1296,"column":2},"end":{"line":1296,"column":35}},"478":{"start":{"line":1297,"column":2},"end":{"line":1301,"column":5}},"479":{"start":{"line":1310,"column":0},"end":{"line":1317,"column":2}},"480":{"start":{"line":1311,"column":2},"end":{"line":1311,"column":35}},"481":{"start":{"line":1312,"column":2},"end":{"line":1316,"column":5}},"482":{"start":{"line":1324,"column":0},"end":{"line":1331,"column":2}},"483":{"start":{"line":1325,"column":2},"end":{"line":1325,"column":35}},"484":{"start":{"line":1326,"column":2},"end":{"line":1330,"column":5}},"485":{"start":{"line":1333,"column":0},"end":{"line":1333,"column":64}},"486":{"start":{"line":1340,"column":0},"end":{"line":1347,"column":2}},"487":{"start":{"line":1341,"column":2},"end":{"line":1341,"column":35}},"488":{"start":{"line":1342,"column":2},"end":{"line":1346,"column":5}},"489":{"start":{"line":1349,"column":0},"end":{"line":1349,"column":60}},"490":{"start":{"line":1356,"column":0},"end":{"line":1363,"column":2}},"491":{"start":{"line":1357,"column":2},"end":{"line":1357,"column":35}},"492":{"start":{"line":1358,"column":2},"end":{"line":1362,"column":5}},"493":{"start":{"line":1374,"column":0},"end":{"line":1377,"column":2}},"494":{"start":{"line":1375,"column":2},"end":{"line":1375,"column":35}},"495":{"start":{"line":1376,"column":2},"end":{"line":1376,"column":56}},"496":{"start":{"line":1384,"column":0},"end":{"line":1391,"column":2}},"497":{"start":{"line":1385,"column":2},"end":{"line":1385,"column":35}},"498":{"start":{"line":1386,"column":2},"end":{"line":1390,"column":5}},"499":{"start":{"line":1398,"column":0},"end":{"line":1405,"column":2}},"500":{"start":{"line":1399,"column":2},"end":{"line":1399,"column":35}},"501":{"start":{"line":1400,"column":2},"end":{"line":1404,"column":5}},"502":{"start":{"line":1407,"column":0},"end":{"line":1407,"column":72}},"503":{"start":{"line":1414,"column":0},"end":{"line":1421,"column":2}},"504":{"start":{"line":1415,"column":2},"end":{"line":1415,"column":35}},"505":{"start":{"line":1416,"column":2},"end":{"line":1420,"column":5}},"506":{"start":{"line":1423,"column":0},"end":{"line":1441,"column":2}},"507":{"start":{"line":1424,"column":2},"end":{"line":1424,"column":39}},"508":{"start":{"line":1425,"column":2},"end":{"line":1428,"column":27}},"509":{"start":{"line":1430,"column":2},"end":{"line":1430,"column":48}},"510":{"start":{"line":1431,"column":2},"end":{"line":1433,"column":3}},"511":{"start":{"line":1432,"column":4},"end":{"line":1432,"column":23}},"512":{"start":{"line":1435,"column":2},"end":{"line":1440,"column":5}},"513":{"start":{"line":1443,"column":0},"end":{"line":1457,"column":2}},"514":{"start":{"line":1444,"column":2},"end":{"line":1444,"column":39}},"515":{"start":{"line":1445,"column":2},"end":{"line":1449,"column":27}},"516":{"start":{"line":1451,"column":2},"end":{"line":1456,"column":5}},"517":{"start":{"line":1468,"column":0},"end":{"line":1475,"column":2}},"518":{"start":{"line":1469,"column":2},"end":{"line":1469,"column":40}},"519":{"start":{"line":1470,"column":2},"end":{"line":1474,"column":3}},"520":{"start":{"line":1471,"column":4},"end":{"line":1471,"column":30}},"521":{"start":{"line":1473,"column":4},"end":{"line":1473,"column":30}},"522":{"start":{"line":1483,"column":0},"end":{"line":1490,"column":2}},"523":{"start":{"line":1484,"column":2},"end":{"line":1489,"column":5}},"524":{"start":{"line":1499,"column":0},"end":{"line":1515,"column":2}},"525":{"start":{"line":1500,"column":2},"end":{"line":1500,"column":39}},"526":{"start":{"line":1501,"column":2},"end":{"line":1504,"column":29}},"527":{"start":{"line":1506,"column":2},"end":{"line":1514,"column":5}},"528":{"start":{"line":1525,"column":0},"end":{"line":1535,"column":2}},"529":{"start":{"line":1526,"column":2},"end":{"line":1526,"column":39}},"530":{"start":{"line":1527,"column":2},"end":{"line":1528,"column":28}},"531":{"start":{"line":1529,"column":2},"end":{"line":1534,"column":5}},"532":{"start":{"line":1545,"column":0},"end":{"line":1555,"column":2}},"533":{"start":{"line":1546,"column":2},"end":{"line":1546,"column":39}},"534":{"start":{"line":1547,"column":2},"end":{"line":1548,"column":28}},"535":{"start":{"line":1549,"column":2},"end":{"line":1554,"column":5}},"536":{"start":{"line":1564,"column":0},"end":{"line":1576,"column":2}},"537":{"start":{"line":1566,"column":2},"end":{"line":1566,"column":39}},"538":{"start":{"line":1567,"column":2},"end":{"line":1568,"column":28}},"539":{"start":{"line":1570,"column":2},"end":{"line":1575,"column":5}},"540":{"start":{"line":1583,"column":0},"end":{"line":1590,"column":2}},"541":{"start":{"line":1584,"column":2},"end":{"line":1584,"column":35}},"542":{"start":{"line":1585,"column":2},"end":{"line":1589,"column":5}},"543":{"start":{"line":1599,"column":0},"end":{"line":1614,"column":2}},"544":{"start":{"line":1600,"column":2},"end":{"line":1600,"column":35}},"545":{"start":{"line":1601,"column":2},"end":{"line":1601,"column":48}},"546":{"start":{"line":1601,"column":33},"end":{"line":1601,"column":47}},"547":{"start":{"line":1603,"column":2},"end":{"line":1607,"column":5}},"548":{"start":{"line":1604,"column":4},"end":{"line":1606,"column":5}},"549":{"start":{"line":1605,"column":6},"end":{"line":1605,"column":33}},"550":{"start":{"line":1608,"column":2},"end":{"line":1613,"column":5}},"551":{"start":{"line":1622,"column":0},"end":{"line":1629,"column":2}},"552":{"start":{"line":1623,"column":2},"end":{"line":1623,"column":35}},"553":{"start":{"line":1624,"column":2},"end":{"line":1628,"column":5}},"554":{"start":{"line":1638,"column":0},"end":{"line":1653,"column":2}},"555":{"start":{"line":1639,"column":2},"end":{"line":1639,"column":35}},"556":{"start":{"line":1640,"column":2},"end":{"line":1640,"column":48}},"557":{"start":{"line":1640,"column":33},"end":{"line":1640,"column":47}},"558":{"start":{"line":1642,"column":2},"end":{"line":1646,"column":5}},"559":{"start":{"line":1643,"column":4},"end":{"line":1645,"column":5}},"560":{"start":{"line":1644,"column":6},"end":{"line":1644,"column":33}},"561":{"start":{"line":1647,"column":2},"end":{"line":1652,"column":5}},"562":{"start":{"line":1660,"column":0},"end":{"line":1667,"column":2}},"563":{"start":{"line":1661,"column":2},"end":{"line":1661,"column":35}},"564":{"start":{"line":1662,"column":2},"end":{"line":1666,"column":5}},"565":{"start":{"line":1674,"column":0},"end":{"line":1681,"column":2}},"566":{"start":{"line":1675,"column":2},"end":{"line":1675,"column":35}},"567":{"start":{"line":1676,"column":2},"end":{"line":1680,"column":5}},"568":{"start":{"line":1688,"column":0},"end":{"line":1695,"column":2}},"569":{"start":{"line":1689,"column":2},"end":{"line":1689,"column":35}},"570":{"start":{"line":1690,"column":2},"end":{"line":1694,"column":4}},"571":{"start":{"line":1698,"column":0},"end":{"line":1705,"column":2}},"572":{"start":{"line":1699,"column":2},"end":{"line":1699,"column":35}},"573":{"start":{"line":1700,"column":2},"end":{"line":1704,"column":5}},"574":{"start":{"line":1714,"column":0},"end":{"line":1726,"column":2}},"575":{"start":{"line":1715,"column":2},"end":{"line":1715,"column":35}},"576":{"start":{"line":1716,"column":2},"end":{"line":1716,"column":39}},"577":{"start":{"line":1717,"column":2},"end":{"line":1717,"column":29}},"578":{"start":{"line":1718,"column":2},"end":{"line":1718,"column":19}},"579":{"start":{"line":1719,"column":2},"end":{"line":1725,"column":3}},"580":{"start":{"line":1720,"column":4},"end":{"line":1722,"column":8}},"581":{"start":{"line":1721,"column":6},"end":{"line":1721,"column":76}},"582":{"start":{"line":1721,"column":17},"end":{"line":1721,"column":59}},"583":{"start":{"line":1721,"column":67},"end":{"line":1721,"column":75}},"584":{"start":{"line":1724,"column":4},"end":{"line":1724,"column":47}},"585":{"start":{"line":1736,"column":0},"end":{"line":1745,"column":2}},"586":{"start":{"line":1737,"column":2},"end":{"line":1737,"column":35}},"587":{"start":{"line":1738,"column":2},"end":{"line":1744,"column":6}},"588":{"start":{"line":1739,"column":4},"end":{"line":1743,"column":5}},"589":{"start":{"line":1740,"column":6},"end":{"line":1740,"column":20}},"590":{"start":{"line":1742,"column":6},"end":{"line":1742,"column":45}},"591":{"start":{"line":1752,"column":0},"end":{"line":1759,"column":2}},"592":{"start":{"line":1753,"column":2},"end":{"line":1753,"column":35}},"593":{"start":{"line":1754,"column":2},"end":{"line":1758,"column":5}},"594":{"start":{"line":1766,"column":0},"end":{"line":1774,"column":2}},"595":{"start":{"line":1767,"column":2},"end":{"line":1767,"column":35}},"596":{"start":{"line":1768,"column":2},"end":{"line":1773,"column":5}},"597":{"start":{"line":1781,"colum
[...]
:70,"column":12},"end":{"line":71,"column":53}},"32":{"start":{"line":72,"column":12},"end":{"line":73,"column":66}},"33":{"start":{"line":75,"column":12},"end":{"line":78,"column":13}},"34":{"start":{"line":77,"column":14},"end":{"line":77,"column":57}},"35":{"start":{"line":80,"column":12},"end":{"line":94,"column":13}},"36":{"start":{"line":82,"column":14},"end":{"line":93,"column":15}},"37":{"start":{"line":83,"column":16},"end":{"line":83,"column":40}},"38":{"start":{"line":84,"column":21},"end":{"line":93,"column":15}},"39":{"start":{"line":85,"column":16},"end":{"line":85,"column":40}},"40":{"start":{"line":86,"column":21},"end":{"line":93,"column":15}},"41":{"start":{"line":89,"column":16},"end":{"line":89,"column":40}},"42":{"start":{"line":92,"column":16},"end":{"line":92,"column":40}},"43":{"start":{"line":96,"column":12},"end":{"line":110,"column":13}},"44":{"start":{"line":98,"column":14},"end":{"line":106,"column":17}},"45":{"start":{"line":99,"column":16},"end":{"line":105,"column":17}},"46":{"start":{"line":102,"column":18},"end":{"line":102,"column":28}},"47":{"start":{"line":104,"column":18},"end":{"line":104,"column":29}},"48":{"start":{"line":109,"column":14},"end":{"line":109,"column":57}},"49":{"start":{"line":115,"column":4},"end":{"line":115,"column":15}},"50":{"start":{"line":121,"column":2},"end":{"line":166,"column":3}},"51":{"start":{"line":122,"column":4},"end":{"line":165,"column":6}},"52":{"start":{"line":123,"column":6},"end":{"line":123,"column":23}},"53":{"start":{"line":124,"column":6},"end":{"line":124,"column":19}},"54":{"start":{"line":125,"column":6},"end":{"line":125,"column":34}},"55":{"start":{"line":126,"column":6},"end":{"line":126,"column":31}},"56":{"start":{"line":127,"column":6},"end":{"line":129,"column":9}},"57":{"start":{"line":128,"column":8},"end":{"line":128,"column":65}},"58":{"start":{"line":134,"column":6},"end":{"line":136,"column":7}},"59":{"start":{"line":135,"column":8},"end":{"line":135,"column":19}},"60":{"start":{"line":140,"column":6},"end":{"line":154,"column":7}},"61":{"start":{"line":148,"column":8},"end":{"line":148,"column":30}},"62":{"start":{"line":149,"column":8},"end":{"line":153,"column":11}},"63":{"start":{"line":150,"column":10},"end":{"line":150,"column":32}},"64":{"start":{"line":152,"column":10},"end":{"line":152,"column":26}},"65":{"start":{"line":156,"column":6},"end":{"line":156,"column":45}},"66":{"start":{"line":157,"column":6},"end":{"line":157,"column":62}},"67":{"start":{"line":158,"column":6},"end":{"line":158,"column":27}},"68":{"start":{"line":160,"column":6},"end":{"line":164,"column":7}},"69":{"start":{"line":161,"column":8},"end":{"line":161,"column":46}},"70":{"start":{"line":163,"column":8},"end":{"line":163,"column":32}},"71":{"start":{"line":169,"column":2},"end":{"line":171,"column":4}},"72":{"start":{"line":170,"column":4},"end":{"line":170,"column":42}},"73":{"start":{"line":174,"column":2},"end":{"line":174,"column":62}},"74":{"start":{"line":177,"column":2},"end":{"line":180,"column":4}},"75":{"start":{"line":178,"column":4},"end":{"line":178,"column":71}},"76":{"start":{"line":179,"column":4},"end":{"line":179,"column":39}},"77":{"start":{"line":182,"column":2},"end":{"line":182,"column":66}},"78":{"start":{"line":184,"column":2},"end":{"line":184,"column":55}},"79":{"start":{"line":187,"column":2},"end":{"line":189,"column":5}},"80":{"start":{"line":188,"column":4},"end":{"line":188,"column":81}},"81":{"start":{"line":192,"column":2},"end":{"line":194,"column":5}},"82":{"start":{"line":193,"column":4},"end":{"line":193,"column":77}},"83":{"start":{"line":197,"column":2},"end":{"line":206,"column":4}},"84":{"start":{"line":198,"column":4},"end":{"line":198,"column":21}},"85":{"start":{"line":199,"column":4},"end":{"line":199,"column":62}},"86":{"start":{"line":200,"column":4},"end":{"line":200,"column":29}},"87":{"start":{"line":201,"column":4},"end":{"line":204,"column":11}},"88":{"start":{"line":202,"column":6},"end":{"line":202,"column":65}},"89":{"start":{"line":203,"column":6},"end":{"line":203,"column":25}},"90":{"start":{"line":205,"column":4},"end":{"line":205,"column":42}},"91":{"start":{"line":209,"column":2},"end":{"line":231,"column":4}},"92":{"start":{"line":210,"column":4},"end":{"line":230,"column":7}},"93":{"start":{"line":211,"column":6},"end":{"line":211,"column":27}},"94":{"start":{"line":212,"column":6},"end":{"line":216,"column":7}},"95":{"start":{"line":213,"column":8},"end":{"line":213,"column":21}},"96":{"start":{"line":215,"column":8},"end":{"line":215,"column":53}},"97":{"start":{"line":217,"column":6},"end":{"line":219,"column":7}},"98":{"start":{"line":218,"column":8},"end":{"line":218,"column":19}},"99":{"start":{"line":220,"column":6},"end":{"line":228,"column":27}},"100":{"start":{"line":221,"column":8},"end":{"line":227,"column":9}},"101":{"start":{"line":222,"column":10},"end":{"line":222,"column":32}},"102":{"start":{"line":223,"column":15},"end":{"line":227,"column":9}},"103":{"start":{"line":224,"column":10},"end":{"line":224,"column":37}},"104":{"start":{"line":226,"column":10},"end":{"line":226,"column":21}},"105":{"start":{"line":229,"column":6},"end":{"line":229,"column":71}},"106":{"start":{"line":233,"column":2},"end":{"line":233,"column":26}}},"branchMap":{"1":{"line":19,"type":"binary-expr","locations":[{"start":{"line":19,"column":14},"end":{"line":19,"column":51}},{"start":{"line":20,"column":14},"end":{"line":20,"column":44}}]},"2":{"line":34,"type":"if","locations":[{"start":{"line":34,"column":4},"end":{"line":34,"column":4}},{"start":{"line":34,"column":4},"end":{"line":34,"column":4}}]},"3":{"line":34,"type":"binary-expr","locations":[{"start":{"line":34,"column":7},"end":{"line":34,"column":35}},{"start":{"line":34,"column":39},"end":{"line":34,"column":65}}]},"4":{"line":59,"type":"if","locations":[{"start":{"line":59,"column":10},"end":{"line":59,"column":10}},{"start":{"line":59,"column":10},"end":{"line":59,"column":10}}]},"5":{"line":59,"type":"binary-expr","locations":[{"start":{"line":59,"column":13},"end":{"line":59,"column":17}},{"start":{"line":59,"column":21},"end":{"line":59,"column":28}},{"start":{"line":59,"column":32},"end":{"line":59,"column":59}},{"start":{"line":59,"column":63},"end":{"line":59,"column":87}}]},"6":{"line":67,"type":"if","locations":[{"start":{"line":67,"column":12},"end":{"line":67,"column":12}},{"start":{"line":67,"column":12},"end":{"line":67,"column":12}}]},"7":{"line":73,"type":"binary-expr","locations":[{"start":{"line":73,"column":14},"end":{"line":73,"column":16}},{"start":{"line":73,"column":20},"end":{"line":73,"column":65}}]},"8":{"line":75,"type":"if","locations":[{"start":{"line":75,"column":12},"end":{"line":75,"column":12}},{"start":{"line":75,"column":12},"end":{"line":75,"column":12}}]},"9":{"line":75,"type":"binary-expr","locations":[{"start":{"line":75,"column":15},"end":{"line":75,"column":31}},{"start":{"line":75,"column":35},"end":{"line":75,"column":51}}]},"10":{"line":80,"type":"if","locations":[{"start":{"line":80,"column":12},"end":{"line":80,"column":12}},{"start":{"line":80,"column":12},"end":{"line":80,"column":12}}]},"11":{"line":80,"type":"binary-expr","locations":[{"start":{"line":80,"column":15},"end":{"line":80,"column":30}},{"start":{"line":80,"column":34},"end":{"line":80,"column":49}}]},"12":{"line":82,"type":"if","locations":[{"start":{"line":82,"column":14},"end":{"line":82,"column":14}},{"start":{"line":82,"column":14},"end":{"line":82,"column":14}}]},"13":{"line":84,"type":"if","locations":[{"start":{"line":84,"column":21},"end":{"line":84,"column":21}},{"start":{"line":84,"column":21},"end":{"line":84,"column":21}}]},"14":{"line":86,"type":"if","locations":[{"start":{"line":86,"column":21},"end":{"line":86,"column":21}},{"start":{"line":86,"column":21},"end":{"line":86,"column":21}}]},"15":{"line":86,"type":"binary-expr","locations":[{"start":{"line":86,"column":24},"end":{"line":86,"column":46}},{"start":{"line":86,"column":50},"end":{"line":86,"column":76}}]},"16":{"line":96,"type":"if","locations":[{"start":{"line":96,"column":12},"end":{"line":96,"column":12}},{"start":{"line":96,"column":12},"end":{"line":96,"column":12}}]},"17":{"line":99,"type":"if","locations":[{"start":{"line":99,"column":16},"end":{"line":99,"column":16}},{"start":{"line":99,"column":16},"end":{"line":99,"column":16}}]},"18":{"line":134,"type":"binary-expr","locations":[{"start":{"line":134,"column":36},"end":{"line":134,"column":42}},{"start":{"line":134,"column":46},"end":{"line":134,"column":67}}]},"19":{"line":140,"type":"if","locations":[{"start":{"line":140,"column":6},"end":{"line":140,"column":6}},{"start":{"line":140,"column":6},"end":{"line":140,"column":6}}]},"20":{"line":140,"type":"binary-expr","locations":[{"start":{"line":140,"column":10},"end":{"line":140,"column":53}},{"start":{"line":141,"column":8},"end":{"line":141,"column":28}}]},"21":{"line":160,"type":"if","locations":[{"start":{"line":160,"column":6},"end":{"line":160,"column":6}},{"start":{"line":160,"column":6},"end":{"line":160,"column":6}}]},"22":{"line":178,"type":"cond-expr","locations":[{"start":{"line":178,"column":39},"end":{"line":178,"column":65}},{"start":{"line":178,"column":68},"end":{"line":178,"column":70}}]},"23":{"line":212,"type":"if","locations":[{"start":{"line":212,"column":6},"end":{"line":212,"column":6}},{"start":{"line":212,"column":6},"end":{"line":212,"column":6}}]},"24":{"line":217,"type":"if","locations":[{"start":{"line":217,"column":6},"end":{"line":217,"column":6}},{"start":{"line":217,"column":6},"end":{"line":217,"column":6}}]},"25":{"line":221,"type":"if","locations":[{"start":{"line":221,"column":8},"end":{"line":221,"column":8}},{"start":{"line":221,"column":8},"end":{"line":221,"column":8}}]},"26":{"line":223,"type":"if","locations":[{"start":{"line":223,"column":15},"end":{"line":223,"column":15}},{"start":{"line":223,"column":15},"end":{"line":223,"column":15}}]}}},"/Users/seb/Documents/Work/wd/lib/deprecated-chain.js":{"path":"/Users/seb/Documents/Work/wd/lib/deprecated-chain.js","s":{"1":1,"2":1,"3":1,"4":1,"5":12,"6":12,"7":12,"8":12,"9":0,"10":12,"11":8,"12":0,"13":0,"14":12,"15":8,"16":40,"17":32,"18":32,"19":32,"20":32,"21":28,"22":32,"23":32,"24":8,"25":8,"26":0,"27":8,"28":40,"29":8,"30":0,"31":0,"32":0,"33":0,"34":0,"35":0,"36":0,"37":0,"38":12,"39":12,"40":2292,"41":40,"42":40,"43":12,"44":2304,"45":2292,"46":12,"47":1,"48":0,"49":0,"50":1,"51":0,"52":0,"53":0,"54":1,"55":0,"56":1,"57":0,"58":0,"59":1,"60":4,"61":4,"62":1,"63":8,"64":48},"b":{"1":[12,0],"2":[0,12],"3":[8,4],"4":[0,0],"5":[8,4],"6":[32,8],"7":[40,40],"8":[4,28],"9":[28,4],"10":[32,0],"11":[0,8],"12":[0,0],"13":[0,0],"14":[0,0],"15":[0,0],"16":[2292,12]},"f":{"1":12,"2":0,"3":40,"4":32,"5":8,"6":0,"7":0,"8":2292,"9":40,"10":2304,"11":0,"12":0,"13":0,"14":0,"15":0,"16":4,"17":8,"18":48},"fnMap":{"1":{"name":"(anonymous_1)","line":6,"loc":{"start":{"line":6,"column":24},"end":{"line":6,"column":37}}},"2":{"name":"(anonymous_2)","line":15,"loc":{"start":{"line":15,"column":33},"end":{"line":15,"column":47}}},"3":{"name":"(anonymous_3)","line":22,"loc":{"start":{"line":22,"column":31},"end":{"line":22,"column":57}}},"4":{"name":"(anonymous_4)","line":29,"loc":{"start":{"line":29,"column":28},"end":{"line":29,"column":42}}},"5":{"name":"(anonymous_5)","line":40,"loc":{"start":{"line":40,"column":23},"end":{"line":40,"column":37}}},"6":{"name":"(anonymous_6)","line":55,"loc":{"start":{"line":55,"column":15},"end":{"line":55,"column":41}}},"7":{"name":"(anonymous_7)","line":60,"loc":{"start":{"line":60,"column":21},"end":{"line":60,"column":36}}},"8":{"name":"(anonymous_8)","line":77,"loc":{"start":{"line":77,"column":25},"end":{"line":77,"column":39}}},"9":{"name":"(anonymous_9)","line":78,"loc":{"start":{"line":78,"column":11},"end":{"line":78,"column":21}}},"10":{"name":"(anonymous_10)","line":85,"loc":{"start":{"line":85,"column":29},"end":{"line":85,"column":41}}},"11":{"name":"(anonymous_11)","line":95,"loc":{"start":{"line":95,"column":28},"end":{"line":95,"column":38}}},"12":{"name":"(anonymous_12)","line":100,"loc":{"start":{"line":100,"column":29},"end":{"line":100,"column":52}}},"13":{"name":"(anonymous_13)","line":101,"loc":{"start":{"line":101,"column":13},"end":{"line":101,"column":24}}},"14":{"name":"(anonymous_14)","line":107,"loc":{"start":{"line":107,"column":23},"end":{"line":107,"column":33}}},"15":{"name":"(anonymous_15)","line":111,"loc":{"start":{"line":111,"column":27},"end":{"line":111,"column":41}}},"16":{"name":"(anonymous_16)","line":116,"loc":{"start":{"line":116,"column":32},"end":{"line":116,"column":51}}},"17":{"name":"(anonymous_17)","line":122,"loc":{"start":{"line":122,"column":9},"end":{"line":122,"column":27}}},"18":{"name":"(anonymous_18)","line":123,"loc":{"start":{"line":123,"column":38},"end":{"line":123,"column":59}}}},"statementMap":{"1":{"start":{"line":1,"column":0},"end":{"line":1,"column":29}},"2":{"start":{"line":2,"column":0},"end":{"line":2,"column":26}},"3":{"start":{"line":4,"column":0},"end":{"line":4,"column":24}},"4":{"start":{"line":6,"column":0},"end":{"line":92,"column":2}},"5":{"start":{"line":7,"column":2},"end":{"line":7,"column":19}},"6":{"start":{"line":8,"column":2},"end":{"line":8,"column":25}},"7":{"start":{"line":8,"column":14},"end":{"line":8,"column":23}},"8":{"start":{"line":12,"column":2},"end":{"line":18,"column":3}},"9":{"start":{"line":13,"column":4},"end":{"line":13,"column":45}},"10":{"start":{"line":14,"column":9},"end":{"line":18,"column":3}},"11":{"start":{"line":15,"column":4},"end":{"line":17,"column":6}},"12":{"start":{"line":16,"column":6},"end":{"line":16,"column":77}},"13":{"start":{"line":16,"column":17},"end":{"line":16,"column":75}},"14":{"start":{"line":21,"column":2},"end":{"line":72,"column":3}},"15":{"start":{"line":22,"column":4},"end":{"line":51,"column":10}},"16":{"start":{"line":23,"column":6},"end":{"line":47,"column":7}},"17":{"start":{"line":27,"column":8},"end":{"line":27,"column":80}},"18":{"start":{"line":28,"column":8},"end":{"line":28,"column":37}},"19":{"start":{"line":29,"column":8},"end":{"line":36,"column":10}},"20":{"start":{"line":33,"column":10},"end":{"line":34,"column":44}},"21":{"start":{"line":34,"column":14},"end":{"line":34,"column":42}},"22":{"start":{"line":35,"column":10},"end":{"line":35,"column":53}},"23":{"start":{"line":35,"column":37},"end":{"line":35,"column":51}},"24":{"start":{"line":40,"column":8},"end":{"line":46,"column":11}},"25":{"start":{"line":44,"column":10},"end":{"line":45,"column":30}},"26":{"start":{"line":44,"column":21},"end":{"line":44,"column":54}},"27":{"start":{"line":45,"column":17},"end":{"line":45,"column":28}},"28":{"start":{"line":50,"column":6},"end":{"line":50,"column":47}},"29":{"start":{"line":54,"column":4},"end":{"line":71,"column":7}},"30":{"start":{"line":56,"column":8},"end":{"line":56,"column":25}},"31":{"start":{"line":57,"column":8},"end":{"line":59,"column":9}},"32":{"start":{"line":58,"column":12},"end":{"line":58,"column":26}},"33":{"start":{"line":60,"column":8},"end":{"line":69,"column":11}},"34":{"start":{"line":61,"column":12},"end":{"line":64,"column":15}},"35":{"start":{"line":65,"column":12},"end":{"line":67,"column":13}},"36":{"start":{"line":66,"column":16},"end":{"line":66,"column":34}},"37":{"start":{"line":68,"column":12},"end":{"line":68,"column":42}},"38":{"start":{"line":74,"column":2},"end":{"line":74,"column":17}},"39":{"start":{"line":77,"column":2},"end":{"line":82,"column":4}},"40":{"start":{"line":78,"column":4},"end":{"line":81,"column":6}},"41":{"start":{"line":79,"column":6},"end":{"line":79,"column":86}},"42":{"start":{"line":80,"column":6},"end":{"line":80,"column":19}},"43":{"start":{"line":85,"column":2},"end":{"line":89,"column":5}},"44":{"start":{"line":86,"column":4},"end":{"line":88,"column":5}},"45":{"start":{"line":87,"column":6},"end":{"line":87,"column":37}},"46":{"start":{"line":91,"column":2},"end":{"line":91,"column":15}},"47":{"start":{"line":95,"column":0},"end":{"line":98,"column":2}},"48":{"start":{"line":96,"column":2},"end":{"line":96,"column":27}},"49":{"start":{"line":97,"column":2},"end":{"line":97,"column":21}},"50":{"start":{"line":100,"column":0},"end":{"line":105,"column":2}},"51":{"start":{"line":101,"column":2},"end":{"line":103,"column":16}},"52":{"start":{"line":102,"column":4},"end":{"line":102,"column":9}},"53":{"start":{"line":104,"column":2},"end":{"line":104,"column":20}},"54":{"start":{"line":107,"column":0},"end":{"line":109,"column":2}},"55":{"start":{"line":108,"column":2},"end":{"line":108,"column":69}},"56":{"start":{"line":111,"column":0},"end":{"line":114,"column":2}},"57":{"start":{"line":112,"column":2},"end":{"line":112,"column":9}},"58":{"start":{"line":113,"column":2},"end":{"line":113,"column":20}},"59":{"start":{"line":116,"column":0},"end":{"line":119,"column":2}},"60":{"start":{"line":117,"column":2},"end":{"line":117,"column":11}},"61":{"start":{"line":118,"column":2},"end":{"line":118,"column":20}},"62":{"start":{"line":121,"column":0},"end":{"line":127,"column":2}},"63":{"start":{"line":123,"column":4},"end":{"line":125,"column":7}},"64":{"start":{"line":124,"column":6},"end":{"line":124,"column":70}}},"branchMap":{"1":{"line":8,"type":"if","locations":[{"start":{"line":8,"column":2},"end":{"line":8,"column":2}},{"start":{"line":8,"column":2},"end":{"line":8,"column":2}}]},"2":{"line":12,"type":"if","locations":[{"start":{"line":12,"column":2},"end":{"line":12,"column":2}},{"start":{"line":12,"column":2},"end":{"line":12,"column":2}}]},"3":{"line":14,"type":"if","locations":[{"start":{"line":14,"column":9},"end":{"line":14,"column":9}},{"start":{"line":14,"column":9},"end":{"line":14,"column":9}}]},"4":{"line":16,"type":"if","locations":[{"start":{"line":16,"column":6},"end":{"line":16,"column":6}},{"start":{"line":16,"column":6},"end":{"line":16,"column":6}}]},"5":{"line":21,"type":"if","locations":[{"start":{"line":21,"column":2},"end":{"line":21,"column":2}},{"start":{"line":21,"column":2},"end":{"line":21,"column":2}}]},"6":{"line":23,"type":"if","locations":[{"start":{"line":23,"column":6},"end":{"line":23,"column":6}},{"start":{"line":23,"column":6},"end":{"line":23,"column":6}}]},"7":{"line":23,"type":"binary-expr","locations":[{"start":{"line":23,"column":9},"end":{"line":23,"column":29}},{"start":{"line":23,"column":33},"end":{"line":23,"column":84}}]},"8":{"line":27,"type":"cond-expr","locations":[{"start":{"line":27,"column":54},"end":{"line":27,"column":55}},{"start":{"line":27,"column":58},"end":{"line":27,"column":78}}]},"9":{"line":33,"type":"if","locations":[{"start":{"line":33,"column":10},"end":{"line":33,"column":10}},{"start":{"line":33,"column":10},"end":{"line":33,"column":10}}]},"10":{"line":35,"type":"if","locations":[{"start":{"line":35,"column":10},"end":{"line":35,"column":10}},{"start":{"line":35,"column":10},"end":{"line":35,"column":10}}]},"11":{"line":44,"type":"if","locations":[{"start":{"line":44,"column":10},"end":{"line":44,"column":10}},{"start":{"line":44,"column":10},"end":{"line":44,"column":10}}]},"12":{"line":57,"type":"if","locations":[{"start":{"line":57,"column":8},"end":{"line":57,"column":8}},{"start":{"line":57,"column":8},"end":{"line":57,"column":8}}]},"13":{"line":63,"type":"cond-expr","locations":[{"start":{"line":63,"column":59},"end":{"line":63,"column":67}},{"start":{"line":63,"column":70},"end":{"line":63,"column":74}}]},"14":{"line":65,"type":"if","locations":[{"start":{"line":65,"column":12},"end":{"line":65,"column":12}},{"start":{"line":65,"column":12},"end":{"line":65,"column":12}}]},"15":{"line":65,"type":"binary-expr","locations":[{"start":{"line":65,"column":16},"end":{"line":65,"column":31}},{"start":{"line":65,"column":35},"end":{"line":65,"column":75}}]},"16":{"line":86,"type":"if","locations":[{"start":{"line":86,"column":4},"end":{"line":86,"column":4}},{"start":{"line":86,"column":4},"end":{"line":86,"column":4}}]}}}}