TN:
SF:/Users/baba/Documents/Work/wd/lib/main.js
FN:15,buildConfigUrl
FN:73,(anonymous_2)
FN:105,remote
FN:115,wrap
FN:122,addPromiseChainMethod
FN:123,(anonymous_6)
FN:132,addPromiseMethod
FN:133,(anonymous_8)
FN:141,addAsyncMethod
FN:147,removeMethod
FN:154,promiseRemote
FN:161,promiseChainRemote
FN:185,(anonymous_13)
FN:202,(anonymous_14)
FNF:14
FNH:13
FNDA:80,buildConfigUrl
FNDA:96,(anonymous_2)
FNDA:37,remote
FNDA:1,wrap
FNDA:28,addPromiseChainMethod
FNDA:34,(anonymous_6)
FNDA:8,addPromiseMethod
FNDA:8,(anonymous_8)
FNDA:26,addAsyncMethod
FNDA:60,removeMethod
FNDA:8,promiseRemote
FNDA:51,promiseChainRemote
FNDA:0,(anonymous_13)
FNDA:26,(anonymous_14)
DA:1,1
DA:2,1
DA:3,1
DA:4,1
DA:5,1
DA:6,1
DA:7,1
DA:8,1
DA:9,1
DA:11,1
DA:15,1
DA:17,80
DA:20,80
DA:22,3
DA:23,3
DA:27,80
DA:28,1
DA:29,1
DA:33,80
DA:34,1
DA:35,1
DA:39,80
DA:40,1
DA:41,1
DA:45,80
DA:46,5
DA:47,5
DA:51,80
DA:52,4
DA:53,4
DA:54,4
DA:57,80
DA:65,80
DA:66,80
DA:67,1
DA:69,80
DA:73,1
DA:74,96
DA:75,96
DA:76,20
DA:77,76
DA:78,16
DA:80,60
DA:89,96
DA:91,16
DA:92,16
DA:96,96
DA:105,1
DA:106,37
DA:107,37
DA:109,37
DA:113,1
DA:115,1
DA:116,1
DA:117,1
DA:122,1
DA:123,28
DA:124,34
DA:125,34
DA:126,34
DA:127,34
DA:129,28
DA:132,1
DA:133,8
DA:134,8
DA:135,8
DA:137,8
DA:138,8
DA:141,1
DA:142,26
DA:143,26
DA:144,26
DA:147,1
DA:148,60
DA:149,60
DA:150,60
DA:154,1
DA:155,8
DA:156,8
DA:157,8
DA:161,1
DA:162,51
DA:163,51
DA:164,51
DA:168,1
DA:170,1
DA:186,0
DA:188,0
DA:202,26
LF:89
LH:87
BRDA:20,1,0,3
BRDA:20,1,1,77
BRDA:20,2,0,80
BRDA:20,2,1,8
BRDA:20,2,2,4
BRDA:27,3,0,1
BRDA:27,3,1,79
BRDA:33,4,0,1
BRDA:33,4,1,79
BRDA:39,5,0,1
BRDA:39,5,1,79
BRDA:45,6,0,5
BRDA:45,6,1,75
BRDA:51,7,0,4
BRDA:51,7,1,76
BRDA:51,8,0,80
BRDA:51,8,1,4
BRDA:66,9,0,1
BRDA:66,9,1,79
BRDA:75,10,0,20
BRDA:75,10,1,76
BRDA:77,11,0,16
BRDA:77,11,1,60
BRDA:77,12,0,76
BRDA:77,12,1,19
BRDA:89,13,0,16
BRDA:89,13,1,80
BRDA:91,14,0,16
BRDA:91,14,1,0
BRDA:91,15,0,16
BRDA:91,15,1,16
BRDA:106,16,0,36
BRDA:106,16,1,1
BRDA:124,17,0,26
BRDA:124,17,1,8
BRDA:134,18,0,6
BRDA:134,18,1,2
BRDA:155,19,0,8
BRDA:155,19,1,0
BRDA:162,20,0,51
BRDA:162,20,1,0
BRF:41
BRH:38
end_of_record
TN:
SF:/Users/baba/Documents/Work/wd/lib/special-keys.js
FNF:0
FNH:0
DA:1,1
DA:61,1
LF:2
LH:2
BRF:0
BRH:0
end_of_record
TN:
SF:/Users/baba/Documents/Work/wd/lib/webdriver.js
FN:21,(anonymous_1)
FN:46,(anonymous_2)
FN:54,(anonymous_3)
FN:71,(anonymous_4)
FN:72,(anonymous_5)
FN:78,(anonymous_6)
FN:81,(anonymous_7)
FN:85,(anonymous_8)
FN:93,(anonymous_9)
FN:99,(anonymous_10)
FN:102,(anonymous_11)
FN:105,(anonymous_12)
FN:137,(anonymous_13)
FN:141,(anonymous_14)
FN:170,(anonymous_15)
FN:173,(anonymous_16)
FN:193,(anonymous_17)
FN:196,(anonymous_18)
FN:211,(anonymous_19)
FN:214,(anonymous_20)
FN:230,(anonymous_21)
FN:244,(anonymous_22)
FN:255,strip
FN:258,(anonymous_24)
FN:266,(anonymous_25)
FN:268,(anonymous_26)
FN:274,(anonymous_27)
FN:290,(anonymous_28)
FN:311,(anonymous_29)
FN:352,(anonymous_30)
FN:365,(anonymous_31)
FN:385,(anonymous_32)
FN:393,(anonymous_33)
FN:409,(anonymous_34)
FN:423,(anonymous_35)
FN:437,(anonymous_36)
FN:445,(anonymous_37)
FN:457,(anonymous_38)
FN:461,(anonymous_39)
FN:465,(anonymous_40)
FN:478,(anonymous_41)
FN:495,(anonymous_42)
FN:508,(anonymous_43)
FN:522,(anonymous_44)
FN:537,(anonymous_45)
FN:559,(anonymous_46)
FN:570,(anonymous_47)
FN:584,(anonymous_48)
FN:598,(anonymous_49)
FN:612,(anonymous_50)
FN:628,(anonymous_51)
FN:644,(anonymous_52)
FN:646,(anonymous_53)
FN:650,(anonymous_54)
FN:663,(anonymous_55)
FN:666,(anonymous_56)
FN:680,(anonymous_57)
FN:706,(anonymous_58)
FN:728,(anonymous_59)
FN:754,(anonymous_60)
FN:775,(anonymous_61)
FN:791,(anonymous_62)
FN:805,(anonymous_63)
FN:819,(anonymous_64)
FN:836,(anonymous_65)
FN:855,(anonymous_66)
FN:876,(anonymous_67)
FN:895,(anonymous_68)
FN:914,(anonymous_69)
FN:928,(anonymous_70)
FN:937,(anonymous_71)
FN:956,(anonymous_72)
FN:969,(anonymous_73)
FN:987,(anonymous_74)
FN:1003,(anonymous_75)
FN:1018,(anonymous_76)
FN:1035,(anonymous_77)
FN:1038,(anonymous_78)
FN:1054,(anonymous_79)
FN:1057,(anonymous_80)
FN:1072,(anonymous_81)
FN:1089,(anonymous_82)
FN:1091,(anonymous_83)
FN:1106,(anonymous_84)
FN:1132,(anonymous_85)
FN:1136,(anonymous_86)
FN:1137,(anonymous_87)
FN:1146,poll
FN:1147,(anonymous_89)
FN:1173,(anonymous_90)
FN:1198,(anonymous_91)
FN:1201,(anonymous_92)
FN:1205,(anonymous_93)
FN:1206,(anonymous_94)
FN:1216,(anonymous_95)
FN:1217,(anonymous_96)
FN:1220,(anonymous_97)
FN:1237,(anonymous_98)
FN:1247,(anonymous_99)
FN:1253,(anonymous_100)
FN:1268,(anonymous_101)
FN:1283,(anonymous_102)
FN:1289,buildFilePath
FN:1292,(anonymous_104)
FN:1302,(anonymous_105)
FN:1303,(anonymous_106)
FN:1304,(anonymous_107)
FN:1314,(anonymous_108)
FN:1329,(anonymous_109)
FN:1349,(anonymous_110)
FN:1355,(anonymous_111)
FN:1380,(anonymous_112)
FN:1386,(anonymous_113)
FN:1410,(anonymous_114)
FN:1429,(anonymous_115)
FN:1435,(anonymous_116)
FN:1457,(anonymous_117)
FN:1465,(anonymous_118)
FN:1474,(anonymous_119)
FN:1489,(anonymous_120)
FN:1503,(anonymous_121)
FN:1519,(anonymous_122)
FN:1535,(anonymous_123)
FN:1553,(anonymous_124)
FN:1563,(anonymous_125)
FN:1577,(anonymous_126)
FN:1593,(anonymous_127)
FN:1602,(anonymous_128)
FN:1622,(anonymous_129)
FN:1647,(anonymous_130)
FN:1662,(anonymous_131)
FN:1678,(anonymous_132)
FN:1704,(anonymous_133)
FN:1724,(anonymous_134)
FN:1743,(anonymous_135)
FN:1762,(anonymous_136)
FN:1778,(anonymous_137)
FN:1782,(anonymous_138)
FN:1801,(anonymous_139)
FN:1817,(anonymous_140)
FN:1821,(anonymous_141)
FN:1839,(anonymous_142)
FN:1853,(anonymous_143)
FN:1867,(anonymous_144)
FN:1877,(anonymous_145)
FN:1893,(anonymous_146)
FN:1899,(anonymous_147)
FN:1915,(anonymous_148)
FN:1917,(anonymous_149)
FN:1931,(anonymous_150)
FN:1945,(anonymous_151)
FN:1960,(anonymous_152)
FN:1974,(anonymous_153)
FN:1988,(anonymous_154)
FN:2002,(anonymous_155)
FN:2016,(anonymous_156)
FN:2034,(anonymous_157)
FN:2052,(anonymous_158)
FN:2066,(anonymous_159)
FN:2080,(anonymous_160)
FN:2094,(anonymous_161)
FN:2111,(anonymous_162)
FN:2127,(anonymous_163)
FN:2142,(anonymous_164)
FN:2157,(anonymous_165)
FN:2165,(anonymous_166)
FN:2167,(anonymous_167)
FN:2176,(anonymous_168)
FN:2178,(anonymous_169)
FN:2194,(anonymous_170)
FN:2207,(anonymous_171)
FN:2221,(anonymous_172)
FN:2235,(anonymous_173)
FN:2249,(anonymous_174)
FN:2263,(anonymous_175)
FN:2272,(anonymous_176)
FN:2275,(anonymous_177)
FN:2278,(anonymous_178)
FN:2293,(anonymous_179)
FN:2300,(anonymous_180)
FN:2314,(anonymous_181)
FN:2334,(anonymous_182)
FN:2345,(anonymous_183)
FN:2356,(anonymous_184)
FN:2373,(anonymous_185)
FN:2383,(anonymous_186)
FN:2390,(anonymous_187)
FN:2391,(anonymous_188)
FN:2398,(anonymous_189)
FNF:189
FNH:156
FNDA:96,(anonymous_1)
FNDA:69,(anonymous_2)
FNDA:1997,(anonymous_3)
FNDA:30,(anonymous_4)
FNDA:660,(anonymous_5)
FNDA:31,(anonymous_6)
FNDA:92,(anonymous_7)
FNDA:2,(anonymous_8)
FNDA:1311,(anonymous_9)
FNDA:0,(anonymous_10)
FNDA:659,(anonymous_11)
FNDA:659,(anonymous_12)
FNDA:1338,(anonymous_13)
FNDA:1338,(anonymous_14)
FNDA:723,(anonymous_15)
FNDA:723,(anonymous_16)
FNDA:434,(anonymous_17)
FNDA:434,(anonymous_18)
FNDA:181,(anonymous_19)
FNDA:181,(anonymous_20)
FNDA:2066,(anonymous_21)
FNDA:2066,(anonymous_22)
FNDA:1997,strip
FNDA:9121003,(anonymous_24)
FNDA:2080,(anonymous_25)
FNDA:2080,(anonymous_26)
FNDA:0,(anonymous_27)
FNDA:69,(anonymous_28)
FNDA:69,(anonymous_29)
FNDA:1997,(anonymous_30)
FNDA:67,(anonymous_31)
FNDA:1997,(anonymous_32)
FNDA:162,(anonymous_33)
FNDA:1,(anonymous_34)
FNDA:2,(anonymous_35)
FNDA:2,(anonymous_36)
FNDA:8,(anonymous_37)
FNDA:1,(anonymous_38)
FNDA:1,(anonymous_39)
FNDA:1,(anonymous_40)
FNDA:4,(anonymous_41)
FNDA:4,(anonymous_42)
FNDA:4,(anonymous_43)
FNDA:26,(anonymous_44)
FNDA:10,(anonymous_45)
FNDA:4,(anonymous_46)
FNDA:14,(anonymous_47)
FNDA:40,(anonymous_48)
FNDA:0,(anonymous_49)
FNDA:0,(anonymous_50)
FNDA:67,(anonymous_51)
FNDA:1,(anonymous_52)
FNDA:24,(anonymous_53)
FNDA:24,(anonymous_54)
FNDA:10,(anonymous_55)
FNDA:10,(anonymous_56)
FNDA:100,(anonymous_57)
FNDA:22,(anonymous_58)
FNDA:6,(anonymous_59)
FNDA:0,(anonymous_60)
FNDA:312,(anonymous_61)
FNDA:2,(anonymous_62)
FNDA:0,(anonymous_63)
FNDA:0,(anonymous_64)
FNDA:10,(anonymous_65)
FNDA:4,(anonymous_66)
FNDA:6,(anonymous_67)
FNDA:2,(anonymous_68)
FNDA:2,(anonymous_69)
FNDA:2,(anonymous_70)
FNDA:6,(anonymous_71)
FNDA:12,(anonymous_72)
FNDA:18,(anonymous_73)
FNDA:0,(anonymous_74)
FNDA:6,(anonymous_75)
FNDA:418,(anonymous_76)
FNDA:4,(anonymous_77)
FNDA:4,(anonymous_78)
FNDA:8,(anonymous_79)
FNDA:8,(anonymous_80)
FNDA:177,(anonymous_81)
FNDA:4,(anonymous_82)
FNDA:4,(anonymous_83)
FNDA:66,(anonymous_84)
FNDA:180,(anonymous_85)
FNDA:2,(anonymous_86)
FNDA:4,(anonymous_87)
FNDA:180,poll
FNDA:180,(anonymous_89)
FNDA:48,(anonymous_90)
FNDA:14,(anonymous_91)
FNDA:74,(anonymous_92)
FNDA:2,(anonymous_93)
FNDA:0,(anonymous_94)
FNDA:146,(anonymous_95)
FNDA:146,(anonymous_96)
FNDA:74,(anonymous_97)
FNDA:48,(anonymous_98)
FNDA:4,(anonymous_99)
FNDA:4,(anonymous_100)
FNDA:10,(anonymous_101)
FNDA:8,(anonymous_102)
FNDA:8,buildFilePath
FNDA:4,(anonymous_104)
FNDA:8,(anonymous_105)
FNDA:8,(anonymous_106)
FNDA:8,(anonymous_107)
FNDA:9,(anonymous_108)
FNDA:364,(anonymous_109)
FNDA:0,(anonymous_110)
FNDA:0,(anonymous_111)
FNDA:0,(anonymous_112)
FNDA:0,(anonymous_113)
FNDA:0,(anonymous_114)
FNDA:16,(anonymous_115)
FNDA:0,(anonymous_116)
FNDA:11,(anonymous_117)
FNDA:9,(anonymous_118)
FNDA:8,(anonymous_119)
FNDA:150,(anonymous_120)
FNDA:14,(anonymous_121)
FNDA:14,(anonymous_122)
FNDA:0,(anonymous_123)
FNDA:128,(anonymous_124)
FNDA:36,(anonymous_125)
FNDA:60,(anonymous_126)
FNDA:2,(anonymous_127)
FNDA:0,(anonymous_128)
FNDA:0,(anonymous_129)
FNDA:0,(anonymous_130)
FNDA:0,(anonymous_131)
FNDA:20,(anonymous_132)
FNDA:4,(anonymous_133)
FNDA:4,(anonymous_134)
FNDA:4,(anonymous_135)
FNDA:4,(anonymous_136)
FNDA:102,(anonymous_137)
FNDA:168,(anonymous_138)
FNDA:0,(anonymous_139)
FNDA:2,(anonymous_140)
FNDA:2,(anonymous_141)
FNDA:6,(anonymous_142)
FNDA:34,(anonymous_143)
FNDA:0,(anonymous_144)
FNDA:174,(anonymous_145)
FNDA:174,(anonymous_146)
FNDA:50,(anonymous_147)
FNDA:12,(anonymous_148)
FNDA:12,(anonymous_149)
FNDA:0,(anonymous_150)
FNDA:0,(anonymous_151)
FNDA:4,(anonymous_152)
FNDA:2,(anonymous_153)
FNDA:4,(anonymous_154)
FNDA:18,(anonymous_155)
FNDA:12,(anonymous_156)
FNDA:8,(anonymous_157)
FNDA:6,(anonymous_158)
FNDA:2,(anonymous_159)
FNDA:0,(anonymous_160)
FNDA:0,(anonymous_161)
FNDA:6,(anonymous_162)
FNDA:6,(anonymous_163)
FNDA:2,(anonymous_164)
FNDA:2,(anonymous_165)
FNDA:52,(anonymous_166)
FNDA:52,(anonymous_167)
FNDA:4,(anonymous_168)
FNDA:4,(anonymous_169)
FNDA:56,(anonymous_170)
FNDA:0,(anonymous_171)
FNDA:4,(anonymous_172)
FNDA:4,(anonymous_173)
FNDA:4,(anonymous_174)
FNDA:6,(anonymous_175)
FNDA:0,(anonymous_176)
FNDA:42,(anonymous_177)
FNDA:6,(anonymous_178)
FNDA:6,(anonymous_179)
FNDA:0,(anonymous_180)
FNDA:0,(anonymous_181)
FNDA:0,(anonymous_182)
FNDA:0,(anonymous_183)
FNDA:14,(anonymous_184)
FNDA:14,(anonymous_185)
FNDA:12,(anonymous_186)
FNDA:48,(anonymous_187)
FNDA:0,(anonymous_188)
FNDA:20,(anonymous_189)
DA:1,1
DA:2,1
DA:3,1
DA:4,1
DA:5,1
DA:6,1
DA:7,1
DA:8,1
DA:10,1
DA:11,1
DA:12,1
DA:13,1
DA:14,1
DA:15,1
DA:16,1
DA:17,1
DA:21,1
DA:22,96
DA:23,96
DA:24,96
DA:26,96
DA:33,96
DA:34,23
DA:37,96
DA:41,1
DA:44,1
DA:46,1
DA:48,69
DA:49,69
DA:51,69
DA:54,1
DA:55,1997
DA:57,1997
DA:59,1997
DA:60,1997
DA:61,1997
DA:62,1997
DA:63,1923
DA:64,1997
DA:65,3
DA:66,1997
DA:68,1997
DA:71,1
DA:72,30
DA:73,660
DA:75,30
DA:78,1
DA:80,31
DA:81,31
DA:82,92
DA:85,31
DA:86,2
DA:87,2
DA:90,31
DA:93,1
DA:94,1311
DA:99,1
DA:102,1
DA:103,659
DA:104,659
DA:105,659
DA:106,659
DA:107,659
DA:109,622
DA:112,37
DA:113,37
DA:114,37
DA:116,37
DA:117,33
DA:119,4
DA:123,4
DA:124,4
DA:125,4
DA:129,0
DA:137,1
DA:138,1338
DA:140,1338
DA:141,1338
DA:142,1338
DA:143,1338
DA:145,1338
DA:146,1338
DA:148,1
DA:150,1337
DA:151,1337
DA:153,1337
DA:155,1337
DA:156,26
DA:160,26
DA:161,26
DA:162,26
DA:164,1311
DA:170,1
DA:171,723
DA:172,723
DA:173,723
DA:174,723
DA:175,719
DA:179,719
DA:180,4
DA:181,715
DA:182,54
DA:183,62
DA:184,0
DA:188,719
DA:193,1
DA:194,434
DA:195,434
DA:196,434
DA:197,434
DA:198,412
DA:200,412
DA:201,0
DA:204,412
DA:205,412
DA:211,1
DA:212,181
DA:213,181
DA:214,181
DA:216,181
DA:217,180
DA:219,180
DA:221,180
DA:222,180
DA:223,118
DA:224,118
DA:226,180
DA:230,1
DA:231,2066
DA:233,2066
DA:234,2066
DA:236,2066
DA:237,2066
DA:240,2066
DA:241,1987
DA:244,2066
DA:245,2066
DA:246,2066
DA:247,1402
DA:248,1402
DA:249,1402
DA:252,2066
DA:255,1
DA:256,1997
DA:257,1997
DA:258,1997
DA:259,9121003
DA:260,9121003
DA:263,1997
DA:266,1
DA:267,2080
DA:268,2080
DA:269,2080
DA:270,2080
DA:273,0
DA:274,0
DA:275,0
DA:278,2080
DA:290,1
DA:291,69
DA:292,69
DA:293,69
DA:294,69
DA:298,69
DA:299,69
DA:302,69
DA:304,69
DA:307,69
DA:309,69
DA:311,69
DA:312,69
DA:314,69
DA:316,69
DA:317,69
DA:318,61
DA:319,61
DA:320,61
DA:323,69
DA:325,8
DA:326,8
DA:327,8
DA:331,69
DA:332,69
DA:333,69
DA:335,0
DA:336,0
DA:337,0
DA:338,0
DA:339,0
DA:341,0
DA:342,0
DA:343,0
DA:344,0
DA:345,0
DA:352,1
DA:353,1997
DA:356,1997
DA:358,1997
DA:361,1997
DA:362,1997
DA:364,67
DA:365,67
DA:366,67
DA:367,67
DA:368,67
DA:373,1997
DA:379,1997
DA:380,1997
DA:381,1997
DA:383,1997
DA:385,1997
DA:386,1997
DA:387,1997
DA:388,1997
DA:393,1
DA:394,162
DA:395,0
DA:397,162
DA:402,1
DA:409,1
DA:410,1
DA:411,1
DA:423,1
DA:424,2
DA:425,2
DA:437,1
DA:438,2
DA:439,2
DA:440,2
DA:443,1
DA:445,1
DA:446,8
DA:447,8
DA:448,8
DA:457,1
DA:458,1
DA:459,1
DA:461,1
DA:462,1
DA:463,0
DA:465,1
DA:466,1
DA:468,1
DA:478,1
DA:479,4
DA:480,4
DA:495,1
DA:496,4
DA:497,4
DA:500,4
DA:508,1
DA:509,4
DA:510,4
DA:522,1
DA:523,26
DA:524,26
DA:537,1
DA:538,10
DA:541,10
DA:542,4
DA:544,10
DA:546,2
DA:548,10
DA:559,1
DA:560,4
DA:562,4
DA:570,1
DA:571,14
DA:572,14
DA:584,1
DA:585,40
DA:586,40
DA:598,1
DA:599,0
DA:600,0
DA:612,1
DA:613,0
DA:614,0
DA:628,1
DA:629,67
DA:630,67
DA:644,1
DA:646,1
DA:647,24
DA:648,24
DA:649,24
DA:650,24
DA:651,24
DA:652,24
DA:663,1
DA:664,10
DA:665,10
DA:666,10
DA:667,10
DA:668,8
DA:680,1
DA:681,100
DA:682,100
DA:685,100
DA:686,100
DA:695,1
DA:706,1
DA:707,22
DA:708,22
DA:712,22
DA:713,22
DA:728,1
DA:729,6
DA:730,6
DA:734,6
DA:735,6
DA:744,1
DA:754,1
DA:755,0
DA:756,0
DA:760,0
DA:761,0
DA:775,1
DA:776,312
DA:777,312
DA:778,312
DA:791,1
DA:792,2
DA:793,2
DA:805,1
DA:806,0
DA:807,0
DA:819,1
DA:820,0
DA:821,0
DA:836,1
DA:837,10
DA:838,10
DA:840,10
DA:855,1
DA:856,4
DA:857,4
DA:861,4
DA:876,1
DA:877,6
DA:878,6
DA:880,6
DA:895,1
DA:896,2
DA:897,2
DA:901,2
DA:914,1
DA:915,2
DA:916,2
DA:928,1
DA:929,2
DA:930,2
DA:937,1
DA:938,6
DA:940,6
DA:941,6
DA:943,6
DA:946,1
DA:956,1
DA:957,12
DA:958,12
DA:960,12
DA:961,12
DA:969,1
DA:970,18
DA:971,18
DA:980,1
DA:987,1
DA:988,0
DA:989,0
DA:1003,1
DA:1004,6
DA:1005,6
DA:1018,1
DA:1019,418
DA:1020,418
DA:1035,1
DA:1036,4
DA:1037,4
DA:1039,4
DA:1040,4
DA:1042,0
DA:1054,1
DA:1055,8
DA:1056,8
DA:1058,8
DA:1059,8
DA:1061,0
DA:1072,1
DA:1073,177
DA:1074,177
DA:1089,1
DA:1090,4
DA:1091,4
DA:1092,4
DA:1093,4
DA:1095,0
DA:1106,1
DA:1107,66
DA:1108,66
DA:1109,66
DA:1111,66
DA:1112,50
DA:1115,16
DA:1123,66
DA:1124,66
DA:1126,66
DA:1128,66
DA:1129,66
DA:1131,66
DA:1133,180
DA:1134,180
DA:1135,6
DA:1136,2
DA:1138,4
DA:1139,0
DA:1146,1
DA:1147,180
DA:1148,180
DA:1149,178
DA:1150,52
DA:1152,126
DA:1153,12
DA:1155,114
DA:1161,66
DA:1163,1
DA:1173,1
DA:1175,48
DA:1176,48
DA:1177,48
DA:1179,48
DA:1182,48
DA:1183,8
DA:1184,40
DA:1185,24
DA:1191,16
DA:1198,48
DA:1200,48
DA:1202,74
DA:1203,74
DA:1204,2
DA:1205,2
DA:1207,0
DA:1208,0
DA:1215,48
DA:1217,146
DA:1218,146
DA:1219,146
DA:1220,74
DA:1221,74
DA:1222,74
DA:1226,72
DA:1232,48
DA:1238,48
DA:1239,10
DA:1241,38
DA:1245,1
DA:1247,1
DA:1248,4
DA:1251,4
DA:1253,4
DA:1254,4
DA:1255,2
DA:1257,2
DA:1261,1
DA:1268,1
DA:1269,10
DA:1270,10
DA:1283,1
DA:1284,8
DA:1285,8
DA:1286,8
DA:1287,8
DA:1289,1
DA:1290,8
DA:1291,8
DA:1292,4
DA:1293,4
DA:1294,4
DA:1297,4
DA:1298,4
DA:1302,8
DA:1303,8
DA:1304,8
DA:1305,8
DA:1306,8
DA:1314,1
DA:1315,9
DA:1329,9
DA:1330,364
DA:1331,364
DA:1332,364
DA:1349,9
DA:1350,0
DA:1351,0
DA:1352,0
DA:1353,0
DA:1354,0
DA:1356,0
DA:1357,0
DA:1359,0
DA:1363,0
DA:1380,9
DA:1381,0
DA:1382,0
DA:1383,0
DA:1384,0
DA:1385,0
DA:1387,0
DA:1388,0
DA:1390,0
DA:1393,0
DA:1410,9
DA:1411,0
DA:1412,0
DA:1413,0
DA:1429,9
DA:1430,16
DA:1431,16
DA:1432,16
DA:1435,9
DA:1436,0
DA:1437,0
DA:1438,0
DA:1456,9
DA:1457,9
DA:1458,11
DA:1459,11
DA:1460,11
DA:1465,1
DA:1466,9
DA:1474,1
DA:1475,8
DA:1476,8
DA:1489,1
DA:1490,150
DA:1491,150
DA:1503,1
DA:1504,14
DA:1505,14
DA:1512,1
DA:1519,1
DA:1520,14
DA:1521,14
DA:1528,1
DA:1535,1
DA:1536,0
DA:1537,0
DA:1553,1
DA:1554,128
DA:1555,128
DA:1563,1
DA:1564,36
DA:1565,36
DA:1577,1
DA:1578,60
DA:1579,60
DA:1586,1
DA:1593,1
DA:1594,2
DA:1595,2
DA:1602,1
DA:1603,0
DA:1604,0
DA:1609,0
DA:1610,0
DA:1611,0
DA:1614,0
DA:1622,1
DA:1623,0
DA:1624,0
DA:1630,0
DA:1647,1
DA:1648,0
DA:1649,0
DA:1650,0
DA:1652,0
DA:1662,1
DA:1663,0
DA:1678,1
DA:1679,20
DA:1680,20
DA:1685,20
DA:1704,1
DA:1705,4
DA:1706,4
DA:1708,4
DA:1724,1
DA:1725,4
DA:1726,4
DA:1728,4
DA:1743,1
DA:1745,4
DA:1746,4
DA:1749,4
DA:1762,1
DA:1763,4
DA:1764,4
DA:1778,1
DA:1779,102
DA:1780,102
DA:1782,102
DA:1783,168
DA:1784,0
DA:1787,102
DA:1801,1
DA:1802,0
DA:1803,0
DA:1817,1
DA:1818,2
DA:1819,2
DA:1821,2
DA:1822,2
DA:1823,0
DA:1826,2
DA:1839,1
DA:1840,6
DA:1841,6
DA:1853,1
DA:1854,34
DA:1855,34
DA:1867,1
DA:1868,0
DA:1869,0
DA:1877,1
DA:1878,174
DA:1879,174
DA:1893,1
DA:1894,174
DA:1895,174
DA:1896,174
DA:1897,174
DA:1898,174
DA:1899,50
DA:1900,50
DA:1903,124
DA:1915,1
DA:1916,12
DA:1917,12
DA:1918,12
DA:1919,0
DA:1921,12
DA:1931,1
DA:1932,0
DA:1933,0
DA:1945,1
DA:1946,0
DA:1947,0
DA:1960,1
DA:1961,4
DA:1962,4
DA:1974,1
DA:1975,2
DA:1976,2
DA:1988,1
DA:1989,4
DA:1990,4
DA:2002,1
DA:2003,18
DA:2004,18
DA:2016,1
DA:2017,12
DA:2018,12
DA:2034,1
DA:2035,8
DA:2037,8
DA:2039,8
DA:2052,1
DA:2053,6
DA:2054,6
DA:2066,1
DA:2067,2
DA:2068,2
DA:2080,1
DA:2081,0
DA:2082,0
DA:2094,1
DA:2095,0
DA:2096,0
DA:2111,1
DA:2112,6
DA:2113,6
DA:2117,6
DA:2127,1
DA:2128,6
DA:2129,6
DA:2132,6
DA:2142,1
DA:2143,2
DA:2144,2
DA:2147,2
DA:2157,1
DA:2158,2
DA:2159,2
DA:2161,2
DA:2165,1
DA:2166,52
DA:2167,52
DA:2168,52
DA:2169,0
DA:2172,52
DA:2176,1
DA:2177,4
DA:2178,4
DA:2179,4
DA:2180,0
DA:2183,4
DA:2184,4
DA:2186,0
DA:2194,1
DA:2195,56
DA:2196,56
DA:2197,52
DA:2199,4
DA:2207,1
DA:2208,0
DA:2209,0
DA:2221,1
DA:2222,4
DA:2223,4
DA:2235,1
DA:2236,4
DA:2237,4
DA:2249,1
DA:2250,4
DA:2251,4
DA:2263,1
DA:2264,6
DA:2265,6
DA:2266,6
DA:2268,6
DA:2269,6
DA:2271,6
DA:2273,0
DA:2276,42
DA:2279,6
DA:2287,6
DA:2293,6
DA:2294,6
DA:2295,0
DA:2300,1
DA:2301,0
DA:2304,0
DA:2305,0
DA:2306,0
DA:2309,0
DA:2315,0
DA:2316,0
DA:2318,0
DA:2322,1
DA:2325,1
DA:2334,1
DA:2335,0
DA:2337,0
DA:2338,0
DA:2344,0
DA:2346,0
DA:2347,0
DA:2348,0
DA:2356,1
DA:2357,14
DA:2358,14
DA:2359,0
DA:2360,14
DA:2361,0
DA:2363,14
DA:2373,14
DA:2374,14
DA:2375,14
DA:2376,14
DA:2383,1
DA:2384,12
DA:2390,1
DA:2391,48
DA:2392,48
DA:2398,1
DA:2399,20
LF:777
LH:660
BRDA:33,1,0,23
BRDA:33,1,1,73
BRDA:60,2,0,1997
BRDA:60,2,1,0
BRDA:62,3,0,1923
BRDA:62,3,1,74
BRDA:64,4,0,3
BRDA:64,4,1,1994
BRDA:75,5,0,30
BRDA:75,5,1,0
BRDA:87,6,0,2
BRDA:87,6,1,0
BRDA:94,7,0,1311
BRDA:94,7,1,1163
BRDA:94,7,2,28
BRDA:103,8,0,659
BRDA:103,8,1,0
BRDA:106,9,0,0
BRDA:106,9,1,659
BRDA:107,10,0,622
BRDA:107,10,1,37
BRDA:107,11,0,659
BRDA:107,11,1,39
BRDA:114,12,0,37
BRDA:114,12,1,0
BRDA:114,13,0,37
BRDA:114,13,1,37
BRDA:114,13,2,37
BRDA:116,14,0,33
BRDA:116,14,1,4
BRDA:124,15,0,4
BRDA:124,15,1,0
BRDA:130,16,0,0
BRDA:130,16,1,0
BRDA:138,17,0,1338
BRDA:138,17,1,0
BRDA:142,18,0,0
BRDA:142,18,1,1338
BRDA:155,19,0,26
BRDA:155,19,1,1311
BRDA:161,20,0,26
BRDA:161,20,1,0
BRDA:171,21,0,723
BRDA:171,21,1,0
BRDA:174,22,0,4
BRDA:174,22,1,719
BRDA:175,23,0,0
BRDA:175,23,1,719
BRDA:179,24,0,4
BRDA:179,24,1,715
BRDA:179,25,0,719
BRDA:179,25,1,621
BRDA:181,26,0,54
BRDA:181,26,1,661
BRDA:183,27,0,0
BRDA:183,27,1,62
BRDA:183,28,0,62
BRDA:183,28,1,62
BRDA:194,29,0,434
BRDA:194,29,1,0
BRDA:197,30,0,22
BRDA:197,30,1,412
BRDA:198,31,0,0
BRDA:198,31,1,412
BRDA:200,32,0,0
BRDA:200,32,1,412
BRDA:212,33,0,181
BRDA:212,33,1,0
BRDA:216,34,0,1
BRDA:216,34,1,180
BRDA:217,35,0,0
BRDA:217,35,1,180
BRDA:219,36,0,0
BRDA:219,36,1,180
BRDA:240,37,0,1987
BRDA:240,37,1,79
BRDA:240,38,0,2066
BRDA:240,38,1,1481
BRDA:246,39,0,1402
BRDA:246,39,1,664
BRDA:256,40,0,0
BRDA:256,40,1,1997
BRDA:259,41,0,9121003
BRDA:259,41,1,0
BRDA:269,42,0,2080
BRDA:269,42,1,0
BRDA:270,43,0,0
BRDA:270,43,1,2080
BRDA:270,44,0,2080
BRDA:270,44,1,2080
BRDA:270,44,2,2080
BRDA:270,44,3,2080
BRDA:270,44,4,0
BRDA:270,44,5,0
BRDA:295,45,0,69
BRDA:295,45,1,0
BRDA:312,46,0,0
BRDA:312,46,1,69
BRDA:318,47,0,61
BRDA:318,47,1,0
BRDA:323,48,0,8
BRDA:323,48,1,61
BRDA:331,49,0,69
BRDA:331,49,1,0
BRDA:333,50,0,69
BRDA:333,50,1,0
BRDA:336,51,0,0
BRDA:336,51,1,0
BRDA:362,52,0,67
BRDA:362,52,1,1930
BRDA:368,53,0,67
BRDA:368,53,1,0
BRDA:379,54,0,1997
BRDA:379,54,1,726
BRDA:380,55,0,1997
BRDA:380,55,1,0
BRDA:386,56,0,0
BRDA:386,56,1,1997
BRDA:388,57,0,1997
BRDA:388,57,1,621
BRDA:394,58,0,0
BRDA:394,58,1,162
BRDA:439,59,0,2
BRDA:439,59,1,0
BRDA:462,60,0,0
BRDA:462,60,1,1
BRDA:468,61,0,1
BRDA:468,61,1,0
BRDA:541,62,0,4
BRDA:541,62,1,6
BRDA:544,63,0,2
BRDA:544,63,1,8
BRDA:544,64,0,10
BRDA:544,64,1,6
BRDA:651,65,0,0
BRDA:651,65,1,24
BRDA:667,66,0,2
BRDA:667,66,1,8
BRDA:684,67,0,100
BRDA:684,67,1,64
BRDA:710,68,0,22
BRDA:710,68,1,14
BRDA:732,69,0,6
BRDA:732,69,1,0
BRDA:758,70,0,0
BRDA:758,70,1,0
BRDA:776,71,0,7
BRDA:776,71,1,305
BRDA:839,72,0,10
BRDA:839,72,1,8
BRDA:860,73,0,4
BRDA:860,73,1,4
BRDA:879,74,0,6
BRDA:879,74,1,4
BRDA:900,75,0,2
BRDA:900,75,1,2
BRDA:961,76,0,12
BRDA:961,76,1,0
BRDA:1039,77,0,4
BRDA:1039,77,1,0
BRDA:1040,78,0,2
BRDA:1040,78,1,2
BRDA:1058,79,0,8
BRDA:1058,79,1,0
BRDA:1059,80,0,6
BRDA:1059,80,1,2
BRDA:1092,81,0,4
BRDA:1092,81,1,0
BRDA:1111,82,0,50
BRDA:1111,82,1,16
BRDA:1111,83,0,66
BRDA:1111,83,1,66
BRDA:1123,84,0,66
BRDA:1123,84,1,8
BRDA:1124,85,0,66
BRDA:1124,85,1,32
BRDA:1126,86,0,0
BRDA:1126,86,1,66
BRDA:1134,87,0,6
BRDA:1134,87,1,174
BRDA:1134,88,0,180
BRDA:1134,88,1,6
BRDA:1134,88,2,6
BRDA:1138,89,0,4
BRDA:1138,89,1,0
BRDA:1148,90,0,2
BRDA:1148,90,1,178
BRDA:1149,91,0,52
BRDA:1149,91,1,126
BRDA:1152,92,0,12
BRDA:1152,92,1,114
BRDA:1182,93,0,8
BRDA:1182,93,1,40
BRDA:1182,94,0,48
BRDA:1182,94,1,32
BRDA:1184,95,0,24
BRDA:1184,95,1,16
BRDA:1198,96,0,48
BRDA:1198,96,1,18
BRDA:1203,97,0,2
BRDA:1203,97,1,72
BRDA:1203,98,0,74
BRDA:1203,98,1,2
BRDA:1203,98,2,2
BRDA:1207,99,0,0
BRDA:1207,99,1,0
BRDA:1218,100,0,0
BRDA:1218,100,1,146
BRDA:1219,101,0,74
BRDA:1219,101,1,72
BRDA:1221,102,0,0
BRDA:1221,102,1,74
BRDA:1222,103,0,38
BRDA:1222,103,1,36
BRDA:1238,104,0,10
BRDA:1238,104,1,38
BRDA:1238,105,0,48
BRDA:1238,105,1,10
BRDA:1238,105,2,10
BRDA:1254,106,0,2
BRDA:1254,106,1,2
BRDA:1254,107,0,4
BRDA:1254,107,1,2
BRDA:1254,107,2,2
BRDA:1290,108,0,2
BRDA:1290,108,1,6
BRDA:1291,109,0,4
BRDA:1291,109,1,4
BRDA:1293,110,0,0
BRDA:1293,110,1,4
BRDA:1297,111,0,2
BRDA:1297,111,1,2
BRDA:1305,112,0,0
BRDA:1305,112,1,8
BRDA:1315,113,0,9
BRDA:1315,113,1,0
BRDA:1356,114,0,0
BRDA:1356,114,1,0
BRDA:1357,115,0,0
BRDA:1357,115,1,0
BRDA:1387,116,0,0
BRDA:1387,116,1,0
BRDA:1388,117,0,0
BRDA:1388,117,1,0
BRDA:1456,118,0,9
BRDA:1456,118,1,0
BRDA:1610,119,0,0
BRDA:1610,119,1,0
BRDA:1649,120,0,0
BRDA:1649,120,1,0
BRDA:1689,121,0,20
BRDA:1689,121,1,0
BRDA:1780,122,0,30
BRDA:1780,122,1,72
BRDA:1783,123,0,0
BRDA:1783,123,1,168
BRDA:1819,124,0,2
BRDA:1819,124,1,0
BRDA:1822,125,0,0
BRDA:1822,125,1,2
BRDA:1898,126,0,50
BRDA:1898,126,1,124
BRDA:1898,127,0,174
BRDA:1898,127,1,126
BRDA:1900,128,0,50
BRDA:1900,128,1,0
BRDA:1918,129,0,0
BRDA:1918,129,1,12
BRDA:2037,130,0,8
BRDA:2037,130,1,0
BRDA:2037,131,0,8
BRDA:2037,131,1,6
BRDA:2168,132,0,0
BRDA:2168,132,1,52
BRDA:2179,133,0,0
BRDA:2179,133,1,4
BRDA:2183,134,0,4
BRDA:2183,134,1,0
BRDA:2196,135,0,52
BRDA:2196,135,1,4
BRDA:2294,136,0,0
BRDA:2294,136,1,6
BRDA:2315,137,0,0
BRDA:2315,137,1,0
BRDA:2315,138,0,0
BRDA:2315,138,1,0
BRDA:2315,138,2,0
BRDA:2340,139,0,0
BRDA:2340,139,1,0
BRDA:2341,140,0,0
BRDA:2341,140,1,0
BRDA:2346,141,0,0
BRDA:2346,141,1,0
BRDA:2347,142,0,0
BRDA:2347,142,1,0
BRDA:2358,143,0,0
BRDA:2358,143,1,14
BRDA:2358,144,0,14
BRDA:2358,144,1,14
BRDA:2360,145,0,0
BRDA:2360,145,1,14
BRDA:2374,146,0,0
BRDA:2374,146,1,14
BRDA:2391,147,0,48
BRDA:2391,147,1,0
BRDA:2399,148,0,20
BRDA:2399,148,1,0
BRF:307
BRH:207
end_of_record
TN:
SF:/Users/baba/Documents/Work/wd/lib/utils.js
FN:4,(anonymous_1)
FN:13,(anonymous_2)
FN:19,(anonymous_3)
FN:21,(anonymous_4)
FN:26,(anonymous_5)
FN:44,(anonymous_6)
FN:45,(anonymous_7)
FN:56,(anonymous_8)
FN:63,(anonymous_9)
FN:67,(anonymous_10)
FNF:10
FNH:9
FNDA:2937,(anonymous_1)
FNDA:2348,(anonymous_2)
FNDA:81,(anonymous_3)
FNDA:216,(anonymous_4)
FNDA:411,(anonymous_5)
FNDA:1099,(anonymous_6)
FNDA:9891,(anonymous_7)
FNDA:23099,(anonymous_8)
FNDA:0,(anonymous_9)
FNDA:18,(anonymous_10)
DA:1,1
DA:2,1
DA:4,1
DA:5,2937
DA:7,2937
DA:8,2937
DA:13,1
DA:14,2348
DA:15,2348
DA:19,1
DA:20,81
DA:21,216
DA:22,81
DA:26,1
DA:27,411
DA:28,119
DA:32,1
DA:38,1
DA:44,1
DA:45,1099
DA:46,9891
DA:47,9891
DA:50,1099
DA:51,1059
DA:56,1
DA:57,23099
DA:60,1
DA:64,0
DA:65,0
DA:68,18
DA:69,3
DA:70,3
LF:32
LH:30
BRDA:7,1,0,2937
BRDA:7,1,1,0
BRDA:27,2,0,292
BRDA:27,2,1,119
BRDA:46,3,0,9891
BRDA:46,3,1,0
BRDA:50,4,0,1059
BRDA:50,4,1,40
BRDA:57,5,0,23099
BRDA:57,5,1,14243
BRDA:57,5,2,8912
BRDA:57,5,3,8912
BRDA:64,6,0,0
BRDA:64,6,1,0
BRDA:68,7,0,3
BRDA:68,7,1,15
BRDA:68,8,0,18
BRDA:68,8,1,18
BRF:18
BRH:14
end_of_record
TN:
SF:/Users/baba/Documents/Work/wd/lib/config.js
FN:10,_configureHttp
FN:11,(anonymous_2)
FN:25,configureHttp
FNF:3
FNH:3
FNDA:35,_configureHttp
FNDA:63,(anonymous_2)
FNDA:23,configureHttp
DA:1,1
DA:3,1
DA:10,1
DA:11,35
DA:12,63
DA:14,19
DA:15,19
DA:17,14
DA:18,14
DA:19,14
DA:21,63
DA:25,1
DA:26,23
DA:29,1
LF:14
LH:14
BRDA:12,1,0,19
BRDA:12,1,1,14
BRDA:14,2,0,1
BRDA:14,2,1,18
BRDA:17,3,0,1
BRDA:17,3,1,13
BRDA:18,4,0,1
BRDA:18,4,1,13
BRF:8
BRH:8
end_of_record
TN:
SF:/Users/baba/Documents/Work/wd/lib/asserters.js
FN:3,Asserter
FN:13,(anonymous_2)
FN:14,(anonymous_3)
FN:27,textInclude
FN:29,(anonymous_5)
FN:30,(anonymous_6)
FN:45,(anonymous_7)
FN:46,(anonymous_8)
FN:59,(anonymous_9)
FN:60,(anonymous_10)
FN:73,jsCondition
FN:77,(anonymous_12)
FN:79,(anonymous_13)
FNF:13
FNH:13
FNDA:209,Asserter
FNDA:2,(anonymous_2)
FNDA:2,(anonymous_3)
FNDA:2,textInclude
FNDA:2,(anonymous_5)
FNDA:2,(anonymous_6)
FNDA:35,(anonymous_7)
FNDA:35,(anonymous_8)
FNDA:7,(anonymous_9)
FNDA:7,(anonymous_10)
FNDA:6,jsCondition
FNDA:8,(anonymous_12)
FNDA:8,(anonymous_13)
DA:1,1
DA:3,1
DA:4,209
DA:12,1
DA:14,2
DA:15,2
DA:16,2
DA:17,2
DA:27,1
DA:28,2
DA:30,2
DA:31,2
DA:32,2
DA:33,2
DA:44,1
DA:46,35
DA:47,35
DA:48,35
DA:58,1
DA:60,7
DA:61,7
DA:62,7
DA:73,1
DA:75,6
DA:76,6
DA:78,8
DA:79,8
DA:80,8
DA:81,6
DA:87,1
LF:30
LH:30
BRDA:15,1,0,0
BRDA:15,1,1,2
BRDA:16,2,0,2
BRDA:16,2,1,2
BRDA:17,3,0,2
BRDA:17,3,1,0
BRDA:31,4,0,0
BRDA:31,4,1,2
BRDA:32,5,0,2
BRDA:32,5,1,2
BRDA:33,6,0,2
BRDA:33,6,1,0
BRDA:47,7,0,0
BRDA:47,7,1,35
BRDA:61,8,0,0
BRDA:61,8,1,7
BRDA:75,9,0,2
BRDA:75,9,1,4
BRDA:78,10,0,4
BRDA:78,10,1,4
BRDA:80,11,0,2
BRDA:80,11,1,6
BRF:22
BRH:16
end_of_record
TN:
SF:/Users/baba/Documents/Work/wd/lib/jsonwire-errors.js
FNF:0
FNH:0
DA:1,1
DA:92,1
LF:2
LH:2
BRF:0
BRH:0
end_of_record
TN:
SF:/Users/baba/Documents/Work/wd/lib/element.js
FN:8,(anonymous_1)
FN:21,(anonymous_2)
FN:25,(anonymous_3)
FN:29,(anonymous_4)
FN:38,(anonymous_5)
FN:47,(anonymous_6)
FN:51,_isLocalFile
FN:52,(anonymous_8)
FN:54,(anonymous_9)
FN:66,(anonymous_10)
FN:71,(anonymous_11)
FN:78,(anonymous_12)
FN:81,(anonymous_13)
FN:96,(anonymous_14)
FN:105,(anonymous_15)
FN:114,(anonymous_16)
FN:115,(anonymous_17)
FN:129,(anonymous_18)
FN:142,(anonymous_19)
FN:153,(anonymous_20)
FN:163,(anonymous_21)
FN:173,(anonymous_22)
FN:182,(anonymous_23)
FN:191,(anonymous_24)
FN:202,(anonymous_25)
FN:213,(anonymous_26)
FN:222,(anonymous_27)
FN:231,(anonymous_28)
FN:240,(anonymous_29)
FN:249,(anonymous_30)
FN:259,(anonymous_31)
FN:268,(anonymous_32)
FN:279,(anonymous_33)
FN:288,(anonymous_34)
FN:297,(anonymous_35)
FN:301,(anonymous_36)
FN:316,(anonymous_37)
FN:334,(anonymous_38)
FN:345,(anonymous_39)
FN:361,(anonymous_40)
FN:377,(anonymous_41)
FN:384,(anonymous_42)
FN:385,(anonymous_43)
FN:392,(anonymous_44)
FNF:44
FNH:38
FNDA:534,(anonymous_1)
FNDA:1006,(anonymous_2)
FNDA:600,(anonymous_3)
FNDA:0,(anonymous_4)
FNDA:92,(anonymous_5)
FNDA:2,(anonymous_6)
FNDA:10,_isLocalFile
FNDA:10,(anonymous_8)
FNDA:2,(anonymous_9)
FNDA:10,(anonymous_10)
FNDA:12,(anonymous_11)
FNDA:10,(anonymous_12)
FNDA:2,(anonymous_13)
FNDA:30,(anonymous_14)
FNDA:0,(anonymous_15)
FNDA:2,(anonymous_16)
FNDA:2,(anonymous_17)
FNDA:4,(anonymous_18)
FNDA:0,(anonymous_19)
FNDA:98,(anonymous_20)
FNDA:8,(anonymous_21)
FNDA:16,(anonymous_22)
FNDA:6,(anonymous_23)
FNDA:10,(anonymous_24)
FNDA:0,(anonymous_25)
FNDA:10,(anonymous_26)
FNDA:50,(anonymous_27)
FNDA:2,(anonymous_28)
FNDA:2,(anonymous_29)
FNDA:2,(anonymous_30)
FNDA:120,(anonymous_31)
FNDA:2,(anonymous_32)
FNDA:4,(anonymous_33)
FNDA:0,(anonymous_34)
FNDA:4,(anonymous_35)
FNDA:9,(anonymous_36)
FNDA:16,(anonymous_37)
FNDA:4,(anonymous_38)
FNDA:16,(anonymous_39)
FNDA:4,(anonymous_40)
FNDA:2,(anonymous_41)
FNDA:4,(anonymous_42)
FNDA:0,(anonymous_43)
FNDA:4,(anonymous_44)
DA:3,1
DA:4,1
DA:8,1
DA:9,534
DA:10,534
DA:12,534
DA:13,0
DA:16,534
DA:17,0
DA:21,1
DA:22,1006
DA:25,1
DA:26,600
DA:29,1
DA:30,0
DA:38,1
DA:39,92
DA:47,1
DA:48,2
DA:51,1
DA:52,10
DA:53,10
DA:54,2
DA:55,2
DA:57,8
DA:66,1
DA:67,10
DA:68,10
DA:71,10
DA:72,12
DA:73,4
DA:77,10
DA:78,10
DA:79,10
DA:80,10
DA:81,2
DA:82,2
DA:83,2
DA:86,8
DA:96,1
DA:97,30
DA:105,1
DA:106,0
DA:114,1
DA:115,2
DA:116,2
DA:117,2
DA:121,1
DA:129,1
DA:130,4
DA:131,4
DA:134,4
DA:142,1
DA:143,0
DA:153,1
DA:154,98
DA:163,1
DA:164,8
DA:173,1
DA:174,16
DA:182,1
DA:183,6
DA:191,1
DA:192,10
DA:195,1
DA:202,1
DA:203,0
DA:206,1
DA:213,1
DA:214,10
DA:217,1
DA:222,1
DA:223,50
DA:231,1
DA:232,2
DA:240,1
DA:241,2
DA:249,1
DA:250,2
DA:259,1
DA:260,120
DA:268,1
DA:269,2
DA:272,1
DA:279,1
DA:280,4
DA:288,1
DA:289,0
DA:297,1
DA:298,4
DA:301,1
DA:316,9
DA:317,16
DA:334,9
DA:335,4
DA:345,1
DA:346,16
DA:347,16
DA:361,1
DA:362,4
DA:363,4
DA:377,1
DA:378,2
DA:384,1
DA:385,4
DA:386,4
DA:392,1
DA:393,4
DA:396,1
LF:109
LH:102
BRDA:12,1,0,0
BRDA:12,1,1,534
BRDA:16,2,0,0
BRDA:16,2,1,534
BRDA:53,3,0,2
BRDA:53,3,1,8
BRDA:68,4,0,8
BRDA:68,4,1,2
BRDA:72,5,0,4
BRDA:72,5,1,8
BRDA:79,6,0,0
BRDA:79,6,1,10
BRDA:80,7,0,2
BRDA:80,7,1,8
BRDA:82,8,0,0
BRDA:82,8,1,2
BRDA:116,9,0,0
BRDA:116,9,1,2
BRDA:385,10,0,4
BRDA:385,10,1,0
BRDA:393,11,0,4
BRDA:393,11,1,0
BRF:22
BRH:15
end_of_record
TN:
SF:/Users/baba/Documents/Work/wd/lib/promise-webdriver.js
FN:15,filterPromisedMethods
FN:16,(anonymous_2)
FN:23,enrich
FN:33,(anonymous_4)
FN:35,(anonymous_5)
FN:53,(anonymous_6)
FN:54,(anonymous_7)
FN:66,(anonymous_8)
FN:100,(anonymous_9)
FN:117,(anonymous_10)
FN:122,(anonymous_11)
FN:123,(anonymous_12)
FN:132,(anonymous_13)
FN:137,wrap
FN:138,(anonymous_15)
FN:143,(anonymous_16)
FN:161,(anonymous_17)
FN:163,(anonymous_18)
FN:183,(anonymous_19)
FN:191,(anonymous_20)
FN:201,(anonymous_21)
FN:206,(anonymous_22)
FN:223,(anonymous_23)
FN:228,(anonymous_24)
FN:235,(anonymous_25)
FN:238,(anonymous_26)
FN:246,(anonymous_27)
FN:247,(anonymous_28)
FN:257,(anonymous_29)
FNF:29
FNH:24
FNDA:13450,filterPromisedMethods
FNDA:1664154,(anonymous_2)
FNDA:23099,enrich
FNDA:361024,(anonymous_4)
FNDA:18776,(anonymous_5)
FNDA:1159662,(anonymous_6)
FNDA:983,(anonymous_7)
FNDA:972,(anonymous_8)
FNDA:330,(anonymous_9)
FNDA:1059,(anonymous_10)
FNDA:0,(anonymous_11)
FNDA:0,(anonymous_12)
FNDA:2,(anonymous_13)
FNDA:496,wrap
FNDA:3360,(anonymous_15)
FNDA:3294,(anonymous_16)
FNDA:1411,(anonymous_17)
FNDA:23,(anonymous_18)
FNDA:524,(anonymous_19)
FNDA:59,(anonymous_20)
FNDA:340,(anonymous_21)
FNDA:104,(anonymous_22)
FNDA:8,(anonymous_23)
FNDA:2,(anonymous_24)
FNDA:951,(anonymous_25)
FNDA:152,(anonymous_26)
FNDA:0,(anonymous_27)
FNDA:0,(anonymous_28)
FNDA:0,(anonymous_29)
DA:1,1
DA:11,1
DA:15,1
DA:16,13450
DA:17,1664154
DA:23,1
DA:26,23099
DA:27,7264
DA:30,7264
DA:33,7264
DA:34,361024
DA:35,361024
DA:36,18776
DA:43,7264
DA:44,7264
DA:47,7264
DA:48,7264
DA:50,7264
DA:53,7264
DA:54,1159662
DA:55,983
DA:60,983
DA:61,983
DA:62,8
DA:63,8
DA:66,983
DA:67,972
DA:69,972
DA:72,972
DA:74,972
DA:77,972
DA:79,0
DA:82,972
DA:84,326
DA:85,0
DA:86,326
DA:87,8
DA:88,318
DA:91,0
DA:94,318
DA:98,972
DA:100,330
DA:101,330
DA:104,114
DA:106,216
DA:111,642
DA:117,7264
DA:118,1059
DA:122,7264
DA:123,0
DA:124,0
DA:125,0
DA:129,23099
DA:132,1
DA:137,1
DA:138,496
DA:139,3360
DA:140,3360
DA:141,3360
DA:142,3360
DA:143,3360
DA:144,3294
DA:150,3360
DA:151,14
DA:156,3360
DA:160,1434
DA:161,1434
DA:162,1411
DA:164,23
DA:168,3360
DA:169,3360
DA:170,3360
DA:172,3360
DA:173,3220
DA:175,140
DA:180,2
DA:183,2
DA:184,524
DA:188,2
DA:191,2
DA:192,59
DA:193,59
DA:196,2
DA:198,2
DA:201,2
DA:202,340
DA:206,2
DA:207,104
DA:215,2
DA:216,2
DA:223,2
DA:224,8
DA:225,8
DA:226,8
DA:228,2
DA:229,2
DA:230,2
DA:231,2
DA:235,2
DA:236,951
DA:238,2
DA:239,152
DA:243,2
DA:246,2
DA:247,0
DA:248,0
DA:249,0
DA:250,0
DA:252,0
DA:254,0
DA:255,0
DA:257,0
DA:258,0
DA:259,0
DA:260,0
DA:261,0
DA:263,0
DA:266,0
DA:270,2
LF:119
LH:99
BRDA:17,1,0,1664154
BRDA:17,1,1,1513580
BRDA:26,2,0,7264
BRDA:26,2,1,15835
BRDA:26,3,0,23099
BRDA:26,3,1,8904
BRDA:49,4,0,6182
BRDA:49,4,1,1082
BRDA:61,5,0,8
BRDA:61,5,1,975
BRDA:61,6,0,983
BRDA:61,6,1,983
BRDA:61,6,2,592
BRDA:61,6,3,414
BRDA:69,7,0,366
BRDA:69,7,1,606
BRDA:69,8,0,972
BRDA:69,8,1,946
BRDA:75,9,0,972
BRDA:75,9,1,366
BRDA:77,10,0,0
BRDA:77,10,1,972
BRDA:77,11,0,972
BRDA:77,11,1,4
BRDA:82,12,0,326
BRDA:82,12,1,646
BRDA:82,13,0,972
BRDA:82,13,1,968
BRDA:84,14,0,0
BRDA:84,14,1,326
BRDA:86,15,0,8
BRDA:86,15,1,318
BRDA:88,16,0,0
BRDA:88,16,1,318
BRDA:88,17,0,318
BRDA:88,17,1,318
BRDA:88,17,2,318
BRDA:98,18,0,330
BRDA:98,18,1,642
BRDA:101,19,0,114
BRDA:101,19,1,216
BRDA:150,20,0,3374
BRDA:150,20,1,2752
BRDA:156,21,0,1434
BRDA:156,21,1,1926
BRDA:172,22,0,3220
BRDA:172,22,1,140
BRDA:192,23,0,59
BRDA:192,23,1,0
BRDA:236,24,0,951
BRDA:236,24,1,0
BRDA:239,25,0,152
BRDA:239,25,1,0
BRDA:249,26,0,0
BRDA:249,26,1,0
BRDA:254,27,0,0
BRDA:254,27,1,0
BRDA:258,28,0,0
BRDA:258,28,1,0
BRDA:260,29,0,0
BRDA:260,29,1,0
BRF:61
BRH:47
end_of_record
TN:
SF:/Users/baba/Documents/Work/wd/lib/deprecated-chain.js
FN:6,(anonymous_1)
FN:15,(anonymous_2)
FN:22,(anonymous_3)
FN:29,(anonymous_4)
FN:40,(anonymous_5)
FN:55,(anonymous_6)
FN:60,(anonymous_7)
FN:77,(anonymous_8)
FN:78,(anonymous_9)
FN:85,(anonymous_10)
FN:95,(anonymous_11)
FN:100,(anonymous_12)
FN:101,(anonymous_13)
FN:107,(anonymous_14)
FN:111,(anonymous_15)
FN:116,(anonymous_16)
FN:122,(anonymous_17)
FN:123,(anonymous_18)
FNF:18
FNH:10
FNDA:12,(anonymous_1)
FNDA:0,(anonymous_2)
FNDA:40,(anonymous_3)
FNDA:32,(anonymous_4)
FNDA:8,(anonymous_5)
FNDA:0,(anonymous_6)
FNDA:0,(anonymous_7)
FNDA:2448,(anonymous_8)
FNDA:40,(anonymous_9)
FNDA:2460,(anonymous_10)
FNDA:0,(anonymous_11)
FNDA:0,(anonymous_12)
FNDA:0,(anonymous_13)
FNDA:0,(anonymous_14)
FNDA:0,(anonymous_15)
FNDA:4,(anonymous_16)
FNDA:8,(anonymous_17)
FNDA:48,(anonymous_18)
DA:1,1
DA:2,1
DA:4,1
DA:6,1
DA:7,12
DA:8,12
DA:12,12
DA:13,0
DA:14,12
DA:15,8
DA:16,0
DA:21,12
DA:22,8
DA:23,40
DA:27,32
DA:28,32
DA:29,32
DA:33,32
DA:34,28
DA:35,32
DA:40,8
DA:44,8
DA:45,8
DA:50,40
DA:54,8
DA:56,0
DA:57,0
DA:58,0
DA:60,0
DA:61,0
DA:65,0
DA:66,0
DA:68,0
DA:74,12
DA:77,12
DA:78,2448
DA:79,40
DA:80,40
DA:85,12
DA:86,2460
DA:87,2448
DA:91,12
DA:95,1
DA:96,0
DA:97,0
DA:100,1
DA:101,0
DA:102,0
DA:104,0
DA:107,1
DA:108,0
DA:111,1
DA:112,0
DA:113,0
DA:116,1
DA:117,4
DA:118,4
DA:121,1
DA:123,8
DA:124,48
LF:60
LH:42
BRDA:8,1,0,12
BRDA:8,1,1,0
BRDA:12,2,0,0
BRDA:12,2,1,12
BRDA:14,3,0,8
BRDA:14,3,1,4
BRDA:16,4,0,0
BRDA:16,4,1,0
BRDA:21,5,0,8
BRDA:21,5,1,4
BRDA:23,6,0,32
BRDA:23,6,1,8
BRDA:23,7,0,40
BRDA:23,7,1,40
BRDA:27,8,0,4
BRDA:27,8,1,28
BRDA:33,9,0,28
BRDA:33,9,1,4
BRDA:35,10,0,32
BRDA:35,10,1,0
BRDA:44,11,0,0
BRDA:44,11,1,8
BRDA:57,12,0,0
BRDA:57,12,1,0
BRDA:63,13,0,0
BRDA:63,13,1,0
BRDA:65,14,0,0
BRDA:65,14,1,0
BRDA:65,15,0,0
BRDA:65,15,1,0
BRDA:86,16,0,2448
BRDA:86,16,1,12
BRF:32
BRH:18
end_of_record
