TN:
SF:/Users/seb/Documents/Work/wd/lib/main.js
FN:15,buildConfigUrl
FN:73,(anonymous_2)
FN:105,(anonymous_3)
FN:113,(anonymous_4)
FN:120,(anonymous_5)
FNF:5
FNH:5
FNDA:44,buildConfigUrl
FNDA:58,(anonymous_2)
FNDA:35,(anonymous_3)
FNDA:4,(anonymous_4)
FNDA:19,(anonymous_5)
DA:1,1
DA:2,1
DA:3,1
DA:4,1
DA:5,1
DA:6,1
DA:7,1
DA:8,1
DA:11,1
DA:15,1
DA:17,44
DA:20,44
DA:22,3
DA:23,3
DA:27,44
DA:28,1
DA:29,1
DA:33,44
DA:34,1
DA:35,1
DA:39,44
DA:40,1
DA:41,1
DA:45,44
DA:46,5
DA:47,5
DA:51,44
DA:52,4
DA:53,4
DA:54,4
DA:57,44
DA:65,44
DA:66,44
DA:67,1
DA:69,44
DA:73,1
DA:74,58
DA:75,58
DA:76,20
DA:77,38
DA:78,14
DA:80,24
DA:89,58
DA:91,14
DA:92,14
DA:96,58
DA:105,1
DA:106,35
DA:107,35
DA:109,35
DA:113,1
DA:114,4
DA:115,4
DA:116,4
DA:120,1
DA:121,19
DA:122,19
DA:123,19
DA:126,1
DA:129,1
DA:130,1
DA:131,1
DA:135,1
DA:138,1
LF:64
LH:64
BRDA:20,1,0,3
BRDA:20,1,1,41
BRDA:20,2,0,44
BRDA:20,2,1,8
BRDA:20,2,2,4
BRDA:27,3,0,1
BRDA:27,3,1,43
BRDA:33,4,0,1
BRDA:33,4,1,43
BRDA:39,5,0,1
BRDA:39,5,1,43
BRDA:45,6,0,5
BRDA:45,6,1,39
BRDA:51,7,0,4
BRDA:51,7,1,40
BRDA:51,8,0,44
BRDA:51,8,1,4
BRDA:66,9,0,1
BRDA:66,9,1,43
BRDA:75,10,0,20
BRDA:75,10,1,38
BRDA:77,11,0,14
BRDA:77,11,1,24
BRDA:77,12,0,38
BRDA:77,12,1,17
BRDA:89,13,0,14
BRDA:89,13,1,44
BRDA:91,14,0,14
BRDA:91,14,1,0
BRDA:91,15,0,14
BRDA:91,15,1,14
BRDA:106,16,0,34
BRDA:106,16,1,1
BRDA:114,17,0,4
BRDA:114,17,1,0
BRDA:121,18,0,19
BRDA:121,18,1,0
BRF:37
BRH:34
end_of_record
TN:
SF:/Users/seb/Documents/Work/wd/lib/special-keys.js
FNF:0
FNH:0
DA:1,1
DA:61,1
LF:2
LH:2
BRF:0
BRH:0
end_of_record
TN:
SF:/Users/seb/Documents/Work/wd/lib/webdriver.js
FN:18,(anonymous_1)
FN:42,(anonymous_2)
FN:50,(anonymous_3)
FN:67,(anonymous_4)
FN:68,(anonymous_5)
FN:74,(anonymous_6)
FN:77,(anonymous_7)
FN:81,(anonymous_8)
FN:89,(anonymous_9)
FN:95,(anonymous_10)
FN:98,(anonymous_11)
FN:101,(anonymous_12)
FN:133,(anonymous_13)
FN:137,(anonymous_14)
FN:166,(anonymous_15)
FN:169,(anonymous_16)
FN:189,(anonymous_17)
FN:192,(anonymous_18)
FN:207,(anonymous_19)
FN:210,(anonymous_20)
FN:226,(anonymous_21)
FN:240,(anonymous_22)
FN:251,strip
FN:254,(anonymous_24)
FN:269,(anonymous_25)
FN:290,(anonymous_26)
FN:331,(anonymous_27)
FN:344,(anonymous_28)
FN:364,(anonymous_29)
FN:373,(anonymous_30)
FN:385,(anonymous_31)
FN:398,(anonymous_32)
FN:406,(anonymous_33)
FN:413,(anonymous_34)
FN:431,(anonymous_35)
FN:435,(anonymous_36)
FN:439,(anonymous_37)
FN:452,(anonymous_38)
FN:469,(anonymous_39)
FN:482,(anonymous_40)
FN:496,(anonymous_41)
FN:511,(anonymous_42)
FN:533,(anonymous_43)
FN:544,(anonymous_44)
FN:558,(anonymous_45)
FN:572,(anonymous_46)
FN:586,(anonymous_47)
FN:602,(anonymous_48)
FN:618,(anonymous_49)
FN:620,(anonymous_50)
FN:624,(anonymous_51)
FN:637,(anonymous_52)
FN:640,(anonymous_53)
FN:654,(anonymous_54)
FN:680,(anonymous_55)
FN:702,(anonymous_56)
FN:728,(anonymous_57)
FN:749,(anonymous_58)
FN:764,(anonymous_59)
FN:778,(anonymous_60)
FN:792,(anonymous_61)
FN:809,(anonymous_62)
FN:828,(anonymous_63)
FN:849,(anonymous_64)
FN:868,(anonymous_65)
FN:887,(anonymous_66)
FN:901,(anonymous_67)
FN:914,(anonymous_68)
FN:923,(anonymous_69)
FN:941,(anonymous_70)
FN:957,(anonymous_71)
FN:972,(anonymous_72)
FN:989,(anonymous_73)
FN:992,(anonymous_74)
FN:1008,(anonymous_75)
FN:1011,(anonymous_76)
FN:1026,(anonymous_77)
FN:1043,(anonymous_78)
FN:1045,(anonymous_79)
FN:1056,(anonymous_80)
FN:1061,(anonymous_81)
FN:1062,(anonymous_82)
FN:1085,(anonymous_83)
FN:1090,(anonymous_84)
FN:1091,(anonymous_85)
FN:1115,(anonymous_86)
FN:1126,(anonymous_87)
FN:1141,(anonymous_88)
FN:1161,(anonymous_89)
FN:1167,(anonymous_90)
FN:1192,(anonymous_91)
FN:1198,(anonymous_92)
FN:1222,(anonymous_93)
FN:1239,(anonymous_94)
FN:1256,(anonymous_95)
FN:1278,(anonymous_96)
FN:1286,(anonymous_97)
FN:1295,(anonymous_98)
FN:1310,(anonymous_99)
FN:1324,(anonymous_100)
FN:1340,(anonymous_101)
FN:1356,(anonymous_102)
FN:1374,(anonymous_103)
FN:1384,(anonymous_104)
FN:1398,(anonymous_105)
FN:1414,(anonymous_106)
FN:1423,(anonymous_107)
FN:1443,(anonymous_108)
FN:1468,(anonymous_109)
FN:1483,(anonymous_110)
FN:1499,(anonymous_111)
FN:1525,(anonymous_112)
FN:1545,(anonymous_113)
FN:1564,(anonymous_114)
FN:1583,(anonymous_115)
FN:1599,(anonymous_116)
FN:1603,(anonymous_117)
FN:1622,(anonymous_118)
FN:1638,(anonymous_119)
FN:1642,(anonymous_120)
FN:1660,(anonymous_121)
FN:1674,(anonymous_122)
FN:1688,(anonymous_123)
FN:1698,(anonymous_124)
FN:1714,(anonymous_125)
FN:1720,(anonymous_126)
FN:1736,(anonymous_127)
FN:1738,(anonymous_128)
FN:1752,(anonymous_129)
FN:1766,(anonymous_130)
FN:1781,(anonymous_131)
FN:1795,(anonymous_132)
FN:1809,(anonymous_133)
FN:1823,(anonymous_134)
FN:1837,(anonymous_135)
FN:1855,(anonymous_136)
FN:1873,(anonymous_137)
FN:1887,(anonymous_138)
FN:1901,(anonymous_139)
FN:1915,(anonymous_140)
FN:1932,(anonymous_141)
FN:1948,(anonymous_142)
FN:1963,(anonymous_143)
FN:1978,(anonymous_144)
FN:1986,(anonymous_145)
FN:1988,(anonymous_146)
FN:1997,(anonymous_147)
FN:1999,(anonymous_148)
FN:2015,(anonymous_149)
FN:2028,(anonymous_150)
FN:2042,(anonymous_151)
FN:2056,(anonymous_152)
FN:2070,(anonymous_153)
FN:2084,(anonymous_154)
FN:2093,(anonymous_155)
FN:2096,(anonymous_156)
FN:2099,(anonymous_157)
FN:2114,(anonymous_158)
FN:2122,(anonymous_159)
FN:2129,(anonymous_160)
FN:2136,(anonymous_161)
FN:2143,(anonymous_162)
FN:2165,(anonymous_163)
FN:2193,(anonymous_164)
FN:2204,(anonymous_165)
FNF:165
FNH:145
FNDA:58,(anonymous_1)
FNDA:34,(anonymous_2)
FNDA:2240,(anonymous_3)
FNDA:69,(anonymous_4)
FNDA:1518,(anonymous_5)
FNDA:70,(anonymous_6)
FNDA:209,(anonymous_7)
FNDA:24,(anonymous_8)
FNDA:1450,(anonymous_9)
FNDA:0,(anonymous_10)
FNDA:721,(anonymous_11)
FNDA:721,(anonymous_12)
FNDA:1519,(anonymous_13)
FNDA:1519,(anonymous_14)
FNDA:641,(anonymous_15)
FNDA:641,(anonymous_16)
FNDA:425,(anonymous_17)
FNDA:425,(anonymous_18)
FNDA:453,(anonymous_19)
FNDA:453,(anonymous_20)
FNDA:2274,(anonymous_21)
FNDA:2274,(anonymous_22)
FNDA:2240,strip
FNDA:14591633,(anonymous_24)
FNDA:34,(anonymous_25)
FNDA:34,(anonymous_26)
FNDA:2240,(anonymous_27)
FNDA:32,(anonymous_28)
FNDA:2240,(anonymous_29)
FNDA:259,(anonymous_30)
FNDA:1,(anonymous_31)
FNDA:2,(anonymous_32)
FNDA:20,(anonymous_33)
FNDA:8,(anonymous_34)
FNDA:1,(anonymous_35)
FNDA:1,(anonymous_36)
FNDA:2,(anonymous_37)
FNDA:4,(anonymous_38)
FNDA:6,(anonymous_39)
FNDA:6,(anonymous_40)
FNDA:14,(anonymous_41)
FNDA:10,(anonymous_42)
FNDA:8,(anonymous_43)
FNDA:6,(anonymous_44)
FNDA:10,(anonymous_45)
FNDA:0,(anonymous_46)
FNDA:0,(anonymous_47)
FNDA:32,(anonymous_48)
FNDA:1,(anonymous_49)
FNDA:40,(anonymous_50)
FNDA:40,(anonymous_51)
FNDA:29,(anonymous_52)
FNDA:29,(anonymous_53)
FNDA:117,(anonymous_54)
FNDA:49,(anonymous_55)
FNDA:8,(anonymous_56)
FNDA:16,(anonymous_57)
FNDA:365,(anonymous_58)
FNDA:2,(anonymous_59)
FNDA:0,(anonymous_60)
FNDA:0,(anonymous_61)
FNDA:6,(anonymous_62)
FNDA:4,(anonymous_63)
FNDA:6,(anonymous_64)
FNDA:4,(anonymous_65)
FNDA:2,(anonymous_66)
FNDA:2,(anonymous_67)
FNDA:0,(anonymous_68)
FNDA:10,(anonymous_69)
FNDA:10,(anonymous_70)
FNDA:6,(anonymous_71)
FNDA:409,(anonymous_72)
FNDA:4,(anonymous_73)
FNDA:4,(anonymous_74)
FNDA:148,(anonymous_75)
FNDA:148,(anonymous_76)
FNDA:449,(anonymous_77)
FNDA:174,(anonymous_78)
FNDA:174,(anonymous_79)
FNDA:36,(anonymous_80)
FNDA:134,(anonymous_81)
FNDA:134,(anonymous_82)
FNDA:32,(anonymous_83)
FNDA:140,(anonymous_84)
FNDA:140,(anonymous_85)
FNDA:2,(anonymous_86)
FNDA:9,(anonymous_87)
FNDA:395,(anonymous_88)
FNDA:36,(anonymous_89)
FNDA:36,(anonymous_90)
FNDA:36,(anonymous_91)
FNDA:36,(anonymous_92)
FNDA:36,(anonymous_93)
FNDA:32,(anonymous_94)
FNDA:28,(anonymous_95)
FNDA:47,(anonymous_96)
FNDA:9,(anonymous_97)
FNDA:8,(anonymous_98)
FNDA:164,(anonymous_99)
FNDA:14,(anonymous_100)
FNDA:14,(anonymous_101)
FNDA:0,(anonymous_102)
FNDA:142,(anonymous_103)
FNDA:79,(anonymous_104)
FNDA:62,(anonymous_105)
FNDA:2,(anonymous_106)
FNDA:0,(anonymous_107)
FNDA:0,(anonymous_108)
FNDA:0,(anonymous_109)
FNDA:0,(anonymous_110)
FNDA:20,(anonymous_111)
FNDA:4,(anonymous_112)
FNDA:4,(anonymous_113)
FNDA:4,(anonymous_114)
FNDA:4,(anonymous_115)
FNDA:66,(anonymous_116)
FNDA:104,(anonymous_117)
FNDA:0,(anonymous_118)
FNDA:48,(anonymous_119)
FNDA:88,(anonymous_120)
FNDA:6,(anonymous_121)
FNDA:26,(anonymous_122)
FNDA:0,(anonymous_123)
FNDA:78,(anonymous_124)
FNDA:78,(anonymous_125)
FNDA:10,(anonymous_126)
FNDA:12,(anonymous_127)
FNDA:12,(anonymous_128)
FNDA:0,(anonymous_129)
FNDA:0,(anonymous_130)
FNDA:2,(anonymous_131)
FNDA:1,(anonymous_132)
FNDA:4,(anonymous_133)
FNDA:12,(anonymous_134)
FNDA:12,(anonymous_135)
FNDA:8,(anonymous_136)
FNDA:6,(anonymous_137)
FNDA:2,(anonymous_138)
FNDA:0,(anonymous_139)
FNDA:0,(anonymous_140)
FNDA:6,(anonymous_141)
FNDA:6,(anonymous_142)
FNDA:2,(anonymous_143)
FNDA:2,(anonymous_144)
FNDA:54,(anonymous_145)
FNDA:54,(anonymous_146)
FNDA:144,(anonymous_147)
FNDA:144,(anonymous_148)
FNDA:198,(anonymous_149)
FNDA:0,(anonymous_150)
FNDA:4,(anonymous_151)
FNDA:4,(anonymous_152)
FNDA:4,(anonymous_153)
FNDA:6,(anonymous_154)
FNDA:0,(anonymous_155)
FNDA:42,(anonymous_156)
FNDA:6,(anonymous_157)
FNDA:6,(anonymous_158)
FNDA:13,(anonymous_159)
FNDA:13,(anonymous_160)
FNDA:5,(anonymous_161)
FNDA:0,(anonymous_162)
FNDA:8,(anonymous_163)
FNDA:8,(anonymous_164)
FNDA:8,(anonymous_165)
DA:1,1
DA:2,1
DA:3,1
DA:4,1
DA:5,1
DA:6,1
DA:7,1
DA:8,1
DA:10,1
DA:11,1
DA:12,1
DA:13,1
DA:18,1
DA:19,58
DA:20,58
DA:21,58
DA:24,58
DA:31,58
DA:32,21
DA:37,1
DA:40,1
DA:42,1
DA:44,34
DA:45,34
DA:47,34
DA:50,1
DA:51,2240
DA:53,2240
DA:55,2240
DA:56,2240
DA:57,2240
DA:58,2240
DA:59,2201
DA:60,2240
DA:61,3
DA:62,2240
DA:64,2240
DA:67,1
DA:68,69
DA:69,1518
DA:71,69
DA:74,1
DA:76,70
DA:77,70
DA:78,209
DA:81,70
DA:82,24
DA:83,24
DA:86,70
DA:89,1
DA:90,1450
DA:95,1
DA:98,1
DA:99,721
DA:100,721
DA:101,721
DA:102,721
DA:103,721
DA:105,690
DA:108,31
DA:109,31
DA:110,31
DA:112,31
DA:113,30
DA:115,1
DA:119,1
DA:120,1
DA:121,1
DA:125,0
DA:133,1
DA:134,1519
DA:136,1519
DA:137,1519
DA:138,1519
DA:139,1519
DA:141,1519
DA:142,1519
DA:144,1
DA:146,1518
DA:147,1518
DA:149,1518
DA:151,1518
DA:152,68
DA:156,68
DA:157,68
DA:158,68
DA:160,1450
DA:166,1
DA:167,641
DA:168,641
DA:169,641
DA:170,641
DA:171,623
DA:175,623
DA:176,4
DA:177,619
DA:178,24
DA:179,38
DA:180,0
DA:184,623
DA:189,1
DA:190,425
DA:191,425
DA:192,425
DA:193,425
DA:194,375
DA:196,375
DA:197,0
DA:200,375
DA:201,375
DA:207,1
DA:208,453
DA:209,453
DA:210,453
DA:212,453
DA:213,452
DA:215,452
DA:217,452
DA:218,452
DA:219,212
DA:220,212
DA:222,452
DA:226,1
DA:227,2274
DA:229,2274
DA:230,2274
DA:232,2274
DA:233,2274
DA:236,2274
DA:237,2228
DA:240,2274
DA:241,2274
DA:242,2274
DA:243,1787
DA:244,1787
DA:245,1787
DA:248,2274
DA:251,1
DA:252,2240
DA:253,2240
DA:254,2240
DA:255,14591633
DA:256,14591633
DA:259,2240
DA:269,1
DA:270,34
DA:271,34
DA:272,34
DA:273,34
DA:277,34
DA:278,34
DA:281,34
DA:283,34
DA:286,34
DA:288,34
DA:290,34
DA:291,34
DA:293,34
DA:295,34
DA:296,34
DA:297,27
DA:298,27
DA:299,27
DA:302,34
DA:304,7
DA:305,7
DA:306,7
DA:310,34
DA:311,34
DA:312,34
DA:314,0
DA:315,0
DA:316,0
DA:317,0
DA:318,0
DA:320,0
DA:321,0
DA:322,0
DA:323,0
DA:324,0
DA:331,1
DA:332,2240
DA:335,2240
DA:337,2240
DA:340,2240
DA:341,2240
DA:343,32
DA:344,32
DA:345,32
DA:346,32
DA:347,32
DA:352,2240
DA:358,2240
DA:359,2240
DA:360,2240
DA:362,2240
DA:364,2240
DA:365,2240
DA:366,2240
DA:367,2240
DA:373,1
DA:374,259
DA:375,0
DA:377,259
DA:385,1
DA:386,1
DA:398,1
DA:399,2
DA:406,1
DA:407,20
DA:408,20
DA:411,1
DA:413,1
DA:414,8
DA:415,8
DA:417,8
DA:418,8
DA:423,1
DA:431,1
DA:432,1
DA:433,1
DA:435,1
DA:436,1
DA:437,0
DA:439,1
DA:440,2
DA:442,1
DA:452,1
DA:453,4
DA:454,4
DA:469,1
DA:470,6
DA:471,6
DA:474,6
DA:482,1
DA:483,6
DA:484,6
DA:496,1
DA:497,14
DA:498,14
DA:511,1
DA:512,10
DA:515,10
DA:516,4
DA:518,10
DA:520,2
DA:522,10
DA:533,1
DA:534,8
DA:536,8
DA:544,1
DA:545,6
DA:546,6
DA:558,1
DA:559,10
DA:560,10
DA:572,1
DA:573,0
DA:574,0
DA:586,1
DA:587,0
DA:588,0
DA:602,1
DA:603,32
DA:604,32
DA:618,1
DA:620,1
DA:621,40
DA:622,40
DA:623,40
DA:624,40
DA:625,40
DA:626,40
DA:637,1
DA:638,29
DA:639,29
DA:640,29
DA:641,29
DA:642,25
DA:654,1
DA:655,117
DA:656,117
DA:659,117
DA:660,117
DA:669,1
DA:680,1
DA:681,49
DA:682,49
DA:686,49
DA:687,49
DA:702,1
DA:703,8
DA:704,8
DA:708,8
DA:709,8
DA:718,1
DA:728,1
DA:729,16
DA:730,16
DA:734,16
DA:735,16
DA:749,1
DA:750,365
DA:751,365
DA:764,1
DA:765,2
DA:766,2
DA:778,1
DA:779,0
DA:780,0
DA:792,1
DA:793,0
DA:794,0
DA:809,1
DA:810,6
DA:811,6
DA:813,6
DA:828,1
DA:829,4
DA:830,4
DA:834,4
DA:849,1
DA:850,6
DA:851,6
DA:853,6
DA:868,1
DA:869,4
DA:870,4
DA:874,4
DA:887,1
DA:888,2
DA:889,2
DA:901,1
DA:902,2
DA:903,2
DA:914,1
DA:915,0
DA:923,1
DA:924,10
DA:925,10
DA:934,1
DA:941,1
DA:942,10
DA:943,10
DA:957,1
DA:958,6
DA:959,6
DA:972,1
DA:973,409
DA:974,409
DA:989,1
DA:990,4
DA:991,4
DA:993,4
DA:994,4
DA:996,0
DA:1008,1
DA:1009,148
DA:1010,148
DA:1012,148
DA:1013,148
DA:1015,0
DA:1026,1
DA:1027,449
DA:1028,449
DA:1043,1
DA:1044,174
DA:1045,174
DA:1046,174
DA:1047,174
DA:1049,0
DA:1056,1
DA:1057,36
DA:1058,36
DA:1059,36
DA:1061,36
DA:1062,134
DA:1063,134
DA:1064,0
DA:1067,134
DA:1068,18
DA:1070,116
DA:1071,18
DA:1073,98
DA:1079,36
DA:1085,1
DA:1086,32
DA:1087,32
DA:1088,32
DA:1090,32
DA:1091,140
DA:1092,140
DA:1093,0
DA:1096,140
DA:1097,16
DA:1099,124
DA:1100,16
DA:1102,108
DA:1107,32
DA:1115,1
DA:1116,2
DA:1117,2
DA:1126,1
DA:1127,9
DA:1141,9
DA:1142,395
DA:1143,395
DA:1144,395
DA:1161,9
DA:1162,36
DA:1163,36
DA:1164,36
DA:1165,36
DA:1166,36
DA:1168,36
DA:1169,36
DA:1171,0
DA:1175,36
DA:1192,9
DA:1193,36
DA:1194,36
DA:1195,36
DA:1196,36
DA:1197,36
DA:1199,36
DA:1200,36
DA:1202,0
DA:1205,36
DA:1222,9
DA:1223,36
DA:1224,36
DA:1225,36
DA:1239,9
DA:1240,32
DA:1241,32
DA:1242,32
DA:1256,9
DA:1257,28
DA:1258,28
DA:1259,28
DA:1277,9
DA:1278,9
DA:1279,47
DA:1280,47
DA:1281,47
DA:1286,1
DA:1287,9
DA:1295,1
DA:1296,8
DA:1297,8
DA:1310,1
DA:1311,164
DA:1312,164
DA:1324,1
DA:1325,14
DA:1326,14
DA:1333,1
DA:1340,1
DA:1341,14
DA:1342,14
DA:1349,1
DA:1356,1
DA:1357,0
DA:1358,0
DA:1374,1
DA:1375,142
DA:1376,142
DA:1384,1
DA:1385,79
DA:1386,79
DA:1398,1
DA:1399,62
DA:1400,62
DA:1407,1
DA:1414,1
DA:1415,2
DA:1416,2
DA:1423,1
DA:1424,0
DA:1425,0
DA:1430,0
DA:1431,0
DA:1432,0
DA:1435,0
DA:1443,1
DA:1444,0
DA:1445,0
DA:1451,0
DA:1468,1
DA:1469,0
DA:1470,0
DA:1471,0
DA:1473,0
DA:1483,1
DA:1484,0
DA:1499,1
DA:1500,20
DA:1501,20
DA:1506,20
DA:1525,1
DA:1526,4
DA:1527,4
DA:1529,4
DA:1545,1
DA:1546,4
DA:1547,4
DA:1549,4
DA:1564,1
DA:1566,4
DA:1567,4
DA:1570,4
DA:1583,1
DA:1584,4
DA:1585,4
DA:1599,1
DA:1600,66
DA:1601,66
DA:1603,66
DA:1604,104
DA:1605,0
DA:1608,66
DA:1622,1
DA:1623,0
DA:1624,0
DA:1638,1
DA:1639,48
DA:1640,48
DA:1642,48
DA:1643,88
DA:1644,0
DA:1647,48
DA:1660,1
DA:1661,6
DA:1662,6
DA:1674,1
DA:1675,26
DA:1676,26
DA:1688,1
DA:1689,0
DA:1690,0
DA:1698,1
DA:1699,78
DA:1700,78
DA:1714,1
DA:1715,78
DA:1716,78
DA:1717,78
DA:1718,78
DA:1719,78
DA:1720,10
DA:1721,10
DA:1724,68
DA:1736,1
DA:1737,12
DA:1738,12
DA:1739,12
DA:1740,0
DA:1742,12
DA:1752,1
DA:1753,0
DA:1754,0
DA:1766,1
DA:1767,0
DA:1768,0
DA:1781,1
DA:1782,2
DA:1783,2
DA:1795,1
DA:1796,1
DA:1797,1
DA:1809,1
DA:1810,4
DA:1811,4
DA:1823,1
DA:1824,12
DA:1825,12
DA:1837,1
DA:1838,12
DA:1839,12
DA:1855,1
DA:1856,8
DA:1858,8
DA:1860,8
DA:1873,1
DA:1874,6
DA:1875,6
DA:1887,1
DA:1888,2
DA:1889,2
DA:1901,1
DA:1902,0
DA:1903,0
DA:1915,1
DA:1916,0
DA:1917,0
DA:1932,1
DA:1933,6
DA:1934,6
DA:1938,6
DA:1948,1
DA:1949,6
DA:1950,6
DA:1953,6
DA:1963,1
DA:1964,2
DA:1965,2
DA:1968,2
DA:1978,1
DA:1979,2
DA:1980,2
DA:1982,2
DA:1986,1
DA:1987,54
DA:1988,54
DA:1989,54
DA:1990,0
DA:1993,54
DA:1997,1
DA:1998,144
DA:1999,144
DA:2000,144
DA:2001,0
DA:2004,144
DA:2005,48
DA:2007,96
DA:2015,1
DA:2016,198
DA:2017,198
DA:2018,54
DA:2020,144
DA:2028,1
DA:2029,0
DA:2030,0
DA:2042,1
DA:2043,4
DA:2044,4
DA:2056,1
DA:2057,4
DA:2058,4
DA:2070,1
DA:2071,4
DA:2072,4
DA:2084,1
DA:2085,6
DA:2086,6
DA:2087,6
DA:2089,6
DA:2090,6
DA:2092,6
DA:2094,0
DA:2097,42
DA:2100,6
DA:2108,6
DA:2114,6
DA:2115,6
DA:2116,0
DA:2122,1
DA:2123,13
DA:2124,13
DA:2127,13
DA:2129,13
DA:2130,13
DA:2131,11
DA:2133,6
DA:2136,5
DA:2137,5
DA:2143,0
DA:2144,0
DA:2145,0
DA:2146,0
DA:2149,0
DA:2165,1
DA:2166,8
DA:2169,8
DA:2170,8
DA:2176,8
DA:2177,8
DA:2181,1
DA:2193,1
DA:2194,8
DA:2196,8
DA:2197,8
DA:2203,8
DA:2205,8
DA:2206,6
DA:2207,6
LF:686
LH:613
BRDA:31,1,0,21
BRDA:31,1,1,37
BRDA:56,2,0,2240
BRDA:56,2,1,0
BRDA:58,3,0,2201
BRDA:58,3,1,39
BRDA:60,4,0,3
BRDA:60,4,1,2237
BRDA:71,5,0,69
BRDA:71,5,1,0
BRDA:83,6,0,24
BRDA:83,6,1,0
BRDA:90,7,0,1450
BRDA:90,7,1,1306
BRDA:90,7,2,24
BRDA:99,8,0,721
BRDA:99,8,1,0
BRDA:102,9,0,0
BRDA:102,9,1,721
BRDA:103,10,0,690
BRDA:103,10,1,31
BRDA:103,11,0,721
BRDA:103,11,1,33
BRDA:110,12,0,31
BRDA:110,12,1,0
BRDA:110,13,0,31
BRDA:110,13,1,31
BRDA:110,13,2,31
BRDA:112,14,0,30
BRDA:112,14,1,1
BRDA:120,15,0,1
BRDA:120,15,1,0
BRDA:126,16,0,0
BRDA:126,16,1,0
BRDA:134,17,0,1519
BRDA:134,17,1,0
BRDA:138,18,0,0
BRDA:138,18,1,1519
BRDA:151,19,0,68
BRDA:151,19,1,1450
BRDA:157,20,0,68
BRDA:157,20,1,0
BRDA:167,21,0,641
BRDA:167,21,1,0
BRDA:170,22,0,18
BRDA:170,22,1,623
BRDA:171,23,0,0
BRDA:171,23,1,623
BRDA:175,24,0,4
BRDA:175,24,1,619
BRDA:175,25,0,623
BRDA:175,25,1,530
BRDA:177,26,0,24
BRDA:177,26,1,595
BRDA:179,27,0,0
BRDA:179,27,1,38
BRDA:179,28,0,38
BRDA:179,28,1,38
BRDA:190,29,0,425
BRDA:190,29,1,0
BRDA:193,30,0,50
BRDA:193,30,1,375
BRDA:194,31,0,0
BRDA:194,31,1,375
BRDA:196,32,0,0
BRDA:196,32,1,375
BRDA:208,33,0,453
BRDA:208,33,1,0
BRDA:212,34,0,1
BRDA:212,34,1,452
BRDA:213,35,0,0
BRDA:213,35,1,452
BRDA:215,36,0,0
BRDA:215,36,1,452
BRDA:236,37,0,2228
BRDA:236,37,1,46
BRDA:236,38,0,2274
BRDA:236,38,1,1833
BRDA:242,39,0,1787
BRDA:242,39,1,487
BRDA:252,40,0,0
BRDA:252,40,1,2240
BRDA:255,41,0,14591633
BRDA:255,41,1,0
BRDA:274,42,0,34
BRDA:274,42,1,2
BRDA:291,43,0,0
BRDA:291,43,1,34
BRDA:297,44,0,27
BRDA:297,44,1,0
BRDA:302,45,0,7
BRDA:302,45,1,27
BRDA:310,46,0,34
BRDA:310,46,1,0
BRDA:312,47,0,34
BRDA:312,47,1,0
BRDA:315,48,0,0
BRDA:315,48,1,0
BRDA:341,49,0,32
BRDA:341,49,1,2208
BRDA:347,50,0,32
BRDA:347,50,1,0
BRDA:358,51,0,2240
BRDA:358,51,1,589
BRDA:359,52,0,2240
BRDA:359,52,1,0
BRDA:365,53,0,0
BRDA:365,53,1,2240
BRDA:367,54,0,2240
BRDA:367,54,1,689
BRDA:374,55,0,0
BRDA:374,55,1,259
BRDA:407,56,0,12
BRDA:407,56,1,8
BRDA:414,57,0,8
BRDA:414,57,1,0
BRDA:436,58,0,0
BRDA:436,58,1,1
BRDA:442,59,0,1
BRDA:442,59,1,0
BRDA:515,60,0,4
BRDA:515,60,1,6
BRDA:518,61,0,2
BRDA:518,61,1,8
BRDA:518,62,0,10
BRDA:518,62,1,6
BRDA:625,63,0,0
BRDA:625,63,1,40
BRDA:641,64,0,4
BRDA:641,64,1,25
BRDA:658,65,0,117
BRDA:658,65,1,63
BRDA:684,66,0,49
BRDA:684,66,1,37
BRDA:706,67,0,8
BRDA:706,67,1,2
BRDA:732,68,0,16
BRDA:732,68,1,4
BRDA:812,69,0,6
BRDA:812,69,1,2
BRDA:833,70,0,4
BRDA:833,70,1,2
BRDA:852,71,0,6
BRDA:852,71,1,2
BRDA:873,72,0,4
BRDA:873,72,1,2
BRDA:993,73,0,4
BRDA:993,73,1,0
BRDA:994,74,0,2
BRDA:994,74,1,2
BRDA:1012,75,0,148
BRDA:1012,75,1,0
BRDA:1013,76,0,50
BRDA:1013,76,1,98
BRDA:1046,77,0,174
BRDA:1046,77,1,0
BRDA:1063,78,0,0
BRDA:1063,78,1,134
BRDA:1067,79,0,18
BRDA:1067,79,1,116
BRDA:1070,80,0,18
BRDA:1070,80,1,98
BRDA:1092,81,0,0
BRDA:1092,81,1,140
BRDA:1096,82,0,16
BRDA:1096,82,1,124
BRDA:1099,83,0,16
BRDA:1099,83,1,108
BRDA:1127,84,0,9
BRDA:1127,84,1,0
BRDA:1168,85,0,36
BRDA:1168,85,1,0
BRDA:1169,86,0,18
BRDA:1169,86,1,18
BRDA:1199,87,0,36
BRDA:1199,87,1,0
BRDA:1200,88,0,18
BRDA:1200,88,1,18
BRDA:1277,89,0,9
BRDA:1277,89,1,0
BRDA:1431,90,0,0
BRDA:1431,90,1,0
BRDA:1470,91,0,0
BRDA:1470,91,1,0
BRDA:1510,92,0,20
BRDA:1510,92,1,0
BRDA:1601,93,0,24
BRDA:1601,93,1,42
BRDA:1604,94,0,0
BRDA:1604,94,1,104
BRDA:1640,95,0,18
BRDA:1640,95,1,30
BRDA:1643,96,0,0
BRDA:1643,96,1,88
BRDA:1719,97,0,10
BRDA:1719,97,1,68
BRDA:1719,98,0,78
BRDA:1719,98,1,70
BRDA:1721,99,0,10
BRDA:1721,99,1,0
BRDA:1739,100,0,0
BRDA:1739,100,1,12
BRDA:1858,101,0,8
BRDA:1858,101,1,0
BRDA:1858,102,0,8
BRDA:1858,102,1,6
BRDA:1989,103,0,0
BRDA:1989,103,1,54
BRDA:2000,104,0,0
BRDA:2000,104,1,144
BRDA:2004,105,0,48
BRDA:2004,105,1,96
BRDA:2017,106,0,54
BRDA:2017,106,1,144
BRDA:2115,107,0,0
BRDA:2115,107,1,6
BRDA:2127,108,0,13
BRDA:2127,108,1,0
BRDA:2130,109,0,2
BRDA:2130,109,1,11
BRDA:2131,110,0,6
BRDA:2131,110,1,5
BRDA:2144,111,0,0
BRDA:2144,111,1,0
BRDA:2145,112,0,0
BRDA:2145,112,1,0
BRDA:2172,113,0,8
BRDA:2172,113,1,4
BRDA:2173,114,0,8
BRDA:2173,114,1,6
BRDA:2199,115,0,8
BRDA:2199,115,1,4
BRDA:2200,116,0,8
BRDA:2200,116,1,6
BRDA:2205,117,0,2
BRDA:2205,117,1,6
BRDA:2206,118,0,0
BRDA:2206,118,1,6
BRF:238
BRH:173
end_of_record
TN:
SF:/Users/seb/Documents/Work/wd/lib/utils.js
FN:3,(anonymous_1)
FN:12,(anonymous_2)
FN:18,(anonymous_3)
FN:20,(anonymous_4)
FN:25,(anonymous_5)
FNF:5
FNH:5
FNDA:3358,(anonymous_1)
FNDA:2890,(anonymous_2)
FNDA:81,(anonymous_3)
FNDA:216,(anonymous_4)
FNDA:630,(anonymous_5)
DA:1,1
DA:3,1
DA:4,3358
DA:6,3358
DA:7,3358
DA:12,1
DA:13,2890
DA:14,2890
DA:18,1
DA:19,81
DA:20,216
DA:21,81
DA:25,1
DA:26,630
DA:27,331
DA:31,1
LF:16
LH:16
BRDA:6,1,0,3358
BRDA:6,1,1,0
BRDA:26,2,0,299
BRDA:26,2,1,331
BRF:4
BRH:3
end_of_record
TN:
SF:/Users/seb/Documents/Work/wd/lib/jsonwire-errors.js
FNF:0
FNH:0
DA:1,1
DA:92,1
LF:2
LH:2
BRF:0
BRH:0
end_of_record
TN:
SF:/Users/seb/Documents/Work/wd/lib/element.js
FN:8,(anonymous_1)
FN:21,(anonymous_2)
FN:25,(anonymous_3)
FN:29,(anonymous_4)
FN:38,(anonymous_5)
FN:47,(anonymous_6)
FN:51,_isLocalFile
FN:52,(anonymous_8)
FN:54,(anonymous_9)
FN:66,(anonymous_10)
FN:71,(anonymous_11)
FN:78,(anonymous_12)
FN:81,(anonymous_13)
FN:96,(anonymous_14)
FN:105,(anonymous_15)
FN:114,(anonymous_16)
FN:115,(anonymous_17)
FN:129,(anonymous_18)
FN:142,(anonymous_19)
FN:153,(anonymous_20)
FN:163,(anonymous_21)
FN:173,(anonymous_22)
FN:182,(anonymous_23)
FN:191,(anonymous_24)
FN:202,(anonymous_25)
FN:213,(anonymous_26)
FN:222,(anonymous_27)
FN:231,(anonymous_28)
FN:240,(anonymous_29)
FN:249,(anonymous_30)
FN:259,(anonymous_31)
FN:268,(anonymous_32)
FN:279,(anonymous_33)
FN:288,(anonymous_34)
FN:297,(anonymous_35)
FN:301,(anonymous_36)
FN:316,(anonymous_37)
FN:334,(anonymous_38)
FN:345,(anonymous_39)
FN:361,(anonymous_40)
FN:377,(anonymous_41)
FNF:41
FNH:36
FNDA:591,(anonymous_1)
FNDA:960,(anonymous_2)
FNDA:527,(anonymous_3)
FNDA:0,(anonymous_4)
FNDA:50,(anonymous_5)
FNDA:42,(anonymous_6)
FNDA:10,_isLocalFile
FNDA:10,(anonymous_8)
FNDA:2,(anonymous_9)
FNDA:10,(anonymous_10)
FNDA:12,(anonymous_11)
FNDA:10,(anonymous_12)
FNDA:2,(anonymous_13)
FNDA:67,(anonymous_14)
FNDA:0,(anonymous_15)
FNDA:2,(anonymous_16)
FNDA:2,(anonymous_17)
FNDA:4,(anonymous_18)
FNDA:0,(anonymous_19)
FNDA:48,(anonymous_20)
FNDA:8,(anonymous_21)
FNDA:16,(anonymous_22)
FNDA:6,(anonymous_23)
FNDA:10,(anonymous_24)
FNDA:0,(anonymous_25)
FNDA:10,(anonymous_26)
FNDA:52,(anonymous_27)
FNDA:2,(anonymous_28)
FNDA:2,(anonymous_29)
FNDA:2,(anonymous_30)
FNDA:118,(anonymous_31)
FNDA:2,(anonymous_32)
FNDA:4,(anonymous_33)
FNDA:0,(anonymous_34)
FNDA:4,(anonymous_35)
FNDA:9,(anonymous_36)
FNDA:16,(anonymous_37)
FNDA:4,(anonymous_38)
FNDA:16,(anonymous_39)
FNDA:4,(anonymous_40)
FNDA:2,(anonymous_41)
DA:3,1
DA:4,1
DA:8,1
DA:9,591
DA:10,591
DA:12,591
DA:13,0
DA:16,591
DA:17,0
DA:21,1
DA:22,960
DA:25,1
DA:26,527
DA:29,1
DA:30,0
DA:38,1
DA:39,50
DA:47,1
DA:48,42
DA:51,1
DA:52,10
DA:53,10
DA:54,2
DA:55,2
DA:57,8
DA:66,1
DA:67,10
DA:68,10
DA:71,10
DA:72,12
DA:73,4
DA:77,10
DA:78,10
DA:79,10
DA:80,10
DA:81,2
DA:82,2
DA:83,2
DA:86,8
DA:96,1
DA:97,67
DA:105,1
DA:106,0
DA:114,1
DA:115,2
DA:116,2
DA:117,2
DA:121,1
DA:129,1
DA:130,4
DA:131,4
DA:134,4
DA:142,1
DA:143,0
DA:153,1
DA:154,48
DA:163,1
DA:164,8
DA:173,1
DA:174,16
DA:182,1
DA:183,6
DA:191,1
DA:192,10
DA:195,1
DA:202,1
DA:203,0
DA:206,1
DA:213,1
DA:214,10
DA:217,1
DA:222,1
DA:223,52
DA:231,1
DA:232,2
DA:240,1
DA:241,2
DA:249,1
DA:250,2
DA:259,1
DA:260,118
DA:268,1
DA:269,2
DA:272,1
DA:279,1
DA:280,4
DA:288,1
DA:289,0
DA:297,1
DA:298,4
DA:301,1
DA:316,9
DA:317,16
DA:334,9
DA:335,4
DA:345,1
DA:346,16
DA:347,16
DA:361,1
DA:362,4
DA:363,4
DA:377,1
DA:378,2
DA:381,1
LF:104
LH:97
BRDA:12,1,0,0
BRDA:12,1,1,591
BRDA:16,2,0,0
BRDA:16,2,1,591
BRDA:53,3,0,2
BRDA:53,3,1,8
BRDA:68,4,0,8
BRDA:68,4,1,2
BRDA:72,5,0,4
BRDA:72,5,1,8
BRDA:79,6,0,0
BRDA:79,6,1,10
BRDA:80,7,0,2
BRDA:80,7,1,8
BRDA:82,8,0,0
BRDA:82,8,1,2
BRDA:116,9,0,0
BRDA:116,9,1,2
BRF:18
BRH:13
end_of_record
TN:
SF:/Users/seb/Documents/Work/wd/lib/promise-webdriver.js
FN:1,(anonymous_1)
FN:17,filterPromisedMethods
FN:18,(anonymous_3)
FN:31,enrich
FN:41,(anonymous_5)
FN:43,(anonymous_6)
FN:51,(anonymous_7)
FN:52,(anonymous_8)
FN:64,(anonymous_9)
FN:98,(anonymous_10)
FN:121,wrap
FN:122,(anonymous_12)
FN:127,(anonymous_13)
FN:149,(anonymous_14)
FN:151,(anonymous_15)
FN:169,(anonymous_16)
FN:177,(anonymous_17)
FN:187,(anonymous_18)
FN:192,(anonymous_19)
FN:197,(anonymous_20)
FN:201,(anonymous_21)
FN:209,(anonymous_22)
FN:210,(anonymous_23)
FN:220,(anonymous_24)
FNF:24
FNH:19
FNDA:23,(anonymous_1)
FNDA:46,filterPromisedMethods
FNDA:5474,(anonymous_3)
FNDA:30965,enrich
FNDA:412100,(anonymous_5)
FNDA:26882,(anonymous_6)
FNDA:1376414,(anonymous_7)
FNDA:1798,(anonymous_8)
FNDA:1783,(anonymous_9)
FNDA:333,(anonymous_10)
FNDA:4853,wrap
FNDA:4151,(anonymous_12)
FNDA:3962,(anonymous_13)
FNDA:2109,(anonymous_14)
FNDA:85,(anonymous_15)
FNDA:583,(anonymous_16)
FNDA:23,(anonymous_17)
FNDA:3703,(anonymous_18)
FNDA:1150,(anonymous_19)
FNDA:0,(anonymous_20)
FNDA:0,(anonymous_21)
FNDA:0,(anonymous_22)
FNDA:0,(anonymous_23)
FNDA:0,(anonymous_24)
DA:1,1
DA:2,23
DA:8,23
DA:13,23
DA:17,1
DA:18,46
DA:19,5474
DA:25,23
DA:26,23
DA:27,23
DA:28,23
DA:31,1
DA:34,30965
DA:35,8242
DA:38,8242
DA:41,8242
DA:42,412100
DA:43,412100
DA:44,26882
DA:51,8242
DA:52,1376414
DA:53,1798
DA:58,1798
DA:59,1798
DA:60,8
DA:61,8
DA:64,1798
DA:65,1783
DA:67,1783
DA:70,1783
DA:72,1783
DA:75,1783
DA:77,0
DA:80,1783
DA:82,349
DA:83,0
DA:84,349
DA:85,8
DA:86,341
DA:89,20
DA:92,321
DA:96,1783
DA:98,333
DA:99,333
DA:102,149
DA:104,184
DA:109,1450
DA:115,30965
DA:121,1
DA:122,4853
DA:123,4151
DA:124,4151
DA:125,4151
DA:126,4151
DA:127,4151
DA:128,3962
DA:134,4151
DA:135,0
DA:140,4151
DA:148,2194
DA:149,2194
DA:150,2109
DA:152,85
DA:156,4151
DA:157,4151
DA:158,4151
DA:160,4151
DA:161,4083
DA:163,68
DA:169,23
DA:170,583
DA:174,23
DA:177,23
DA:178,23
DA:179,23
DA:182,23
DA:184,23
DA:187,23
DA:188,3703
DA:192,23
DA:193,1150
DA:197,23
DA:198,0
DA:199,0
DA:200,0
DA:201,0
DA:202,0
DA:203,0
DA:205,0
DA:209,23
DA:210,0
DA:211,0
DA:212,0
DA:213,0
DA:215,0
DA:217,0
DA:218,0
DA:220,0
DA:221,0
DA:222,0
DA:223,0
DA:224,0
DA:226,0
DA:229,0
DA:233,23
LF:105
LH:81
BRDA:19,1,0,5474
BRDA:19,1,1,5037
BRDA:34,2,0,8242
BRDA:34,2,1,22723
BRDA:34,3,0,30965
BRDA:34,3,1,8242
BRDA:59,4,0,8
BRDA:59,4,1,1790
BRDA:59,5,0,1798
BRDA:59,5,1,1798
BRDA:59,5,2,1409
BRDA:59,5,3,1227
BRDA:67,6,0,426
BRDA:67,6,1,1357
BRDA:73,7,0,1783
BRDA:73,7,1,426
BRDA:75,8,0,0
BRDA:75,8,1,1783
BRDA:75,9,0,1783
BRDA:75,9,1,4
BRDA:80,10,0,349
BRDA:80,10,1,1434
BRDA:80,11,0,1783
BRDA:80,11,1,1779
BRDA:82,12,0,0
BRDA:82,12,1,349
BRDA:84,13,0,8
BRDA:84,13,1,341
BRDA:86,14,0,20
BRDA:86,14,1,321
BRDA:86,15,0,341
BRDA:86,15,1,321
BRDA:96,16,0,333
BRDA:96,16,1,1450
BRDA:99,17,0,149
BRDA:99,17,1,184
BRDA:134,18,0,4151
BRDA:134,18,1,3716
BRDA:140,19,0,2194
BRDA:140,19,1,1957
BRDA:140,20,0,4151
BRDA:140,20,1,2194
BRDA:160,21,0,4083
BRDA:160,21,1,68
BRDA:178,22,0,23
BRDA:178,22,1,0
BRDA:212,23,0,0
BRDA:212,23,1,0
BRDA:217,24,0,0
BRDA:217,24,1,0
BRDA:221,25,0,0
BRDA:221,25,1,0
BRDA:223,26,0,0
BRDA:223,26,1,0
BRF:54
BRH:43
end_of_record
TN:
SF:/Users/seb/Documents/Work/wd/lib/deprecated-chain.js
FN:6,(anonymous_1)
FN:15,(anonymous_2)
FN:22,(anonymous_3)
FN:29,(anonymous_4)
FN:40,(anonymous_5)
FN:55,(anonymous_6)
FN:60,(anonymous_7)
FN:77,(anonymous_8)
FN:78,(anonymous_9)
FN:85,(anonymous_10)
FN:95,(anonymous_11)
FN:100,(anonymous_12)
FN:101,(anonymous_13)
FN:107,(anonymous_14)
FN:111,(anonymous_15)
FN:116,(anonymous_16)
FN:122,(anonymous_17)
FN:123,(anonymous_18)
FNF:18
FNH:10
FNDA:12,(anonymous_1)
FNDA:0,(anonymous_2)
FNDA:40,(anonymous_3)
FNDA:32,(anonymous_4)
FNDA:8,(anonymous_5)
FNDA:0,(anonymous_6)
FNDA:0,(anonymous_7)
FNDA:2292,(anonymous_8)
FNDA:40,(anonymous_9)
FNDA:2304,(anonymous_10)
FNDA:0,(anonymous_11)
FNDA:0,(anonymous_12)
FNDA:0,(anonymous_13)
FNDA:0,(anonymous_14)
FNDA:0,(anonymous_15)
FNDA:4,(anonymous_16)
FNDA:8,(anonymous_17)
FNDA:48,(anonymous_18)
DA:1,1
DA:2,1
DA:4,1
DA:6,1
DA:7,12
DA:8,12
DA:12,12
DA:13,0
DA:14,12
DA:15,8
DA:16,0
DA:21,12
DA:22,8
DA:23,40
DA:27,32
DA:28,32
DA:29,32
DA:33,32
DA:34,28
DA:35,32
DA:40,8
DA:44,8
DA:45,8
DA:50,40
DA:54,8
DA:56,0
DA:57,0
DA:58,0
DA:60,0
DA:61,0
DA:65,0
DA:66,0
DA:68,0
DA:74,12
DA:77,12
DA:78,2292
DA:79,40
DA:80,40
DA:85,12
DA:86,2304
DA:87,2292
DA:91,12
DA:95,1
DA:96,0
DA:97,0
DA:100,1
DA:101,0
DA:102,0
DA:104,0
DA:107,1
DA:108,0
DA:111,1
DA:112,0
DA:113,0
DA:116,1
DA:117,4
DA:118,4
DA:121,1
DA:123,8
DA:124,48
LF:60
LH:42
BRDA:8,1,0,12
BRDA:8,1,1,0
BRDA:12,2,0,0
BRDA:12,2,1,12
BRDA:14,3,0,8
BRDA:14,3,1,4
BRDA:16,4,0,0
BRDA:16,4,1,0
BRDA:21,5,0,8
BRDA:21,5,1,4
BRDA:23,6,0,32
BRDA:23,6,1,8
BRDA:23,7,0,40
BRDA:23,7,1,40
BRDA:27,8,0,4
BRDA:27,8,1,28
BRDA:33,9,0,28
BRDA:33,9,1,4
BRDA:35,10,0,32
BRDA:35,10,1,0
BRDA:44,11,0,0
BRDA:44,11,1,8
BRDA:57,12,0,0
BRDA:57,12,1,0
BRDA:63,13,0,0
BRDA:63,13,1,0
BRDA:65,14,0,0
BRDA:65,14,1,0
BRDA:65,15,0,0
BRDA:65,15,1,0
BRDA:86,16,0,2292
BRDA:86,16,1,12
BRF:32
BRH:18
end_of_record
